2022-08-16 12:32:20,277 - DGCNN_ModelNet10_1024pts - INFO - args.cfg_file : .\configs\models_cls\models_ModelNet\DGCNN_ModelNet10_1024pts.yaml
2022-08-16 12:32:20,278 - DGCNN_ModelNet10_1024pts - INFO - args.launcher : none
2022-08-16 12:32:20,279 - DGCNN_ModelNet10_1024pts - INFO - args.local_rank : 0
2022-08-16 12:32:20,280 - DGCNN_ModelNet10_1024pts - INFO - args.num_workers : 4
2022-08-16 12:32:20,280 - DGCNN_ModelNet10_1024pts - INFO - args.seed : 0
2022-08-16 12:32:20,281 - DGCNN_ModelNet10_1024pts - INFO - args.deterministic : False
2022-08-16 12:32:20,282 - DGCNN_ModelNet10_1024pts - INFO - args.sync_bn : False
2022-08-16 12:32:20,282 - DGCNN_ModelNet10_1024pts - INFO - args.exp_name : train
2022-08-16 12:32:20,283 - DGCNN_ModelNet10_1024pts - INFO - args.start_ckpts : None
2022-08-16 12:32:20,283 - DGCNN_ModelNet10_1024pts - INFO - args.ckpts : None
2022-08-16 12:32:20,284 - DGCNN_ModelNet10_1024pts - INFO - args.val_freq : 1
2022-08-16 12:32:20,285 - DGCNN_ModelNet10_1024pts - INFO - args.resume : False
2022-08-16 12:32:20,285 - DGCNN_ModelNet10_1024pts - INFO - args.test : False
2022-08-16 12:32:20,286 - DGCNN_ModelNet10_1024pts - INFO - args.finetune_model : False
2022-08-16 12:32:20,287 - DGCNN_ModelNet10_1024pts - INFO - args.scratch_model : False
2022-08-16 12:32:20,288 - DGCNN_ModelNet10_1024pts - INFO - args.label_smoothing : False
2022-08-16 12:32:20,289 - DGCNN_ModelNet10_1024pts - INFO - args.mode : None
2022-08-16 12:32:20,290 - DGCNN_ModelNet10_1024pts - INFO - args.way : -1
2022-08-16 12:32:20,290 - DGCNN_ModelNet10_1024pts - INFO - args.shot : -1
2022-08-16 12:32:20,291 - DGCNN_ModelNet10_1024pts - INFO - args.fold : -1
2022-08-16 12:32:20,292 - DGCNN_ModelNet10_1024pts - INFO - args.experiment_path : ./experiments/DGCNN/ModelNet10/1024pts/train
2022-08-16 12:32:20,293 - DGCNN_ModelNet10_1024pts - INFO - args.tfboard_path : ./experiments/DGCNN/ModelNet10/1024pts/TFBoard/train
2022-08-16 12:32:20,295 - DGCNN_ModelNet10_1024pts - INFO - args.log_name : DGCNN_ModelNet10_1024pts
2022-08-16 12:32:20,296 - DGCNN_ModelNet10_1024pts - INFO - args.use_gpu : False
2022-08-16 12:32:20,297 - DGCNN_ModelNet10_1024pts - INFO - args.distributed : False
2022-08-16 12:32:20,298 - DGCNN_ModelNet10_1024pts - INFO - cfgs.optimizer = EasyDict()
2022-08-16 12:32:20,301 - DGCNN_ModelNet10_1024pts - INFO - cfgs.optimizer.type : AdamW
2022-08-16 12:32:20,302 - DGCNN_ModelNet10_1024pts - INFO - cfgs.optimizer.kwargs = EasyDict()
2022-08-16 12:32:20,304 - DGCNN_ModelNet10_1024pts - INFO - cfgs.optimizer.kwargs.lr : 0.001
2022-08-16 12:32:20,304 - DGCNN_ModelNet10_1024pts - INFO - cfgs.optimizer.kwargs.weight_decay : 0.0001
2022-08-16 12:32:20,305 - DGCNN_ModelNet10_1024pts - INFO - cfgs.scheduler = EasyDict()
2022-08-16 12:32:20,306 - DGCNN_ModelNet10_1024pts - INFO - cfgs.scheduler.type : CosineAnnealingLR
2022-08-16 12:32:20,307 - DGCNN_ModelNet10_1024pts - INFO - cfgs.scheduler.kwargs = EasyDict()
2022-08-16 12:32:20,307 - DGCNN_ModelNet10_1024pts - INFO - cfgs.scheduler.kwargs.epochs : 200
2022-08-16 12:32:20,308 - DGCNN_ModelNet10_1024pts - INFO - cfgs.scheduler.kwargs.eta_min : 0.001
2022-08-16 12:32:20,309 - DGCNN_ModelNet10_1024pts - INFO - cfgs.dataset = EasyDict()
2022-08-16 12:32:20,310 - DGCNN_ModelNet10_1024pts - INFO - cfgs.dataset.name : ModelNet10
2022-08-16 12:32:20,310 - DGCNN_ModelNet10_1024pts - INFO - cfgs.dataset.train = EasyDict()
2022-08-16 12:32:20,311 - DGCNN_ModelNet10_1024pts - INFO - cfgs.dataset.train._base_ = EasyDict()
2022-08-16 12:32:20,311 - DGCNN_ModelNet10_1024pts - INFO - cfgs.dataset.train._base_.name : ModelNet10
2022-08-16 12:32:20,312 - DGCNN_ModelNet10_1024pts - INFO - cfgs.dataset.train._base_.dataset_path : data/ModelNet/ModelNet10
2022-08-16 12:32:20,313 - DGCNN_ModelNet10_1024pts - INFO - cfgs.dataset.train._base_.pointcloud_path : data/ModelNet/dataset
2022-08-16 12:32:20,313 - DGCNN_ModelNet10_1024pts - INFO - cfgs.dataset.train._base_.n_point : 8192
2022-08-16 12:32:20,314 - DGCNN_ModelNet10_1024pts - INFO - cfgs.dataset.train._base_.n_class : 10
2022-08-16 12:32:20,315 - DGCNN_ModelNet10_1024pts - INFO - cfgs.dataset.train.others = EasyDict()
2022-08-16 12:32:20,315 - DGCNN_ModelNet10_1024pts - INFO - cfgs.dataset.train.others.subset : train
2022-08-16 12:32:20,316 - DGCNN_ModelNet10_1024pts - INFO - cfgs.dataset.train.others.use_normals : False
2022-08-16 12:32:20,316 - DGCNN_ModelNet10_1024pts - INFO - cfgs.dataset.train.others.bs : 32
2022-08-16 12:32:20,317 - DGCNN_ModelNet10_1024pts - INFO - cfgs.dataset.valid = EasyDict()
2022-08-16 12:32:20,317 - DGCNN_ModelNet10_1024pts - INFO - cfgs.dataset.valid._base_ = EasyDict()
2022-08-16 12:32:20,318 - DGCNN_ModelNet10_1024pts - INFO - cfgs.dataset.valid._base_.name : ModelNet10
2022-08-16 12:32:20,318 - DGCNN_ModelNet10_1024pts - INFO - cfgs.dataset.valid._base_.dataset_path : data/ModelNet/ModelNet10
2022-08-16 12:32:20,319 - DGCNN_ModelNet10_1024pts - INFO - cfgs.dataset.valid._base_.pointcloud_path : data/ModelNet/dataset
2022-08-16 12:32:20,320 - DGCNN_ModelNet10_1024pts - INFO - cfgs.dataset.valid._base_.n_point : 8192
2022-08-16 12:32:20,320 - DGCNN_ModelNet10_1024pts - INFO - cfgs.dataset.valid._base_.n_class : 10
2022-08-16 12:32:20,321 - DGCNN_ModelNet10_1024pts - INFO - cfgs.dataset.valid.others = EasyDict()
2022-08-16 12:32:20,322 - DGCNN_ModelNet10_1024pts - INFO - cfgs.dataset.valid.others.subset : test
2022-08-16 12:32:20,322 - DGCNN_ModelNet10_1024pts - INFO - cfgs.dataset.valid.others.use_normals : False
2022-08-16 12:32:20,323 - DGCNN_ModelNet10_1024pts - INFO - cfgs.dataset.valid.others.bs : 32
2022-08-16 12:32:20,323 - DGCNN_ModelNet10_1024pts - INFO - cfgs.dataset.test = EasyDict()
2022-08-16 12:32:20,324 - DGCNN_ModelNet10_1024pts - INFO - cfgs.dataset.test._base_ = EasyDict()
2022-08-16 12:32:20,325 - DGCNN_ModelNet10_1024pts - INFO - cfgs.dataset.test._base_.name : ModelNet10
2022-08-16 12:32:20,325 - DGCNN_ModelNet10_1024pts - INFO - cfgs.dataset.test._base_.dataset_path : data/ModelNet/ModelNet10
2022-08-16 12:32:20,326 - DGCNN_ModelNet10_1024pts - INFO - cfgs.dataset.test._base_.pointcloud_path : data/ModelNet/dataset
2022-08-16 12:32:20,326 - DGCNN_ModelNet10_1024pts - INFO - cfgs.dataset.test._base_.n_point : 8192
2022-08-16 12:32:20,327 - DGCNN_ModelNet10_1024pts - INFO - cfgs.dataset.test._base_.n_class : 10
2022-08-16 12:32:20,327 - DGCNN_ModelNet10_1024pts - INFO - cfgs.dataset.test.others = EasyDict()
2022-08-16 12:32:20,328 - DGCNN_ModelNet10_1024pts - INFO - cfgs.dataset.test.others.subset : test
2022-08-16 12:32:20,328 - DGCNN_ModelNet10_1024pts - INFO - cfgs.dataset.test.others.use_normals : False
2022-08-16 12:32:20,329 - DGCNN_ModelNet10_1024pts - INFO - cfgs.dataset.test.others.bs : 32
2022-08-16 12:32:20,330 - DGCNN_ModelNet10_1024pts - INFO - cfgs.model = EasyDict()
2022-08-16 12:32:20,330 - DGCNN_ModelNet10_1024pts - INFO - cfgs.model.name : DGCNNCls
2022-08-16 12:32:20,331 - DGCNN_ModelNet10_1024pts - INFO - cfgs.model.k_point : 20
2022-08-16 12:32:20,333 - DGCNN_ModelNet10_1024pts - INFO - cfgs.model.d_embed : 1024
2022-08-16 12:32:20,335 - DGCNN_ModelNet10_1024pts - INFO - cfgs.model.dropout : 0.5
2022-08-16 12:32:20,336 - DGCNN_ModelNet10_1024pts - INFO - cfgs.bs_train : 32
2022-08-16 12:32:20,337 - DGCNN_ModelNet10_1024pts - INFO - cfgs.bs_valid : 32
2022-08-16 12:32:20,337 - DGCNN_ModelNet10_1024pts - INFO - cfgs.bs_test : 32
2022-08-16 12:32:20,338 - DGCNN_ModelNet10_1024pts - INFO - cfgs.n_point : 1024
2022-08-16 12:32:20,339 - DGCNN_ModelNet10_1024pts - INFO - cfgs.max_epoch : 200
2022-08-16 12:32:20,340 - DGCNN_ModelNet10_1024pts - INFO - Distributed training: False
2022-08-16 12:32:20,340 - DGCNN_ModelNet10_1024pts - INFO - Set random seed to 0, deterministic: False
