2022-08-16 12:22:24,180 - DGCNN_ModelNet40_1024pts - INFO - args.cfg_file : .\configs\models_cls\models_ModelNet\DGCNN_ModelNet40_1024pts.yaml
2022-08-16 12:22:24,180 - DGCNN_ModelNet40_1024pts - INFO - args.launcher : none
2022-08-16 12:22:24,181 - DGCNN_ModelNet40_1024pts - INFO - args.local_rank : 0
2022-08-16 12:22:24,183 - DGCNN_ModelNet40_1024pts - INFO - args.num_workers : 4
2022-08-16 12:22:24,184 - DGCNN_ModelNet40_1024pts - INFO - args.seed : 0
2022-08-16 12:22:24,184 - DGCNN_ModelNet40_1024pts - INFO - args.deterministic : False
2022-08-16 12:22:24,185 - DGCNN_ModelNet40_1024pts - INFO - args.sync_bn : False
2022-08-16 12:22:24,186 - DGCNN_ModelNet40_1024pts - INFO - args.exp_name : train
2022-08-16 12:22:24,187 - DGCNN_ModelNet40_1024pts - INFO - args.start_ckpts : None
2022-08-16 12:22:24,187 - DGCNN_ModelNet40_1024pts - INFO - args.ckpts : None
2022-08-16 12:22:24,188 - DGCNN_ModelNet40_1024pts - INFO - args.val_freq : 1
2022-08-16 12:22:24,189 - DGCNN_ModelNet40_1024pts - INFO - args.resume : False
2022-08-16 12:22:24,189 - DGCNN_ModelNet40_1024pts - INFO - args.test : False
2022-08-16 12:22:24,190 - DGCNN_ModelNet40_1024pts - INFO - args.finetune_model : False
2022-08-16 12:22:24,190 - DGCNN_ModelNet40_1024pts - INFO - args.scratch_model : False
2022-08-16 12:22:24,191 - DGCNN_ModelNet40_1024pts - INFO - args.label_smoothing : False
2022-08-16 12:22:24,192 - DGCNN_ModelNet40_1024pts - INFO - args.mode : None
2022-08-16 12:22:24,192 - DGCNN_ModelNet40_1024pts - INFO - args.way : -1
2022-08-16 12:22:24,193 - DGCNN_ModelNet40_1024pts - INFO - args.shot : -1
2022-08-16 12:22:24,194 - DGCNN_ModelNet40_1024pts - INFO - args.fold : -1
2022-08-16 12:22:24,194 - DGCNN_ModelNet40_1024pts - INFO - args.experiment_path : ./experiments/DGCNN/ModelNet40/1024pts/train
2022-08-16 12:22:24,195 - DGCNN_ModelNet40_1024pts - INFO - args.tfboard_path : ./experiments/DGCNN/ModelNet40/1024pts/TFBoard/train
2022-08-16 12:22:24,195 - DGCNN_ModelNet40_1024pts - INFO - args.log_name : DGCNN_ModelNet40_1024pts
2022-08-16 12:22:24,196 - DGCNN_ModelNet40_1024pts - INFO - args.use_gpu : False
2022-08-16 12:22:24,197 - DGCNN_ModelNet40_1024pts - INFO - args.distributed : False
2022-08-16 12:22:24,198 - DGCNN_ModelNet40_1024pts - INFO - cfgs.optimizer = EasyDict()
2022-08-16 12:22:24,200 - DGCNN_ModelNet40_1024pts - INFO - cfgs.optimizer.type : AdamW
2022-08-16 12:22:24,202 - DGCNN_ModelNet40_1024pts - INFO - cfgs.optimizer.kwargs = EasyDict()
2022-08-16 12:22:24,203 - DGCNN_ModelNet40_1024pts - INFO - cfgs.optimizer.kwargs.lr : 0.001
2022-08-16 12:22:24,204 - DGCNN_ModelNet40_1024pts - INFO - cfgs.optimizer.kwargs.weight_decay : 0.0001
2022-08-16 12:22:24,206 - DGCNN_ModelNet40_1024pts - INFO - cfgs.scheduler = EasyDict()
2022-08-16 12:22:24,206 - DGCNN_ModelNet40_1024pts - INFO - cfgs.scheduler.type : CosineAnnealingLR
2022-08-16 12:22:24,207 - DGCNN_ModelNet40_1024pts - INFO - cfgs.scheduler.kwargs = EasyDict()
2022-08-16 12:22:24,208 - DGCNN_ModelNet40_1024pts - INFO - cfgs.scheduler.kwargs.epochs : 200
2022-08-16 12:22:24,209 - DGCNN_ModelNet40_1024pts - INFO - cfgs.scheduler.kwargs.eta_min : 0.001
2022-08-16 12:22:24,212 - DGCNN_ModelNet40_1024pts - INFO - cfgs.dataset = EasyDict()
2022-08-16 12:22:24,213 - DGCNN_ModelNet40_1024pts - INFO - cfgs.dataset.name : ModelNet40
2022-08-16 12:22:24,214 - DGCNN_ModelNet40_1024pts - INFO - cfgs.dataset.train = EasyDict()
2022-08-16 12:22:24,214 - DGCNN_ModelNet40_1024pts - INFO - cfgs.dataset.train._base_ = EasyDict()
2022-08-16 12:22:24,216 - DGCNN_ModelNet40_1024pts - INFO - cfgs.dataset.train._base_.name : ModelNet40
2022-08-16 12:22:24,216 - DGCNN_ModelNet40_1024pts - INFO - cfgs.dataset.train._base_.dataset_path : data/ModelNet/ModelNet40
2022-08-16 12:22:24,217 - DGCNN_ModelNet40_1024pts - INFO - cfgs.dataset.train._base_.pointcloud_path : data/ModelNet
2022-08-16 12:22:24,217 - DGCNN_ModelNet40_1024pts - INFO - cfgs.dataset.train._base_.n_point : 8192
2022-08-16 12:22:24,218 - DGCNN_ModelNet40_1024pts - INFO - cfgs.dataset.train._base_.n_class : 40
2022-08-16 12:22:24,219 - DGCNN_ModelNet40_1024pts - INFO - cfgs.dataset.train.others = EasyDict()
2022-08-16 12:22:24,222 - DGCNN_ModelNet40_1024pts - INFO - cfgs.dataset.train.others.subset : train
2022-08-16 12:22:24,222 - DGCNN_ModelNet40_1024pts - INFO - cfgs.dataset.train.others.use_normals : False
2022-08-16 12:22:24,223 - DGCNN_ModelNet40_1024pts - INFO - cfgs.dataset.train.others.bs : 32
2022-08-16 12:22:24,223 - DGCNN_ModelNet40_1024pts - INFO - cfgs.dataset.valid = EasyDict()
2022-08-16 12:22:24,224 - DGCNN_ModelNet40_1024pts - INFO - cfgs.dataset.valid._base_ = EasyDict()
2022-08-16 12:22:24,225 - DGCNN_ModelNet40_1024pts - INFO - cfgs.dataset.valid._base_.name : ModelNet40
2022-08-16 12:22:24,225 - DGCNN_ModelNet40_1024pts - INFO - cfgs.dataset.valid._base_.dataset_path : data/ModelNet/ModelNet40
2022-08-16 12:22:24,226 - DGCNN_ModelNet40_1024pts - INFO - cfgs.dataset.valid._base_.pointcloud_path : data/ModelNet
2022-08-16 12:22:24,226 - DGCNN_ModelNet40_1024pts - INFO - cfgs.dataset.valid._base_.n_point : 8192
2022-08-16 12:22:24,227 - DGCNN_ModelNet40_1024pts - INFO - cfgs.dataset.valid._base_.n_class : 40
2022-08-16 12:22:24,228 - DGCNN_ModelNet40_1024pts - INFO - cfgs.dataset.valid.others = EasyDict()
2022-08-16 12:22:24,228 - DGCNN_ModelNet40_1024pts - INFO - cfgs.dataset.valid.others.subset : test
2022-08-16 12:22:24,229 - DGCNN_ModelNet40_1024pts - INFO - cfgs.dataset.valid.others.use_normals : False
2022-08-16 12:22:24,230 - DGCNN_ModelNet40_1024pts - INFO - cfgs.dataset.valid.others.bs : 32
2022-08-16 12:22:24,232 - DGCNN_ModelNet40_1024pts - INFO - cfgs.dataset.test = EasyDict()
2022-08-16 12:22:24,234 - DGCNN_ModelNet40_1024pts - INFO - cfgs.dataset.test._base_ = EasyDict()
2022-08-16 12:22:24,235 - DGCNN_ModelNet40_1024pts - INFO - cfgs.dataset.test._base_.name : ModelNet40
2022-08-16 12:22:24,237 - DGCNN_ModelNet40_1024pts - INFO - cfgs.dataset.test._base_.dataset_path : data/ModelNet/ModelNet40
2022-08-16 12:22:24,238 - DGCNN_ModelNet40_1024pts - INFO - cfgs.dataset.test._base_.pointcloud_path : data/ModelNet
2022-08-16 12:22:24,239 - DGCNN_ModelNet40_1024pts - INFO - cfgs.dataset.test._base_.n_point : 8192
2022-08-16 12:22:24,239 - DGCNN_ModelNet40_1024pts - INFO - cfgs.dataset.test._base_.n_class : 40
2022-08-16 12:22:24,240 - DGCNN_ModelNet40_1024pts - INFO - cfgs.dataset.test.others = EasyDict()
2022-08-16 12:22:24,241 - DGCNN_ModelNet40_1024pts - INFO - cfgs.dataset.test.others.subset : test
2022-08-16 12:22:24,242 - DGCNN_ModelNet40_1024pts - INFO - cfgs.dataset.test.others.use_normals : False
2022-08-16 12:22:24,242 - DGCNN_ModelNet40_1024pts - INFO - cfgs.dataset.test.others.bs : 32
2022-08-16 12:22:24,243 - DGCNN_ModelNet40_1024pts - INFO - cfgs.model = EasyDict()
2022-08-16 12:22:24,244 - DGCNN_ModelNet40_1024pts - INFO - cfgs.model.name : DGCNNCls
2022-08-16 12:22:24,244 - DGCNN_ModelNet40_1024pts - INFO - cfgs.model.k_point : 20
2022-08-16 12:22:24,245 - DGCNN_ModelNet40_1024pts - INFO - cfgs.model.d_embed : 1024
2022-08-16 12:22:24,246 - DGCNN_ModelNet40_1024pts - INFO - cfgs.model.dropout : 0.5
2022-08-16 12:22:24,247 - DGCNN_ModelNet40_1024pts - INFO - cfgs.bs_train : 32
2022-08-16 12:22:24,247 - DGCNN_ModelNet40_1024pts - INFO - cfgs.bs_valid : 32
2022-08-16 12:22:24,248 - DGCNN_ModelNet40_1024pts - INFO - cfgs.bs_test : 32
2022-08-16 12:22:24,250 - DGCNN_ModelNet40_1024pts - INFO - cfgs.n_point : 1024
2022-08-16 12:22:24,250 - DGCNN_ModelNet40_1024pts - INFO - cfgs.max_epoch : 200
2022-08-16 12:22:24,251 - DGCNN_ModelNet40_1024pts - INFO - Distributed training: False
2022-08-16 12:22:24,252 - DGCNN_ModelNet40_1024pts - INFO - Set random seed to 0, deterministic: False
