2022-08-16 12:13:54,958 - DGCNN_ModelNet40_1024pts - INFO - args.cfg_file : .\configs\models_cls\models_ModelNet\DGCNN_ModelNet40_1024pts.yaml
2022-08-16 12:13:54,959 - DGCNN_ModelNet40_1024pts - INFO - args.launcher : none
2022-08-16 12:13:54,960 - DGCNN_ModelNet40_1024pts - INFO - args.local_rank : 0
2022-08-16 12:13:54,960 - DGCNN_ModelNet40_1024pts - INFO - args.num_workers : 4
2022-08-16 12:13:54,961 - DGCNN_ModelNet40_1024pts - INFO - args.seed : 0
2022-08-16 12:13:54,962 - DGCNN_ModelNet40_1024pts - INFO - args.deterministic : False
2022-08-16 12:13:54,963 - DGCNN_ModelNet40_1024pts - INFO - args.sync_bn : False
2022-08-16 12:13:54,965 - DGCNN_ModelNet40_1024pts - INFO - args.exp_name : train
2022-08-16 12:13:54,966 - DGCNN_ModelNet40_1024pts - INFO - args.start_ckpts : None
2022-08-16 12:13:54,968 - DGCNN_ModelNet40_1024pts - INFO - args.ckpts : None
2022-08-16 12:13:54,968 - DGCNN_ModelNet40_1024pts - INFO - args.val_freq : 1
2022-08-16 12:13:54,969 - DGCNN_ModelNet40_1024pts - INFO - args.resume : False
2022-08-16 12:13:54,970 - DGCNN_ModelNet40_1024pts - INFO - args.test : False
2022-08-16 12:13:54,971 - DGCNN_ModelNet40_1024pts - INFO - args.finetune_model : False
2022-08-16 12:13:54,972 - DGCNN_ModelNet40_1024pts - INFO - args.scratch_model : False
2022-08-16 12:13:54,972 - DGCNN_ModelNet40_1024pts - INFO - args.label_smoothing : False
2022-08-16 12:13:54,974 - DGCNN_ModelNet40_1024pts - INFO - args.mode : None
2022-08-16 12:13:54,975 - DGCNN_ModelNet40_1024pts - INFO - args.way : -1
2022-08-16 12:13:54,976 - DGCNN_ModelNet40_1024pts - INFO - args.shot : -1
2022-08-16 12:13:54,977 - DGCNN_ModelNet40_1024pts - INFO - args.fold : -1
2022-08-16 12:13:54,978 - DGCNN_ModelNet40_1024pts - INFO - args.experiment_path : ./experiments/DGCNN/ModelNet40/1024pts/train
2022-08-16 12:13:54,979 - DGCNN_ModelNet40_1024pts - INFO - args.tfboard_path : ./experiments/DGCNN/ModelNet40/1024pts/TFBoard/train
2022-08-16 12:13:54,979 - DGCNN_ModelNet40_1024pts - INFO - args.log_name : DGCNN_ModelNet40_1024pts
2022-08-16 12:13:54,980 - DGCNN_ModelNet40_1024pts - INFO - args.use_gpu : False
2022-08-16 12:13:54,981 - DGCNN_ModelNet40_1024pts - INFO - args.distributed : False
2022-08-16 12:13:54,981 - DGCNN_ModelNet40_1024pts - INFO - cfgs.optimizer = EasyDict()
2022-08-16 12:13:54,982 - DGCNN_ModelNet40_1024pts - INFO - cfgs.optimizer.type : AdamW
2022-08-16 12:13:54,983 - DGCNN_ModelNet40_1024pts - INFO - cfgs.optimizer.kwargs = EasyDict()
2022-08-16 12:13:54,983 - DGCNN_ModelNet40_1024pts - INFO - cfgs.optimizer.kwargs.lr : 0.001
2022-08-16 12:13:54,984 - DGCNN_ModelNet40_1024pts - INFO - cfgs.optimizer.kwargs.weight_decay : 0.0001
2022-08-16 12:13:54,984 - DGCNN_ModelNet40_1024pts - INFO - cfgs.scheduler = EasyDict()
2022-08-16 12:13:54,985 - DGCNN_ModelNet40_1024pts - INFO - cfgs.scheduler.type : CosineAnnealingLR
2022-08-16 12:13:54,986 - DGCNN_ModelNet40_1024pts - INFO - cfgs.scheduler.kwargs = EasyDict()
2022-08-16 12:13:54,986 - DGCNN_ModelNet40_1024pts - INFO - cfgs.scheduler.kwargs.epochs : 200
2022-08-16 12:13:54,987 - DGCNN_ModelNet40_1024pts - INFO - cfgs.scheduler.kwargs.eta_min : 0.001
2022-08-16 12:13:54,987 - DGCNN_ModelNet40_1024pts - INFO - cfgs.dataset = EasyDict()
2022-08-16 12:13:54,990 - DGCNN_ModelNet40_1024pts - INFO - cfgs.dataset.name : ModelNet40
2022-08-16 12:13:54,992 - DGCNN_ModelNet40_1024pts - INFO - cfgs.dataset.train = EasyDict()
2022-08-16 12:13:54,992 - DGCNN_ModelNet40_1024pts - INFO - cfgs.dataset.train._base_ = EasyDict()
2022-08-16 12:13:54,993 - DGCNN_ModelNet40_1024pts - INFO - cfgs.dataset.train._base_.name : ModelNet40
2022-08-16 12:13:54,994 - DGCNN_ModelNet40_1024pts - INFO - cfgs.dataset.train._base_.dataset_path : data/ModelNet/ModelNet40
2022-08-16 12:13:54,994 - DGCNN_ModelNet40_1024pts - INFO - cfgs.dataset.train._base_.pointcloud_path : data/ModelNet
2022-08-16 12:13:54,995 - DGCNN_ModelNet40_1024pts - INFO - cfgs.dataset.train._base_.n_point : 8192
2022-08-16 12:13:54,995 - DGCNN_ModelNet40_1024pts - INFO - cfgs.dataset.train._base_.n_class : 40
2022-08-16 12:13:54,996 - DGCNN_ModelNet40_1024pts - INFO - cfgs.dataset.train.others = EasyDict()
2022-08-16 12:13:54,997 - DGCNN_ModelNet40_1024pts - INFO - cfgs.dataset.train.others.subset : train
2022-08-16 12:13:54,999 - DGCNN_ModelNet40_1024pts - INFO - cfgs.dataset.train.others.bs : 32
2022-08-16 12:13:55,003 - DGCNN_ModelNet40_1024pts - INFO - cfgs.dataset.valid = EasyDict()
2022-08-16 12:13:55,004 - DGCNN_ModelNet40_1024pts - INFO - cfgs.dataset.valid._base_ = EasyDict()
2022-08-16 12:13:55,005 - DGCNN_ModelNet40_1024pts - INFO - cfgs.dataset.valid._base_.name : ModelNet40
2022-08-16 12:13:55,006 - DGCNN_ModelNet40_1024pts - INFO - cfgs.dataset.valid._base_.dataset_path : data/ModelNet/ModelNet40
2022-08-16 12:13:55,006 - DGCNN_ModelNet40_1024pts - INFO - cfgs.dataset.valid._base_.pointcloud_path : data/ModelNet
2022-08-16 12:13:55,007 - DGCNN_ModelNet40_1024pts - INFO - cfgs.dataset.valid._base_.n_point : 8192
2022-08-16 12:13:55,011 - DGCNN_ModelNet40_1024pts - INFO - cfgs.dataset.valid._base_.n_class : 40
2022-08-16 12:13:55,012 - DGCNN_ModelNet40_1024pts - INFO - cfgs.dataset.valid.others = EasyDict()
2022-08-16 12:13:55,012 - DGCNN_ModelNet40_1024pts - INFO - cfgs.dataset.valid.others.subset : test
2022-08-16 12:13:55,013 - DGCNN_ModelNet40_1024pts - INFO - cfgs.dataset.valid.others.bs : 32
2022-08-16 12:13:55,014 - DGCNN_ModelNet40_1024pts - INFO - cfgs.dataset.test = EasyDict()
2022-08-16 12:13:55,015 - DGCNN_ModelNet40_1024pts - INFO - cfgs.dataset.test._base_ = EasyDict()
2022-08-16 12:13:55,015 - DGCNN_ModelNet40_1024pts - INFO - cfgs.dataset.test._base_.name : ModelNet40
2022-08-16 12:13:55,016 - DGCNN_ModelNet40_1024pts - INFO - cfgs.dataset.test._base_.dataset_path : data/ModelNet/ModelNet40
2022-08-16 12:13:55,017 - DGCNN_ModelNet40_1024pts - INFO - cfgs.dataset.test._base_.pointcloud_path : data/ModelNet
2022-08-16 12:13:55,018 - DGCNN_ModelNet40_1024pts - INFO - cfgs.dataset.test._base_.n_point : 8192
2022-08-16 12:13:55,019 - DGCNN_ModelNet40_1024pts - INFO - cfgs.dataset.test._base_.n_class : 40
2022-08-16 12:13:55,019 - DGCNN_ModelNet40_1024pts - INFO - cfgs.dataset.test.others = EasyDict()
2022-08-16 12:13:55,020 - DGCNN_ModelNet40_1024pts - INFO - cfgs.dataset.test.others.subset : test
2022-08-16 12:13:55,021 - DGCNN_ModelNet40_1024pts - INFO - cfgs.dataset.test.others.bs : 32
2022-08-16 12:13:55,022 - DGCNN_ModelNet40_1024pts - INFO - cfgs.model = EasyDict()
2022-08-16 12:13:55,023 - DGCNN_ModelNet40_1024pts - INFO - cfgs.model.name : DGCNNCls
2022-08-16 12:13:55,023 - DGCNN_ModelNet40_1024pts - INFO - cfgs.model.k_point : 20
2022-08-16 12:13:55,024 - DGCNN_ModelNet40_1024pts - INFO - cfgs.model.d_embed : 1024
2022-08-16 12:13:55,024 - DGCNN_ModelNet40_1024pts - INFO - cfgs.model.dropout : 0.5
2022-08-16 12:13:55,025 - DGCNN_ModelNet40_1024pts - INFO - cfgs.bs_train : 32
2022-08-16 12:13:55,026 - DGCNN_ModelNet40_1024pts - INFO - cfgs.bs_valid : 32
2022-08-16 12:13:55,026 - DGCNN_ModelNet40_1024pts - INFO - cfgs.bs_test : 32
2022-08-16 12:13:55,027 - DGCNN_ModelNet40_1024pts - INFO - cfgs.n_point : 1024
2022-08-16 12:13:55,027 - DGCNN_ModelNet40_1024pts - INFO - cfgs.max_epoch : 200
2022-08-16 12:13:55,028 - DGCNN_ModelNet40_1024pts - INFO - Distributed training: False
2022-08-16 12:13:55,028 - DGCNN_ModelNet40_1024pts - INFO - Set random seed to 0, deterministic: False
