2022-08-20 18:01:19,915 - DGCNN_ModelNet40_1024pts - INFO - args.cfg_file : ./configs/models_cls/models_ModelNet/DGCNN_ModelNet40_1024pts.yaml
2022-08-20 18:01:19,916 - DGCNN_ModelNet40_1024pts - INFO - args.local_rank : 0
2022-08-20 18:01:19,917 - DGCNN_ModelNet40_1024pts - INFO - args.use_gpu : False
2022-08-20 18:01:19,917 - DGCNN_ModelNet40_1024pts - INFO - args.gpu : 0
2022-08-20 18:01:19,918 - DGCNN_ModelNet40_1024pts - INFO - args.num_workers : 4
2022-08-20 18:01:19,918 - DGCNN_ModelNet40_1024pts - INFO - args.seed : 0
2022-08-20 18:01:19,919 - DGCNN_ModelNet40_1024pts - INFO - args.deterministic : False
2022-08-20 18:01:19,920 - DGCNN_ModelNet40_1024pts - INFO - args.exp_name : train
2022-08-20 18:01:19,920 - DGCNN_ModelNet40_1024pts - INFO - args.start_ckpts : None
2022-08-20 18:01:19,921 - DGCNN_ModelNet40_1024pts - INFO - args.ckpts : None
2022-08-20 18:01:19,921 - DGCNN_ModelNet40_1024pts - INFO - args.val_freq : 1
2022-08-20 18:01:19,922 - DGCNN_ModelNet40_1024pts - INFO - args.resume : False
2022-08-20 18:01:19,923 - DGCNN_ModelNet40_1024pts - INFO - args.test : False
2022-08-20 18:01:19,923 - DGCNN_ModelNet40_1024pts - INFO - args.finetune_model : False
2022-08-20 18:01:19,924 - DGCNN_ModelNet40_1024pts - INFO - args.scratch_model : False
2022-08-20 18:01:19,924 - DGCNN_ModelNet40_1024pts - INFO - args.label_smoothing : False
2022-08-20 18:01:19,925 - DGCNN_ModelNet40_1024pts - INFO - args.mode : None
2022-08-20 18:01:19,925 - DGCNN_ModelNet40_1024pts - INFO - args.way : -1
2022-08-20 18:01:19,926 - DGCNN_ModelNet40_1024pts - INFO - args.shot : -1
2022-08-20 18:01:19,927 - DGCNN_ModelNet40_1024pts - INFO - args.fold : -1
2022-08-20 18:01:19,928 - DGCNN_ModelNet40_1024pts - INFO - args.experiment_path : ./experiments/DGCNN/ModelNet40/1024pts/train
2022-08-20 18:01:19,928 - DGCNN_ModelNet40_1024pts - INFO - args.tfboard_path : ./experiments/DGCNN/ModelNet40/1024pts/TFBoard/train
2022-08-20 18:01:19,929 - DGCNN_ModelNet40_1024pts - INFO - args.log_name : DGCNN_ModelNet40_1024pts
2022-08-20 18:01:19,929 - DGCNN_ModelNet40_1024pts - INFO - args.distributed : False
2022-08-20 18:01:19,930 - DGCNN_ModelNet40_1024pts - INFO - cfgs.dataset = EasyDict()
2022-08-20 18:01:19,930 - DGCNN_ModelNet40_1024pts - INFO - cfgs.dataset.name : ModelNet40
2022-08-20 18:01:19,931 - DGCNN_ModelNet40_1024pts - INFO - cfgs.dataset.train = EasyDict()
2022-08-20 18:01:19,932 - DGCNN_ModelNet40_1024pts - INFO - cfgs.dataset.train._base_ = EasyDict()
2022-08-20 18:01:19,933 - DGCNN_ModelNet40_1024pts - INFO - cfgs.dataset.train._base_.name : ModelNet40
2022-08-20 18:01:19,933 - DGCNN_ModelNet40_1024pts - INFO - cfgs.dataset.train._base_.dataset_path : data/ModelNet/ModelNet40
2022-08-20 18:01:19,934 - DGCNN_ModelNet40_1024pts - INFO - cfgs.dataset.train._base_.pointcloud_path : data/ModelNet/dataset
2022-08-20 18:01:19,935 - DGCNN_ModelNet40_1024pts - INFO - cfgs.dataset.train._base_.n_point_all : 8192
2022-08-20 18:01:19,935 - DGCNN_ModelNet40_1024pts - INFO - cfgs.dataset.train._base_.n_class : 40
2022-08-20 18:01:19,936 - DGCNN_ModelNet40_1024pts - INFO - cfgs.dataset.train.others = EasyDict()
2022-08-20 18:01:19,936 - DGCNN_ModelNet40_1024pts - INFO - cfgs.dataset.train.others.subset : train
2022-08-20 18:01:19,937 - DGCNN_ModelNet40_1024pts - INFO - cfgs.dataset.train.others.bs : 32
2022-08-20 18:01:19,937 - DGCNN_ModelNet40_1024pts - INFO - cfgs.dataset.valid = EasyDict()
2022-08-20 18:01:19,937 - DGCNN_ModelNet40_1024pts - INFO - cfgs.dataset.valid._base_ = EasyDict()
2022-08-20 18:01:19,939 - DGCNN_ModelNet40_1024pts - INFO - cfgs.dataset.valid._base_.name : ModelNet40
2022-08-20 18:01:19,939 - DGCNN_ModelNet40_1024pts - INFO - cfgs.dataset.valid._base_.dataset_path : data/ModelNet/ModelNet40
2022-08-20 18:01:19,940 - DGCNN_ModelNet40_1024pts - INFO - cfgs.dataset.valid._base_.pointcloud_path : data/ModelNet/dataset
2022-08-20 18:01:19,941 - DGCNN_ModelNet40_1024pts - INFO - cfgs.dataset.valid._base_.n_point_all : 8192
2022-08-20 18:01:19,941 - DGCNN_ModelNet40_1024pts - INFO - cfgs.dataset.valid._base_.n_class : 40
2022-08-20 18:01:19,942 - DGCNN_ModelNet40_1024pts - INFO - cfgs.dataset.valid.others = EasyDict()
2022-08-20 18:01:19,942 - DGCNN_ModelNet40_1024pts - INFO - cfgs.dataset.valid.others.subset : test
2022-08-20 18:01:19,943 - DGCNN_ModelNet40_1024pts - INFO - cfgs.dataset.valid.others.bs : 32
2022-08-20 18:01:19,943 - DGCNN_ModelNet40_1024pts - INFO - cfgs.dataset.test = EasyDict()
2022-08-20 18:01:19,944 - DGCNN_ModelNet40_1024pts - INFO - cfgs.dataset.test._base_ = EasyDict()
2022-08-20 18:01:19,945 - DGCNN_ModelNet40_1024pts - INFO - cfgs.dataset.test._base_.name : ModelNet40
2022-08-20 18:01:19,946 - DGCNN_ModelNet40_1024pts - INFO - cfgs.dataset.test._base_.dataset_path : data/ModelNet/ModelNet40
2022-08-20 18:01:19,947 - DGCNN_ModelNet40_1024pts - INFO - cfgs.dataset.test._base_.pointcloud_path : data/ModelNet/dataset
2022-08-20 18:01:19,948 - DGCNN_ModelNet40_1024pts - INFO - cfgs.dataset.test._base_.n_point_all : 8192
2022-08-20 18:01:19,948 - DGCNN_ModelNet40_1024pts - INFO - cfgs.dataset.test._base_.n_class : 40
2022-08-20 18:01:19,949 - DGCNN_ModelNet40_1024pts - INFO - cfgs.dataset.test.others = EasyDict()
2022-08-20 18:01:19,949 - DGCNN_ModelNet40_1024pts - INFO - cfgs.dataset.test.others.subset : test
2022-08-20 18:01:19,950 - DGCNN_ModelNet40_1024pts - INFO - cfgs.dataset.test.others.bs : 32
2022-08-20 18:01:19,950 - DGCNN_ModelNet40_1024pts - INFO - cfgs.model = EasyDict()
2022-08-20 18:01:19,951 - DGCNN_ModelNet40_1024pts - INFO - cfgs.model.name : DGCNNCls
2022-08-20 18:01:19,951 - DGCNN_ModelNet40_1024pts - INFO - cfgs.model.n_class : 40
2022-08-20 18:01:19,952 - DGCNN_ModelNet40_1024pts - INFO - cfgs.model.n_point : 1024
2022-08-20 18:01:19,952 - DGCNN_ModelNet40_1024pts - INFO - cfgs.model.k_point : 20
2022-08-20 18:01:19,953 - DGCNN_ModelNet40_1024pts - INFO - cfgs.model.d_embed : 1024
2022-08-20 18:01:19,953 - DGCNN_ModelNet40_1024pts - INFO - cfgs.model.dropout : 0.5
2022-08-20 18:01:19,954 - DGCNN_ModelNet40_1024pts - INFO - cfgs.model.use_normals : False
2022-08-20 18:01:19,954 - DGCNN_ModelNet40_1024pts - INFO - cfgs.loss = EasyDict()
2022-08-20 18:01:19,955 - DGCNN_ModelNet40_1024pts - INFO - cfgs.loss.name : DGCNNLoss
2022-08-20 18:01:19,955 - DGCNN_ModelNet40_1024pts - INFO - cfgs.loss.kwargs = EasyDict()
2022-08-20 18:01:19,956 - DGCNN_ModelNet40_1024pts - INFO - cfgs.loss.kwargs.smoothing : True
2022-08-20 18:01:19,956 - DGCNN_ModelNet40_1024pts - INFO - cfgs.optimizer = EasyDict()
2022-08-20 18:01:19,957 - DGCNN_ModelNet40_1024pts - INFO - cfgs.optimizer.type : AdamW
2022-08-20 18:01:19,957 - DGCNN_ModelNet40_1024pts - INFO - cfgs.optimizer.kwargs = EasyDict()
2022-08-20 18:01:19,958 - DGCNN_ModelNet40_1024pts - INFO - cfgs.optimizer.kwargs.lr : 0.001
2022-08-20 18:01:19,958 - DGCNN_ModelNet40_1024pts - INFO - cfgs.optimizer.kwargs.weight_decay : 0.0001
2022-08-20 18:01:19,959 - DGCNN_ModelNet40_1024pts - INFO - cfgs.scheduler = EasyDict()
2022-08-20 18:01:19,959 - DGCNN_ModelNet40_1024pts - INFO - cfgs.scheduler.type : StepLR
2022-08-20 18:01:19,960 - DGCNN_ModelNet40_1024pts - INFO - cfgs.bs_train : 32
2022-08-20 18:01:19,960 - DGCNN_ModelNet40_1024pts - INFO - cfgs.bs_valid : 32
2022-08-20 18:01:19,961 - DGCNN_ModelNet40_1024pts - INFO - cfgs.bs_test : 32
2022-08-20 18:01:19,962 - DGCNN_ModelNet40_1024pts - INFO - cfgs.n_point : 1024
2022-08-20 18:01:19,962 - DGCNN_ModelNet40_1024pts - INFO - cfgs.max_epoch : 200
2022-08-20 18:01:19,963 - DGCNN_ModelNet40_1024pts - INFO - Set random seed to 0, deterministic: False
2022-08-20 18:01:19,986 - DGCNN_ModelNet40_1024pts - INFO - Training from scratch
