2022-08-16 12:17:24,679 - DGCNN_ModelNet40_1024pts - INFO - args.cfg_file : .\configs\models_cls\models_ModelNet\DGCNN_ModelNet40_1024pts.yaml
2022-08-16 12:17:24,681 - DGCNN_ModelNet40_1024pts - INFO - args.launcher : none
2022-08-16 12:17:24,681 - DGCNN_ModelNet40_1024pts - INFO - args.local_rank : 0
2022-08-16 12:17:24,682 - DGCNN_ModelNet40_1024pts - INFO - args.num_workers : 4
2022-08-16 12:17:24,683 - DGCNN_ModelNet40_1024pts - INFO - args.seed : 0
2022-08-16 12:17:24,684 - DGCNN_ModelNet40_1024pts - INFO - args.deterministic : False
2022-08-16 12:17:24,684 - DGCNN_ModelNet40_1024pts - INFO - args.sync_bn : False
2022-08-16 12:17:24,685 - DGCNN_ModelNet40_1024pts - INFO - args.exp_name : train
2022-08-16 12:17:24,686 - DGCNN_ModelNet40_1024pts - INFO - args.start_ckpts : None
2022-08-16 12:17:24,687 - DGCNN_ModelNet40_1024pts - INFO - args.ckpts : None
2022-08-16 12:17:24,688 - DGCNN_ModelNet40_1024pts - INFO - args.val_freq : 1
2022-08-16 12:17:24,688 - DGCNN_ModelNet40_1024pts - INFO - args.resume : False
2022-08-16 12:17:24,689 - DGCNN_ModelNet40_1024pts - INFO - args.test : False
2022-08-16 12:17:24,690 - DGCNN_ModelNet40_1024pts - INFO - args.finetune_model : False
2022-08-16 12:17:24,690 - DGCNN_ModelNet40_1024pts - INFO - args.scratch_model : False
2022-08-16 12:17:24,692 - DGCNN_ModelNet40_1024pts - INFO - args.label_smoothing : False
2022-08-16 12:17:24,692 - DGCNN_ModelNet40_1024pts - INFO - args.mode : None
2022-08-16 12:17:24,693 - DGCNN_ModelNet40_1024pts - INFO - args.way : -1
2022-08-16 12:17:24,694 - DGCNN_ModelNet40_1024pts - INFO - args.shot : -1
2022-08-16 12:17:24,695 - DGCNN_ModelNet40_1024pts - INFO - args.fold : -1
2022-08-16 12:17:24,696 - DGCNN_ModelNet40_1024pts - INFO - args.experiment_path : ./experiments/DGCNN/ModelNet40/1024pts/train
2022-08-16 12:17:24,698 - DGCNN_ModelNet40_1024pts - INFO - args.tfboard_path : ./experiments/DGCNN/ModelNet40/1024pts/TFBoard/train
2022-08-16 12:17:24,701 - DGCNN_ModelNet40_1024pts - INFO - args.log_name : DGCNN_ModelNet40_1024pts
2022-08-16 12:17:24,703 - DGCNN_ModelNet40_1024pts - INFO - args.use_gpu : False
2022-08-16 12:17:24,704 - DGCNN_ModelNet40_1024pts - INFO - args.distributed : False
2022-08-16 12:17:24,704 - DGCNN_ModelNet40_1024pts - INFO - cfgs.optimizer = EasyDict()
2022-08-16 12:17:24,705 - DGCNN_ModelNet40_1024pts - INFO - cfgs.optimizer.type : AdamW
2022-08-16 12:17:24,706 - DGCNN_ModelNet40_1024pts - INFO - cfgs.optimizer.kwargs = EasyDict()
2022-08-16 12:17:24,707 - DGCNN_ModelNet40_1024pts - INFO - cfgs.optimizer.kwargs.lr : 0.001
2022-08-16 12:17:24,708 - DGCNN_ModelNet40_1024pts - INFO - cfgs.optimizer.kwargs.weight_decay : 0.0001
2022-08-16 12:17:24,709 - DGCNN_ModelNet40_1024pts - INFO - cfgs.scheduler = EasyDict()
2022-08-16 12:17:24,710 - DGCNN_ModelNet40_1024pts - INFO - cfgs.scheduler.type : CosineAnnealingLR
2022-08-16 12:17:24,710 - DGCNN_ModelNet40_1024pts - INFO - cfgs.scheduler.kwargs = EasyDict()
2022-08-16 12:17:24,715 - DGCNN_ModelNet40_1024pts - INFO - cfgs.scheduler.kwargs.epochs : 200
2022-08-16 12:17:24,717 - DGCNN_ModelNet40_1024pts - INFO - cfgs.scheduler.kwargs.eta_min : 0.001
2022-08-16 12:17:24,718 - DGCNN_ModelNet40_1024pts - INFO - cfgs.dataset = EasyDict()
2022-08-16 12:17:24,719 - DGCNN_ModelNet40_1024pts - INFO - cfgs.dataset.name : ModelNet40
2022-08-16 12:17:24,719 - DGCNN_ModelNet40_1024pts - INFO - cfgs.dataset.train = EasyDict()
2022-08-16 12:17:24,720 - DGCNN_ModelNet40_1024pts - INFO - cfgs.dataset.train._base_ = EasyDict()
2022-08-16 12:17:24,722 - DGCNN_ModelNet40_1024pts - INFO - cfgs.dataset.train._base_.name : ModelNet40
2022-08-16 12:17:24,723 - DGCNN_ModelNet40_1024pts - INFO - cfgs.dataset.train._base_.dataset_path : data/ModelNet/ModelNet40
2022-08-16 12:17:24,723 - DGCNN_ModelNet40_1024pts - INFO - cfgs.dataset.train._base_.pointcloud_path : data/ModelNet
2022-08-16 12:17:24,724 - DGCNN_ModelNet40_1024pts - INFO - cfgs.dataset.train._base_.n_point : 8192
2022-08-16 12:17:24,725 - DGCNN_ModelNet40_1024pts - INFO - cfgs.dataset.train._base_.n_class : 40
2022-08-16 12:17:24,726 - DGCNN_ModelNet40_1024pts - INFO - cfgs.dataset.train.others = EasyDict()
2022-08-16 12:17:24,727 - DGCNN_ModelNet40_1024pts - INFO - cfgs.dataset.train.others.subset : train
2022-08-16 12:17:24,727 - DGCNN_ModelNet40_1024pts - INFO - cfgs.dataset.train.others.bs : 32
2022-08-16 12:17:24,728 - DGCNN_ModelNet40_1024pts - INFO - cfgs.dataset.valid = EasyDict()
2022-08-16 12:17:24,729 - DGCNN_ModelNet40_1024pts - INFO - cfgs.dataset.valid._base_ = EasyDict()
2022-08-16 12:17:24,730 - DGCNN_ModelNet40_1024pts - INFO - cfgs.dataset.valid._base_.name : ModelNet40
2022-08-16 12:17:24,733 - DGCNN_ModelNet40_1024pts - INFO - cfgs.dataset.valid._base_.dataset_path : data/ModelNet/ModelNet40
2022-08-16 12:17:24,735 - DGCNN_ModelNet40_1024pts - INFO - cfgs.dataset.valid._base_.pointcloud_path : data/ModelNet
2022-08-16 12:17:24,736 - DGCNN_ModelNet40_1024pts - INFO - cfgs.dataset.valid._base_.n_point : 8192
2022-08-16 12:17:24,737 - DGCNN_ModelNet40_1024pts - INFO - cfgs.dataset.valid._base_.n_class : 40
2022-08-16 12:17:24,738 - DGCNN_ModelNet40_1024pts - INFO - cfgs.dataset.valid.others = EasyDict()
2022-08-16 12:17:24,742 - DGCNN_ModelNet40_1024pts - INFO - cfgs.dataset.valid.others.subset : test
2022-08-16 12:17:24,743 - DGCNN_ModelNet40_1024pts - INFO - cfgs.dataset.valid.others.bs : 32
2022-08-16 12:17:24,744 - DGCNN_ModelNet40_1024pts - INFO - cfgs.dataset.test = EasyDict()
2022-08-16 12:17:24,745 - DGCNN_ModelNet40_1024pts - INFO - cfgs.dataset.test._base_ = EasyDict()
2022-08-16 12:17:24,746 - DGCNN_ModelNet40_1024pts - INFO - cfgs.dataset.test._base_.name : ModelNet40
2022-08-16 12:17:24,747 - DGCNN_ModelNet40_1024pts - INFO - cfgs.dataset.test._base_.dataset_path : data/ModelNet/ModelNet40
2022-08-16 12:17:24,748 - DGCNN_ModelNet40_1024pts - INFO - cfgs.dataset.test._base_.pointcloud_path : data/ModelNet
2022-08-16 12:17:24,749 - DGCNN_ModelNet40_1024pts - INFO - cfgs.dataset.test._base_.n_point : 8192
2022-08-16 12:17:24,750 - DGCNN_ModelNet40_1024pts - INFO - cfgs.dataset.test._base_.n_class : 40
2022-08-16 12:17:24,751 - DGCNN_ModelNet40_1024pts - INFO - cfgs.dataset.test.others = EasyDict()
2022-08-16 12:17:24,753 - DGCNN_ModelNet40_1024pts - INFO - cfgs.dataset.test.others.subset : test
2022-08-16 12:17:24,754 - DGCNN_ModelNet40_1024pts - INFO - cfgs.dataset.test.others.bs : 32
2022-08-16 12:17:24,754 - DGCNN_ModelNet40_1024pts - INFO - cfgs.model = EasyDict()
2022-08-16 12:17:24,755 - DGCNN_ModelNet40_1024pts - INFO - cfgs.model.name : DGCNNCls
2022-08-16 12:17:24,756 - DGCNN_ModelNet40_1024pts - INFO - cfgs.model.k_point : 20
2022-08-16 12:17:24,756 - DGCNN_ModelNet40_1024pts - INFO - cfgs.model.d_embed : 1024
2022-08-16 12:17:24,757 - DGCNN_ModelNet40_1024pts - INFO - cfgs.model.dropout : 0.5
2022-08-16 12:17:24,758 - DGCNN_ModelNet40_1024pts - INFO - cfgs.bs_train : 32
2022-08-16 12:17:24,759 - DGCNN_ModelNet40_1024pts - INFO - cfgs.bs_valid : 32
2022-08-16 12:17:24,759 - DGCNN_ModelNet40_1024pts - INFO - cfgs.bs_test : 32
2022-08-16 12:17:24,760 - DGCNN_ModelNet40_1024pts - INFO - cfgs.n_point : 1024
2022-08-16 12:17:24,761 - DGCNN_ModelNet40_1024pts - INFO - cfgs.max_epoch : 200
2022-08-16 12:17:24,762 - DGCNN_ModelNet40_1024pts - INFO - Distributed training: False
2022-08-16 12:17:24,763 - DGCNN_ModelNet40_1024pts - INFO - Set random seed to 0, deterministic: False
