2022-08-16 12:11:05,708 - DGCNN_ModelNet40_1024pts - INFO - args.cfg_file : .\configs\models_cls\models_ModelNet\DGCNN_ModelNet40_1024pts.yaml
2022-08-16 12:11:05,709 - DGCNN_ModelNet40_1024pts - INFO - args.launcher : none
2022-08-16 12:11:05,710 - DGCNN_ModelNet40_1024pts - INFO - args.local_rank : 0
2022-08-16 12:11:05,710 - DGCNN_ModelNet40_1024pts - INFO - args.num_workers : 4
2022-08-16 12:11:05,711 - DGCNN_ModelNet40_1024pts - INFO - args.seed : 0
2022-08-16 12:11:05,712 - DGCNN_ModelNet40_1024pts - INFO - args.deterministic : False
2022-08-16 12:11:05,712 - DGCNN_ModelNet40_1024pts - INFO - args.sync_bn : False
2022-08-16 12:11:05,713 - DGCNN_ModelNet40_1024pts - INFO - args.exp_name : train
2022-08-16 12:11:05,714 - DGCNN_ModelNet40_1024pts - INFO - args.start_ckpts : None
2022-08-16 12:11:05,714 - DGCNN_ModelNet40_1024pts - INFO - args.ckpts : None
2022-08-16 12:11:05,715 - DGCNN_ModelNet40_1024pts - INFO - args.val_freq : 1
2022-08-16 12:11:05,716 - DGCNN_ModelNet40_1024pts - INFO - args.resume : False
2022-08-16 12:11:05,716 - DGCNN_ModelNet40_1024pts - INFO - args.test : False
2022-08-16 12:11:05,717 - DGCNN_ModelNet40_1024pts - INFO - args.finetune_model : False
2022-08-16 12:11:05,718 - DGCNN_ModelNet40_1024pts - INFO - args.scratch_model : False
2022-08-16 12:11:05,718 - DGCNN_ModelNet40_1024pts - INFO - args.label_smoothing : False
2022-08-16 12:11:05,719 - DGCNN_ModelNet40_1024pts - INFO - args.mode : None
2022-08-16 12:11:05,721 - DGCNN_ModelNet40_1024pts - INFO - args.way : -1
2022-08-16 12:11:05,721 - DGCNN_ModelNet40_1024pts - INFO - args.shot : -1
2022-08-16 12:11:05,722 - DGCNN_ModelNet40_1024pts - INFO - args.fold : -1
2022-08-16 12:11:05,723 - DGCNN_ModelNet40_1024pts - INFO - args.experiment_path : ./experiments/DGCNN/ModelNet40/1024pts/train
2022-08-16 12:11:05,723 - DGCNN_ModelNet40_1024pts - INFO - args.tfboard_path : ./experiments/DGCNN/ModelNet40/1024pts/TFBoard/train
2022-08-16 12:11:05,724 - DGCNN_ModelNet40_1024pts - INFO - args.log_name : DGCNN_ModelNet40_1024pts
2022-08-16 12:11:05,725 - DGCNN_ModelNet40_1024pts - INFO - args.use_gpu : False
2022-08-16 12:11:05,726 - DGCNN_ModelNet40_1024pts - INFO - args.distributed : False
2022-08-16 12:11:05,728 - DGCNN_ModelNet40_1024pts - INFO - cfgs.optimizer = EasyDict()
2022-08-16 12:11:05,733 - DGCNN_ModelNet40_1024pts - INFO - cfgs.optimizer.type : AdamW
2022-08-16 12:11:05,736 - DGCNN_ModelNet40_1024pts - INFO - cfgs.optimizer.kwargs = EasyDict()
2022-08-16 12:11:05,737 - DGCNN_ModelNet40_1024pts - INFO - cfgs.optimizer.kwargs.lr : 0.001
2022-08-16 12:11:05,738 - DGCNN_ModelNet40_1024pts - INFO - cfgs.optimizer.kwargs.weight_decay : 0.0001
2022-08-16 12:11:05,738 - DGCNN_ModelNet40_1024pts - INFO - cfgs.scheduler = EasyDict()
2022-08-16 12:11:05,739 - DGCNN_ModelNet40_1024pts - INFO - cfgs.scheduler.type : CosineAnnealingLR
2022-08-16 12:11:05,740 - DGCNN_ModelNet40_1024pts - INFO - cfgs.scheduler.kwargs = EasyDict()
2022-08-16 12:11:05,741 - DGCNN_ModelNet40_1024pts - INFO - cfgs.scheduler.kwargs.epochs : 200
2022-08-16 12:11:05,743 - DGCNN_ModelNet40_1024pts - INFO - cfgs.scheduler.kwargs.eta_min : 0.001
2022-08-16 12:11:05,743 - DGCNN_ModelNet40_1024pts - INFO - cfgs.dataset = EasyDict()
2022-08-16 12:11:05,744 - DGCNN_ModelNet40_1024pts - INFO - cfgs.dataset.name : ModelNet40
2022-08-16 12:11:05,745 - DGCNN_ModelNet40_1024pts - INFO - cfgs.dataset.train = EasyDict()
2022-08-16 12:11:05,746 - DGCNN_ModelNet40_1024pts - INFO - cfgs.dataset.train._base_ = EasyDict()
2022-08-16 12:11:05,747 - DGCNN_ModelNet40_1024pts - INFO - cfgs.dataset.train._base_.name : ModelNet40
2022-08-16 12:11:05,747 - DGCNN_ModelNet40_1024pts - INFO - cfgs.dataset.train._base_.dataset_path : data/ModelNet/ModelNet40
2022-08-16 12:11:05,748 - DGCNN_ModelNet40_1024pts - INFO - cfgs.dataset.train._base_.pointcloud_path : data/ModelNet
2022-08-16 12:11:05,749 - DGCNN_ModelNet40_1024pts - INFO - cfgs.dataset.train._base_.n_point : 8192
2022-08-16 12:11:05,750 - DGCNN_ModelNet40_1024pts - INFO - cfgs.dataset.train._base_.n_class : 40
2022-08-16 12:11:05,750 - DGCNN_ModelNet40_1024pts - INFO - cfgs.dataset.train.others = EasyDict()
2022-08-16 12:11:05,751 - DGCNN_ModelNet40_1024pts - INFO - cfgs.dataset.train.others.subset : train
2022-08-16 12:11:05,752 - DGCNN_ModelNet40_1024pts - INFO - cfgs.dataset.train.others.bs : 32
2022-08-16 12:11:05,753 - DGCNN_ModelNet40_1024pts - INFO - cfgs.dataset.valid = EasyDict()
2022-08-16 12:11:05,754 - DGCNN_ModelNet40_1024pts - INFO - cfgs.dataset.valid._base_ = EasyDict()
2022-08-16 12:11:05,755 - DGCNN_ModelNet40_1024pts - INFO - cfgs.dataset.valid._base_.name : ModelNet40
2022-08-16 12:11:05,756 - DGCNN_ModelNet40_1024pts - INFO - cfgs.dataset.valid._base_.dataset_path : data/ModelNet/ModelNet40
2022-08-16 12:11:05,757 - DGCNN_ModelNet40_1024pts - INFO - cfgs.dataset.valid._base_.pointcloud_path : data/ModelNet
2022-08-16 12:11:05,758 - DGCNN_ModelNet40_1024pts - INFO - cfgs.dataset.valid._base_.n_point : 8192
2022-08-16 12:11:05,759 - DGCNN_ModelNet40_1024pts - INFO - cfgs.dataset.valid._base_.n_class : 40
2022-08-16 12:11:05,760 - DGCNN_ModelNet40_1024pts - INFO - cfgs.dataset.valid.others = EasyDict()
2022-08-16 12:11:05,761 - DGCNN_ModelNet40_1024pts - INFO - cfgs.dataset.valid.others.subset : test
2022-08-16 12:11:05,761 - DGCNN_ModelNet40_1024pts - INFO - cfgs.dataset.valid.others.bs : 32
2022-08-16 12:11:05,762 - DGCNN_ModelNet40_1024pts - INFO - cfgs.dataset.test = EasyDict()
2022-08-16 12:11:05,764 - DGCNN_ModelNet40_1024pts - INFO - cfgs.dataset.test._base_ = EasyDict()
2022-08-16 12:11:05,766 - DGCNN_ModelNet40_1024pts - INFO - cfgs.dataset.test._base_.name : ModelNet40
2022-08-16 12:11:05,769 - DGCNN_ModelNet40_1024pts - INFO - cfgs.dataset.test._base_.dataset_path : data/ModelNet/ModelNet40
2022-08-16 12:11:05,773 - DGCNN_ModelNet40_1024pts - INFO - cfgs.dataset.test._base_.pointcloud_path : data/ModelNet
2022-08-16 12:11:05,774 - DGCNN_ModelNet40_1024pts - INFO - cfgs.dataset.test._base_.n_point : 8192
2022-08-16 12:11:05,775 - DGCNN_ModelNet40_1024pts - INFO - cfgs.dataset.test._base_.n_class : 40
2022-08-16 12:11:05,776 - DGCNN_ModelNet40_1024pts - INFO - cfgs.dataset.test.others = EasyDict()
2022-08-16 12:11:05,777 - DGCNN_ModelNet40_1024pts - INFO - cfgs.dataset.test.others.subset : test
2022-08-16 12:11:05,778 - DGCNN_ModelNet40_1024pts - INFO - cfgs.dataset.test.others.bs : 32
2022-08-16 12:11:05,778 - DGCNN_ModelNet40_1024pts - INFO - cfgs.model = EasyDict()
2022-08-16 12:11:05,779 - DGCNN_ModelNet40_1024pts - INFO - cfgs.model.name : DGCNNCls
2022-08-16 12:11:05,780 - DGCNN_ModelNet40_1024pts - INFO - cfgs.model.k_point : 20
2022-08-16 12:11:05,780 - DGCNN_ModelNet40_1024pts - INFO - cfgs.model.d_embed : 1024
2022-08-16 12:11:05,783 - DGCNN_ModelNet40_1024pts - INFO - cfgs.model.dropout : 0.5
2022-08-16 12:11:05,784 - DGCNN_ModelNet40_1024pts - INFO - cfgs.bs_train : 32
2022-08-16 12:11:05,785 - DGCNN_ModelNet40_1024pts - INFO - cfgs.bs_valid : 32
2022-08-16 12:11:05,786 - DGCNN_ModelNet40_1024pts - INFO - cfgs.bs_test : 32
2022-08-16 12:11:05,786 - DGCNN_ModelNet40_1024pts - INFO - cfgs.n_point : 1024
2022-08-16 12:11:05,787 - DGCNN_ModelNet40_1024pts - INFO - cfgs.max_epoch : 200
2022-08-16 12:11:05,788 - DGCNN_ModelNet40_1024pts - INFO - Distributed training: False
2022-08-16 12:11:05,788 - DGCNN_ModelNet40_1024pts - INFO - Set random seed to 0, deterministic: False
