2022-08-20 17:47:05,291 - DGCNN_ModelNet40_1024pts - INFO - args.cfg_file : ./configs/models_cls/models_ModelNet/DGCNN_ModelNet40_1024pts.yaml
2022-08-20 17:47:05,291 - DGCNN_ModelNet40_1024pts - INFO - args.local_rank : 0
2022-08-20 17:47:05,292 - DGCNN_ModelNet40_1024pts - INFO - args.use_gpu : False
2022-08-20 17:47:05,292 - DGCNN_ModelNet40_1024pts - INFO - args.gpu : 0
2022-08-20 17:47:05,292 - DGCNN_ModelNet40_1024pts - INFO - args.num_workers : 4
2022-08-20 17:47:05,293 - DGCNN_ModelNet40_1024pts - INFO - args.seed : 0
2022-08-20 17:47:05,293 - DGCNN_ModelNet40_1024pts - INFO - args.deterministic : False
2022-08-20 17:47:05,293 - DGCNN_ModelNet40_1024pts - INFO - args.exp_name : train
2022-08-20 17:47:05,293 - DGCNN_ModelNet40_1024pts - INFO - args.start_ckpts : None
2022-08-20 17:47:05,294 - DGCNN_ModelNet40_1024pts - INFO - args.ckpts : None
2022-08-20 17:47:05,294 - DGCNN_ModelNet40_1024pts - INFO - args.val_freq : 1
2022-08-20 17:47:05,294 - DGCNN_ModelNet40_1024pts - INFO - args.resume : False
2022-08-20 17:47:05,295 - DGCNN_ModelNet40_1024pts - INFO - args.test : False
2022-08-20 17:47:05,295 - DGCNN_ModelNet40_1024pts - INFO - args.finetune_model : False
2022-08-20 17:47:05,296 - DGCNN_ModelNet40_1024pts - INFO - args.scratch_model : False
2022-08-20 17:47:05,297 - DGCNN_ModelNet40_1024pts - INFO - args.label_smoothing : False
2022-08-20 17:47:05,298 - DGCNN_ModelNet40_1024pts - INFO - args.mode : None
2022-08-20 17:47:05,299 - DGCNN_ModelNet40_1024pts - INFO - args.way : -1
2022-08-20 17:47:05,299 - DGCNN_ModelNet40_1024pts - INFO - args.shot : -1
2022-08-20 17:47:05,300 - DGCNN_ModelNet40_1024pts - INFO - args.fold : -1
2022-08-20 17:47:05,300 - DGCNN_ModelNet40_1024pts - INFO - args.experiment_path : ./experiments/DGCNN/ModelNet40/1024pts/train
2022-08-20 17:47:05,301 - DGCNN_ModelNet40_1024pts - INFO - args.tfboard_path : ./experiments/DGCNN/ModelNet40/1024pts/TFBoard/train
2022-08-20 17:47:05,302 - DGCNN_ModelNet40_1024pts - INFO - args.log_name : DGCNN_ModelNet40_1024pts
2022-08-20 17:47:05,302 - DGCNN_ModelNet40_1024pts - INFO - args.distributed : False
2022-08-20 17:47:05,303 - DGCNN_ModelNet40_1024pts - INFO - cfgs.dataset = EasyDict()
2022-08-20 17:47:05,303 - DGCNN_ModelNet40_1024pts - INFO - cfgs.dataset.name : ModelNet40
2022-08-20 17:47:05,304 - DGCNN_ModelNet40_1024pts - INFO - cfgs.dataset.train = EasyDict()
2022-08-20 17:47:05,305 - DGCNN_ModelNet40_1024pts - INFO - cfgs.dataset.train._base_ = EasyDict()
2022-08-20 17:47:05,305 - DGCNN_ModelNet40_1024pts - INFO - cfgs.dataset.train._base_.name : ModelNet40
2022-08-20 17:47:05,306 - DGCNN_ModelNet40_1024pts - INFO - cfgs.dataset.train._base_.dataset_path : data/ModelNet/ModelNet40
2022-08-20 17:47:05,306 - DGCNN_ModelNet40_1024pts - INFO - cfgs.dataset.train._base_.pointcloud_path : data/ModelNet/dataset
2022-08-20 17:47:05,307 - DGCNN_ModelNet40_1024pts - INFO - cfgs.dataset.train._base_.n_point_all : 8192
2022-08-20 17:47:05,307 - DGCNN_ModelNet40_1024pts - INFO - cfgs.dataset.train._base_.n_class : 40
2022-08-20 17:47:05,308 - DGCNN_ModelNet40_1024pts - INFO - cfgs.dataset.train.others = EasyDict()
2022-08-20 17:47:05,308 - DGCNN_ModelNet40_1024pts - INFO - cfgs.dataset.train.others.subset : train
2022-08-20 17:47:05,309 - DGCNN_ModelNet40_1024pts - INFO - cfgs.dataset.train.others.bs : 32
2022-08-20 17:47:05,309 - DGCNN_ModelNet40_1024pts - INFO - cfgs.dataset.valid = EasyDict()
2022-08-20 17:47:05,310 - DGCNN_ModelNet40_1024pts - INFO - cfgs.dataset.valid._base_ = EasyDict()
2022-08-20 17:47:05,311 - DGCNN_ModelNet40_1024pts - INFO - cfgs.dataset.valid._base_.name : ModelNet40
2022-08-20 17:47:05,311 - DGCNN_ModelNet40_1024pts - INFO - cfgs.dataset.valid._base_.dataset_path : data/ModelNet/ModelNet40
2022-08-20 17:47:05,312 - DGCNN_ModelNet40_1024pts - INFO - cfgs.dataset.valid._base_.pointcloud_path : data/ModelNet/dataset
2022-08-20 17:47:05,313 - DGCNN_ModelNet40_1024pts - INFO - cfgs.dataset.valid._base_.n_point_all : 8192
2022-08-20 17:47:05,313 - DGCNN_ModelNet40_1024pts - INFO - cfgs.dataset.valid._base_.n_class : 40
2022-08-20 17:47:05,314 - DGCNN_ModelNet40_1024pts - INFO - cfgs.dataset.valid.others = EasyDict()
2022-08-20 17:47:05,315 - DGCNN_ModelNet40_1024pts - INFO - cfgs.dataset.valid.others.subset : test
2022-08-20 17:47:05,315 - DGCNN_ModelNet40_1024pts - INFO - cfgs.dataset.valid.others.bs : 32
2022-08-20 17:47:05,316 - DGCNN_ModelNet40_1024pts - INFO - cfgs.dataset.test = EasyDict()
2022-08-20 17:47:05,317 - DGCNN_ModelNet40_1024pts - INFO - cfgs.dataset.test._base_ = EasyDict()
2022-08-20 17:47:05,317 - DGCNN_ModelNet40_1024pts - INFO - cfgs.dataset.test._base_.name : ModelNet40
2022-08-20 17:47:05,318 - DGCNN_ModelNet40_1024pts - INFO - cfgs.dataset.test._base_.dataset_path : data/ModelNet/ModelNet40
2022-08-20 17:47:05,318 - DGCNN_ModelNet40_1024pts - INFO - cfgs.dataset.test._base_.pointcloud_path : data/ModelNet/dataset
2022-08-20 17:47:05,319 - DGCNN_ModelNet40_1024pts - INFO - cfgs.dataset.test._base_.n_point_all : 8192
2022-08-20 17:47:05,320 - DGCNN_ModelNet40_1024pts - INFO - cfgs.dataset.test._base_.n_class : 40
2022-08-20 17:47:05,322 - DGCNN_ModelNet40_1024pts - INFO - cfgs.dataset.test.others = EasyDict()
2022-08-20 17:47:05,323 - DGCNN_ModelNet40_1024pts - INFO - cfgs.dataset.test.others.subset : test
2022-08-20 17:47:05,323 - DGCNN_ModelNet40_1024pts - INFO - cfgs.dataset.test.others.bs : 32
2022-08-20 17:47:05,324 - DGCNN_ModelNet40_1024pts - INFO - cfgs.model = EasyDict()
2022-08-20 17:47:05,325 - DGCNN_ModelNet40_1024pts - INFO - cfgs.model.name : DGCNNCls
2022-08-20 17:47:05,325 - DGCNN_ModelNet40_1024pts - INFO - cfgs.model.n_class : 40
2022-08-20 17:47:05,326 - DGCNN_ModelNet40_1024pts - INFO - cfgs.model.n_point : 1024
2022-08-20 17:47:05,326 - DGCNN_ModelNet40_1024pts - INFO - cfgs.model.k_point : 20
2022-08-20 17:47:05,327 - DGCNN_ModelNet40_1024pts - INFO - cfgs.model.d_embed : 1024
2022-08-20 17:47:05,328 - DGCNN_ModelNet40_1024pts - INFO - cfgs.model.dropout : 0.5
2022-08-20 17:47:05,328 - DGCNN_ModelNet40_1024pts - INFO - cfgs.model.use_normals : False
2022-08-20 17:47:05,329 - DGCNN_ModelNet40_1024pts - INFO - cfgs.loss = EasyDict()
2022-08-20 17:47:05,330 - DGCNN_ModelNet40_1024pts - INFO - cfgs.loss.name : DGCNNLoss
2022-08-20 17:47:05,330 - DGCNN_ModelNet40_1024pts - INFO - cfgs.loss.kwargs = EasyDict()
2022-08-20 17:47:05,331 - DGCNN_ModelNet40_1024pts - INFO - cfgs.loss.kwargs.smoothing : True
2022-08-20 17:47:05,332 - DGCNN_ModelNet40_1024pts - INFO - cfgs.optimizer = EasyDict()
2022-08-20 17:47:05,332 - DGCNN_ModelNet40_1024pts - INFO - cfgs.optimizer.type : AdamW
2022-08-20 17:47:05,333 - DGCNN_ModelNet40_1024pts - INFO - cfgs.optimizer.kwargs = EasyDict()
2022-08-20 17:47:05,333 - DGCNN_ModelNet40_1024pts - INFO - cfgs.optimizer.kwargs.lr : 0.001
2022-08-20 17:47:05,334 - DGCNN_ModelNet40_1024pts - INFO - cfgs.optimizer.kwargs.weight_decay : 0.0001
2022-08-20 17:47:05,335 - DGCNN_ModelNet40_1024pts - INFO - cfgs.scheduler = EasyDict()
2022-08-20 17:47:05,335 - DGCNN_ModelNet40_1024pts - INFO - cfgs.scheduler.type : CosineAnnealingLR
2022-08-20 17:47:05,336 - DGCNN_ModelNet40_1024pts - INFO - cfgs.scheduler.kwargs = EasyDict()
2022-08-20 17:47:05,336 - DGCNN_ModelNet40_1024pts - INFO - cfgs.scheduler.kwargs.epochs : 200
2022-08-20 17:47:05,337 - DGCNN_ModelNet40_1024pts - INFO - cfgs.scheduler.kwargs.eta_min : 0.001
2022-08-20 17:47:05,337 - DGCNN_ModelNet40_1024pts - INFO - cfgs.bs_train : 32
2022-08-20 17:47:05,338 - DGCNN_ModelNet40_1024pts - INFO - cfgs.bs_valid : 32
2022-08-20 17:47:05,338 - DGCNN_ModelNet40_1024pts - INFO - cfgs.bs_test : 32
2022-08-20 17:47:05,339 - DGCNN_ModelNet40_1024pts - INFO - cfgs.n_point : 1024
2022-08-20 17:47:05,339 - DGCNN_ModelNet40_1024pts - INFO - cfgs.max_epoch : 200
2022-08-20 17:47:05,340 - DGCNN_ModelNet40_1024pts - INFO - Set random seed to 0, deterministic: False
2022-08-20 17:47:05,384 - DGCNN_ModelNet40_1024pts - INFO - Training from scratch
