2022-08-20 14:26:49,211 - DGCNN_ModelNet40_1024pts - INFO - args.cfg_file : ./configs/models_cls/models_ModelNet/DGCNN_ModelNet40_1024pts.yaml
2022-08-20 14:26:49,212 - DGCNN_ModelNet40_1024pts - INFO - args.local_rank : 0
2022-08-20 14:26:49,213 - DGCNN_ModelNet40_1024pts - INFO - args.use_gpu : False
2022-08-20 14:26:49,214 - DGCNN_ModelNet40_1024pts - INFO - args.gpu : 0
2022-08-20 14:26:49,214 - DGCNN_ModelNet40_1024pts - INFO - args.num_workers : 4
2022-08-20 14:26:49,215 - DGCNN_ModelNet40_1024pts - INFO - args.seed : 0
2022-08-20 14:26:49,215 - DGCNN_ModelNet40_1024pts - INFO - args.deterministic : False
2022-08-20 14:26:49,216 - DGCNN_ModelNet40_1024pts - INFO - args.exp_name : train
2022-08-20 14:26:49,217 - DGCNN_ModelNet40_1024pts - INFO - args.start_ckpts : None
2022-08-20 14:26:49,218 - DGCNN_ModelNet40_1024pts - INFO - args.ckpts : None
2022-08-20 14:26:49,219 - DGCNN_ModelNet40_1024pts - INFO - args.val_freq : 1
2022-08-20 14:26:49,220 - DGCNN_ModelNet40_1024pts - INFO - args.resume : False
2022-08-20 14:26:49,222 - DGCNN_ModelNet40_1024pts - INFO - args.test : False
2022-08-20 14:26:49,225 - DGCNN_ModelNet40_1024pts - INFO - args.finetune_model : False
2022-08-20 14:26:49,227 - DGCNN_ModelNet40_1024pts - INFO - args.scratch_model : False
2022-08-20 14:26:49,227 - DGCNN_ModelNet40_1024pts - INFO - args.label_smoothing : False
2022-08-20 14:26:49,230 - DGCNN_ModelNet40_1024pts - INFO - args.mode : None
2022-08-20 14:26:49,231 - DGCNN_ModelNet40_1024pts - INFO - args.way : -1
2022-08-20 14:26:49,233 - DGCNN_ModelNet40_1024pts - INFO - args.shot : -1
2022-08-20 14:26:49,234 - DGCNN_ModelNet40_1024pts - INFO - args.fold : -1
2022-08-20 14:26:49,235 - DGCNN_ModelNet40_1024pts - INFO - args.experiment_path : ./experiments/DGCNN/ModelNet40/1024pts/train
2022-08-20 14:26:49,236 - DGCNN_ModelNet40_1024pts - INFO - args.tfboard_path : ./experiments/DGCNN/ModelNet40/1024pts/TFBoard/train
2022-08-20 14:26:49,238 - DGCNN_ModelNet40_1024pts - INFO - args.log_name : DGCNN_ModelNet40_1024pts
2022-08-20 14:26:49,239 - DGCNN_ModelNet40_1024pts - INFO - args.distributed : False
2022-08-20 14:26:49,240 - DGCNN_ModelNet40_1024pts - INFO - cfgs.optimizer = EasyDict()
2022-08-20 14:26:49,241 - DGCNN_ModelNet40_1024pts - INFO - cfgs.optimizer.type : AdamW
2022-08-20 14:26:49,242 - DGCNN_ModelNet40_1024pts - INFO - cfgs.optimizer.kwargs = EasyDict()
2022-08-20 14:26:49,243 - DGCNN_ModelNet40_1024pts - INFO - cfgs.optimizer.kwargs.lr : 0.001
2022-08-20 14:26:49,244 - DGCNN_ModelNet40_1024pts - INFO - cfgs.optimizer.kwargs.weight_decay : 0.0001
2022-08-20 14:26:49,246 - DGCNN_ModelNet40_1024pts - INFO - cfgs.scheduler = EasyDict()
2022-08-20 14:26:49,247 - DGCNN_ModelNet40_1024pts - INFO - cfgs.scheduler.type : CosineAnnealingLR
2022-08-20 14:26:49,249 - DGCNN_ModelNet40_1024pts - INFO - cfgs.scheduler.kwargs = EasyDict()
2022-08-20 14:26:49,251 - DGCNN_ModelNet40_1024pts - INFO - cfgs.scheduler.kwargs.epochs : 200
2022-08-20 14:26:49,252 - DGCNN_ModelNet40_1024pts - INFO - cfgs.scheduler.kwargs.eta_min : 0.001
2022-08-20 14:26:49,253 - DGCNN_ModelNet40_1024pts - INFO - cfgs.dataset = EasyDict()
2022-08-20 14:26:49,255 - DGCNN_ModelNet40_1024pts - INFO - cfgs.dataset.name : ModelNet40
2022-08-20 14:26:49,258 - DGCNN_ModelNet40_1024pts - INFO - cfgs.dataset.train = EasyDict()
2022-08-20 14:26:49,262 - DGCNN_ModelNet40_1024pts - INFO - cfgs.dataset.train._base_ = EasyDict()
2022-08-20 14:26:49,264 - DGCNN_ModelNet40_1024pts - INFO - cfgs.dataset.train._base_.name : ModelNet40
2022-08-20 14:26:49,265 - DGCNN_ModelNet40_1024pts - INFO - cfgs.dataset.train._base_.dataset_path : data/ModelNet/ModelNet40
2022-08-20 14:26:49,267 - DGCNN_ModelNet40_1024pts - INFO - cfgs.dataset.train._base_.pointcloud_path : data/ModelNet/dataset
2022-08-20 14:26:49,268 - DGCNN_ModelNet40_1024pts - INFO - cfgs.dataset.train._base_.n_point_all : 8192
2022-08-20 14:26:49,270 - DGCNN_ModelNet40_1024pts - INFO - cfgs.dataset.train._base_.n_class : 40
2022-08-20 14:26:49,272 - DGCNN_ModelNet40_1024pts - INFO - cfgs.dataset.train.others = EasyDict()
2022-08-20 14:26:49,273 - DGCNN_ModelNet40_1024pts - INFO - cfgs.dataset.train.others.subset : train
2022-08-20 14:26:49,274 - DGCNN_ModelNet40_1024pts - INFO - cfgs.dataset.train.others.use_normals : False
2022-08-20 14:26:49,276 - DGCNN_ModelNet40_1024pts - INFO - cfgs.dataset.train.others.bs : 32
2022-08-20 14:26:49,277 - DGCNN_ModelNet40_1024pts - INFO - cfgs.dataset.valid = EasyDict()
2022-08-20 14:26:49,278 - DGCNN_ModelNet40_1024pts - INFO - cfgs.dataset.valid._base_ = EasyDict()
2022-08-20 14:26:49,283 - DGCNN_ModelNet40_1024pts - INFO - cfgs.dataset.valid._base_.name : ModelNet40
2022-08-20 14:26:49,284 - DGCNN_ModelNet40_1024pts - INFO - cfgs.dataset.valid._base_.dataset_path : data/ModelNet/ModelNet40
2022-08-20 14:26:49,286 - DGCNN_ModelNet40_1024pts - INFO - cfgs.dataset.valid._base_.pointcloud_path : data/ModelNet/dataset
2022-08-20 14:26:49,287 - DGCNN_ModelNet40_1024pts - INFO - cfgs.dataset.valid._base_.n_point_all : 8192
2022-08-20 14:26:49,289 - DGCNN_ModelNet40_1024pts - INFO - cfgs.dataset.valid._base_.n_class : 40
2022-08-20 14:26:49,292 - DGCNN_ModelNet40_1024pts - INFO - cfgs.dataset.valid.others = EasyDict()
2022-08-20 14:26:49,295 - DGCNN_ModelNet40_1024pts - INFO - cfgs.dataset.valid.others.subset : test
2022-08-20 14:26:49,297 - DGCNN_ModelNet40_1024pts - INFO - cfgs.dataset.valid.others.use_normals : False
2022-08-20 14:26:49,299 - DGCNN_ModelNet40_1024pts - INFO - cfgs.dataset.valid.others.bs : 32
2022-08-20 14:26:49,307 - DGCNN_ModelNet40_1024pts - INFO - cfgs.dataset.test = EasyDict()
2022-08-20 14:26:49,308 - DGCNN_ModelNet40_1024pts - INFO - cfgs.dataset.test._base_ = EasyDict()
2022-08-20 14:26:49,309 - DGCNN_ModelNet40_1024pts - INFO - cfgs.dataset.test._base_.name : ModelNet40
2022-08-20 14:26:49,310 - DGCNN_ModelNet40_1024pts - INFO - cfgs.dataset.test._base_.dataset_path : data/ModelNet/ModelNet40
2022-08-20 14:26:49,312 - DGCNN_ModelNet40_1024pts - INFO - cfgs.dataset.test._base_.pointcloud_path : data/ModelNet/dataset
2022-08-20 14:26:49,313 - DGCNN_ModelNet40_1024pts - INFO - cfgs.dataset.test._base_.n_point_all : 8192
2022-08-20 14:26:49,314 - DGCNN_ModelNet40_1024pts - INFO - cfgs.dataset.test._base_.n_class : 40
2022-08-20 14:26:49,316 - DGCNN_ModelNet40_1024pts - INFO - cfgs.dataset.test.others = EasyDict()
2022-08-20 14:26:49,317 - DGCNN_ModelNet40_1024pts - INFO - cfgs.dataset.test.others.subset : test
2022-08-20 14:26:49,318 - DGCNN_ModelNet40_1024pts - INFO - cfgs.dataset.test.others.use_normals : False
2022-08-20 14:26:49,319 - DGCNN_ModelNet40_1024pts - INFO - cfgs.dataset.test.others.bs : 32
2022-08-20 14:26:49,321 - DGCNN_ModelNet40_1024pts - INFO - cfgs.model = EasyDict()
2022-08-20 14:26:49,325 - DGCNN_ModelNet40_1024pts - INFO - cfgs.model.name : DGCNNCls
2022-08-20 14:26:49,326 - DGCNN_ModelNet40_1024pts - INFO - cfgs.model.k_point : 20
2022-08-20 14:26:49,328 - DGCNN_ModelNet40_1024pts - INFO - cfgs.model.d_embed : 1024
2022-08-20 14:26:49,329 - DGCNN_ModelNet40_1024pts - INFO - cfgs.model.dropout : 0.5
2022-08-20 14:26:49,331 - DGCNN_ModelNet40_1024pts - INFO - cfgs.bs_train : 32
2022-08-20 14:26:49,332 - DGCNN_ModelNet40_1024pts - INFO - cfgs.bs_valid : 32
2022-08-20 14:26:49,333 - DGCNN_ModelNet40_1024pts - INFO - cfgs.bs_test : 32
2022-08-20 14:26:49,334 - DGCNN_ModelNet40_1024pts - INFO - cfgs.n_point : 1024
2022-08-20 14:26:49,335 - DGCNN_ModelNet40_1024pts - INFO - cfgs.max_epoch : 200
2022-08-20 14:26:49,336 - DGCNN_ModelNet40_1024pts - INFO - Set random seed to 0, deterministic: False
