2022-08-16 12:23:01,684 - DGCNN_ModelNet40_1024pts - INFO - args.cfg_file : .\configs\models_cls\models_ModelNet\DGCNN_ModelNet40_1024pts.yaml
2022-08-16 12:23:01,685 - DGCNN_ModelNet40_1024pts - INFO - args.launcher : none
2022-08-16 12:23:01,686 - DGCNN_ModelNet40_1024pts - INFO - args.local_rank : 0
2022-08-16 12:23:01,687 - DGCNN_ModelNet40_1024pts - INFO - args.num_workers : 4
2022-08-16 12:23:01,687 - DGCNN_ModelNet40_1024pts - INFO - args.seed : 0
2022-08-16 12:23:01,688 - DGCNN_ModelNet40_1024pts - INFO - args.deterministic : False
2022-08-16 12:23:01,689 - DGCNN_ModelNet40_1024pts - INFO - args.sync_bn : False
2022-08-16 12:23:01,690 - DGCNN_ModelNet40_1024pts - INFO - args.exp_name : train
2022-08-16 12:23:01,691 - DGCNN_ModelNet40_1024pts - INFO - args.start_ckpts : None
2022-08-16 12:23:01,691 - DGCNN_ModelNet40_1024pts - INFO - args.ckpts : None
2022-08-16 12:23:01,692 - DGCNN_ModelNet40_1024pts - INFO - args.val_freq : 1
2022-08-16 12:23:01,693 - DGCNN_ModelNet40_1024pts - INFO - args.resume : False
2022-08-16 12:23:01,694 - DGCNN_ModelNet40_1024pts - INFO - args.test : False
2022-08-16 12:23:01,694 - DGCNN_ModelNet40_1024pts - INFO - args.finetune_model : False
2022-08-16 12:23:01,695 - DGCNN_ModelNet40_1024pts - INFO - args.scratch_model : False
2022-08-16 12:23:01,696 - DGCNN_ModelNet40_1024pts - INFO - args.label_smoothing : False
2022-08-16 12:23:01,697 - DGCNN_ModelNet40_1024pts - INFO - args.mode : None
2022-08-16 12:23:01,698 - DGCNN_ModelNet40_1024pts - INFO - args.way : -1
2022-08-16 12:23:01,699 - DGCNN_ModelNet40_1024pts - INFO - args.shot : -1
2022-08-16 12:23:01,703 - DGCNN_ModelNet40_1024pts - INFO - args.fold : -1
2022-08-16 12:23:01,704 - DGCNN_ModelNet40_1024pts - INFO - args.experiment_path : ./experiments/DGCNN/ModelNet40/1024pts/train
2022-08-16 12:23:01,704 - DGCNN_ModelNet40_1024pts - INFO - args.tfboard_path : ./experiments/DGCNN/ModelNet40/1024pts/TFBoard/train
2022-08-16 12:23:01,706 - DGCNN_ModelNet40_1024pts - INFO - args.log_name : DGCNN_ModelNet40_1024pts
2022-08-16 12:23:01,707 - DGCNN_ModelNet40_1024pts - INFO - args.use_gpu : False
2022-08-16 12:23:01,707 - DGCNN_ModelNet40_1024pts - INFO - args.distributed : False
2022-08-16 12:23:01,709 - DGCNN_ModelNet40_1024pts - INFO - cfgs.optimizer = EasyDict()
2022-08-16 12:23:01,710 - DGCNN_ModelNet40_1024pts - INFO - cfgs.optimizer.type : AdamW
2022-08-16 12:23:01,711 - DGCNN_ModelNet40_1024pts - INFO - cfgs.optimizer.kwargs = EasyDict()
2022-08-16 12:23:01,712 - DGCNN_ModelNet40_1024pts - INFO - cfgs.optimizer.kwargs.lr : 0.001
2022-08-16 12:23:01,712 - DGCNN_ModelNet40_1024pts - INFO - cfgs.optimizer.kwargs.weight_decay : 0.0001
2022-08-16 12:23:01,713 - DGCNN_ModelNet40_1024pts - INFO - cfgs.scheduler = EasyDict()
2022-08-16 12:23:01,717 - DGCNN_ModelNet40_1024pts - INFO - cfgs.scheduler.type : CosineAnnealingLR
2022-08-16 12:23:01,718 - DGCNN_ModelNet40_1024pts - INFO - cfgs.scheduler.kwargs = EasyDict()
2022-08-16 12:23:01,719 - DGCNN_ModelNet40_1024pts - INFO - cfgs.scheduler.kwargs.epochs : 200
2022-08-16 12:23:01,719 - DGCNN_ModelNet40_1024pts - INFO - cfgs.scheduler.kwargs.eta_min : 0.001
2022-08-16 12:23:01,720 - DGCNN_ModelNet40_1024pts - INFO - cfgs.dataset = EasyDict()
2022-08-16 12:23:01,721 - DGCNN_ModelNet40_1024pts - INFO - cfgs.dataset.name : ModelNet40
2022-08-16 12:23:01,722 - DGCNN_ModelNet40_1024pts - INFO - cfgs.dataset.train = EasyDict()
2022-08-16 12:23:01,722 - DGCNN_ModelNet40_1024pts - INFO - cfgs.dataset.train._base_ = EasyDict()
2022-08-16 12:23:01,723 - DGCNN_ModelNet40_1024pts - INFO - cfgs.dataset.train._base_.name : ModelNet40
2022-08-16 12:23:01,725 - DGCNN_ModelNet40_1024pts - INFO - cfgs.dataset.train._base_.dataset_path : data/ModelNet/ModelNet40
2022-08-16 12:23:01,726 - DGCNN_ModelNet40_1024pts - INFO - cfgs.dataset.train._base_.pointcloud_path : data/ModelNet
2022-08-16 12:23:01,727 - DGCNN_ModelNet40_1024pts - INFO - cfgs.dataset.train._base_.n_point : 8192
2022-08-16 12:23:01,727 - DGCNN_ModelNet40_1024pts - INFO - cfgs.dataset.train._base_.n_class : 40
2022-08-16 12:23:01,731 - DGCNN_ModelNet40_1024pts - INFO - cfgs.dataset.train.others = EasyDict()
2022-08-16 12:23:01,733 - DGCNN_ModelNet40_1024pts - INFO - cfgs.dataset.train.others.subset : train
2022-08-16 12:23:01,735 - DGCNN_ModelNet40_1024pts - INFO - cfgs.dataset.train.others.use_normals : False
2022-08-16 12:23:01,737 - DGCNN_ModelNet40_1024pts - INFO - cfgs.dataset.train.others.bs : 32
2022-08-16 12:23:01,738 - DGCNN_ModelNet40_1024pts - INFO - cfgs.dataset.valid = EasyDict()
2022-08-16 12:23:01,739 - DGCNN_ModelNet40_1024pts - INFO - cfgs.dataset.valid._base_ = EasyDict()
2022-08-16 12:23:01,740 - DGCNN_ModelNet40_1024pts - INFO - cfgs.dataset.valid._base_.name : ModelNet40
2022-08-16 12:23:01,741 - DGCNN_ModelNet40_1024pts - INFO - cfgs.dataset.valid._base_.dataset_path : data/ModelNet/ModelNet40
2022-08-16 12:23:01,742 - DGCNN_ModelNet40_1024pts - INFO - cfgs.dataset.valid._base_.pointcloud_path : data/ModelNet
2022-08-16 12:23:01,743 - DGCNN_ModelNet40_1024pts - INFO - cfgs.dataset.valid._base_.n_point : 8192
2022-08-16 12:23:01,744 - DGCNN_ModelNet40_1024pts - INFO - cfgs.dataset.valid._base_.n_class : 40
2022-08-16 12:23:01,744 - DGCNN_ModelNet40_1024pts - INFO - cfgs.dataset.valid.others = EasyDict()
2022-08-16 12:23:01,745 - DGCNN_ModelNet40_1024pts - INFO - cfgs.dataset.valid.others.subset : test
2022-08-16 12:23:01,747 - DGCNN_ModelNet40_1024pts - INFO - cfgs.dataset.valid.others.use_normals : False
2022-08-16 12:23:01,748 - DGCNN_ModelNet40_1024pts - INFO - cfgs.dataset.valid.others.bs : 32
2022-08-16 12:23:01,749 - DGCNN_ModelNet40_1024pts - INFO - cfgs.dataset.test = EasyDict()
2022-08-16 12:23:01,750 - DGCNN_ModelNet40_1024pts - INFO - cfgs.dataset.test._base_ = EasyDict()
2022-08-16 12:23:01,751 - DGCNN_ModelNet40_1024pts - INFO - cfgs.dataset.test._base_.name : ModelNet40
2022-08-16 12:23:01,752 - DGCNN_ModelNet40_1024pts - INFO - cfgs.dataset.test._base_.dataset_path : data/ModelNet/ModelNet40
2022-08-16 12:23:01,753 - DGCNN_ModelNet40_1024pts - INFO - cfgs.dataset.test._base_.pointcloud_path : data/ModelNet
2022-08-16 12:23:01,753 - DGCNN_ModelNet40_1024pts - INFO - cfgs.dataset.test._base_.n_point : 8192
2022-08-16 12:23:01,754 - DGCNN_ModelNet40_1024pts - INFO - cfgs.dataset.test._base_.n_class : 40
2022-08-16 12:23:01,755 - DGCNN_ModelNet40_1024pts - INFO - cfgs.dataset.test.others = EasyDict()
2022-08-16 12:23:01,756 - DGCNN_ModelNet40_1024pts - INFO - cfgs.dataset.test.others.subset : test
2022-08-16 12:23:01,757 - DGCNN_ModelNet40_1024pts - INFO - cfgs.dataset.test.others.use_normals : False
2022-08-16 12:23:01,758 - DGCNN_ModelNet40_1024pts - INFO - cfgs.dataset.test.others.bs : 32
2022-08-16 12:23:01,760 - DGCNN_ModelNet40_1024pts - INFO - cfgs.model = EasyDict()
2022-08-16 12:23:01,760 - DGCNN_ModelNet40_1024pts - INFO - cfgs.model.name : DGCNNCls
2022-08-16 12:23:01,761 - DGCNN_ModelNet40_1024pts - INFO - cfgs.model.k_point : 20
2022-08-16 12:23:01,762 - DGCNN_ModelNet40_1024pts - INFO - cfgs.model.d_embed : 1024
2022-08-16 12:23:01,763 - DGCNN_ModelNet40_1024pts - INFO - cfgs.model.dropout : 0.5
2022-08-16 12:23:01,765 - DGCNN_ModelNet40_1024pts - INFO - cfgs.bs_train : 32
2022-08-16 12:23:01,767 - DGCNN_ModelNet40_1024pts - INFO - cfgs.bs_valid : 32
2022-08-16 12:23:01,769 - DGCNN_ModelNet40_1024pts - INFO - cfgs.bs_test : 32
2022-08-16 12:23:01,771 - DGCNN_ModelNet40_1024pts - INFO - cfgs.n_point : 1024
2022-08-16 12:23:01,771 - DGCNN_ModelNet40_1024pts - INFO - cfgs.max_epoch : 200
2022-08-16 12:23:01,772 - DGCNN_ModelNet40_1024pts - INFO - Distributed training: False
2022-08-16 12:23:01,775 - DGCNN_ModelNet40_1024pts - INFO - Set random seed to 0, deterministic: False
