2022-08-20 18:00:17,611 - DGCNN_ModelNet40_1024pts - INFO - args.cfg_file : ./configs/models_cls/models_ModelNet/DGCNN_ModelNet40_1024pts.yaml
2022-08-20 18:00:17,612 - DGCNN_ModelNet40_1024pts - INFO - args.local_rank : 0
2022-08-20 18:00:17,612 - DGCNN_ModelNet40_1024pts - INFO - args.use_gpu : False
2022-08-20 18:00:17,613 - DGCNN_ModelNet40_1024pts - INFO - args.gpu : 0
2022-08-20 18:00:17,613 - DGCNN_ModelNet40_1024pts - INFO - args.num_workers : 4
2022-08-20 18:00:17,614 - DGCNN_ModelNet40_1024pts - INFO - args.seed : 0
2022-08-20 18:00:17,614 - DGCNN_ModelNet40_1024pts - INFO - args.deterministic : False
2022-08-20 18:00:17,617 - DGCNN_ModelNet40_1024pts - INFO - args.exp_name : train
2022-08-20 18:00:17,617 - DGCNN_ModelNet40_1024pts - INFO - args.start_ckpts : None
2022-08-20 18:00:17,618 - DGCNN_ModelNet40_1024pts - INFO - args.ckpts : None
2022-08-20 18:00:17,618 - DGCNN_ModelNet40_1024pts - INFO - args.val_freq : 1
2022-08-20 18:00:17,619 - DGCNN_ModelNet40_1024pts - INFO - args.resume : False
2022-08-20 18:00:17,619 - DGCNN_ModelNet40_1024pts - INFO - args.test : False
2022-08-20 18:00:17,620 - DGCNN_ModelNet40_1024pts - INFO - args.finetune_model : False
2022-08-20 18:00:17,621 - DGCNN_ModelNet40_1024pts - INFO - args.scratch_model : False
2022-08-20 18:00:17,621 - DGCNN_ModelNet40_1024pts - INFO - args.label_smoothing : False
2022-08-20 18:00:17,622 - DGCNN_ModelNet40_1024pts - INFO - args.mode : None
2022-08-20 18:00:17,622 - DGCNN_ModelNet40_1024pts - INFO - args.way : -1
2022-08-20 18:00:17,623 - DGCNN_ModelNet40_1024pts - INFO - args.shot : -1
2022-08-20 18:00:17,623 - DGCNN_ModelNet40_1024pts - INFO - args.fold : -1
2022-08-20 18:00:17,623 - DGCNN_ModelNet40_1024pts - INFO - args.experiment_path : ./experiments/DGCNN/ModelNet40/1024pts/train
2022-08-20 18:00:17,624 - DGCNN_ModelNet40_1024pts - INFO - args.tfboard_path : ./experiments/DGCNN/ModelNet40/1024pts/TFBoard/train
2022-08-20 18:00:17,624 - DGCNN_ModelNet40_1024pts - INFO - args.log_name : DGCNN_ModelNet40_1024pts
2022-08-20 18:00:17,625 - DGCNN_ModelNet40_1024pts - INFO - args.distributed : False
2022-08-20 18:00:17,626 - DGCNN_ModelNet40_1024pts - INFO - cfgs.dataset = EasyDict()
2022-08-20 18:00:17,626 - DGCNN_ModelNet40_1024pts - INFO - cfgs.dataset.name : ModelNet40
2022-08-20 18:00:17,627 - DGCNN_ModelNet40_1024pts - INFO - cfgs.dataset.train = EasyDict()
2022-08-20 18:00:17,628 - DGCNN_ModelNet40_1024pts - INFO - cfgs.dataset.train._base_ = EasyDict()
2022-08-20 18:00:17,629 - DGCNN_ModelNet40_1024pts - INFO - cfgs.dataset.train._base_.name : ModelNet40
2022-08-20 18:00:17,629 - DGCNN_ModelNet40_1024pts - INFO - cfgs.dataset.train._base_.dataset_path : data/ModelNet/ModelNet40
2022-08-20 18:00:17,630 - DGCNN_ModelNet40_1024pts - INFO - cfgs.dataset.train._base_.pointcloud_path : data/ModelNet/dataset
2022-08-20 18:00:17,631 - DGCNN_ModelNet40_1024pts - INFO - cfgs.dataset.train._base_.n_point_all : 8192
2022-08-20 18:00:17,632 - DGCNN_ModelNet40_1024pts - INFO - cfgs.dataset.train._base_.n_class : 40
2022-08-20 18:00:17,632 - DGCNN_ModelNet40_1024pts - INFO - cfgs.dataset.train.others = EasyDict()
2022-08-20 18:00:17,634 - DGCNN_ModelNet40_1024pts - INFO - cfgs.dataset.train.others.subset : train
2022-08-20 18:00:17,635 - DGCNN_ModelNet40_1024pts - INFO - cfgs.dataset.train.others.bs : 32
2022-08-20 18:00:17,635 - DGCNN_ModelNet40_1024pts - INFO - cfgs.dataset.valid = EasyDict()
2022-08-20 18:00:17,636 - DGCNN_ModelNet40_1024pts - INFO - cfgs.dataset.valid._base_ = EasyDict()
2022-08-20 18:00:17,637 - DGCNN_ModelNet40_1024pts - INFO - cfgs.dataset.valid._base_.name : ModelNet40
2022-08-20 18:00:17,638 - DGCNN_ModelNet40_1024pts - INFO - cfgs.dataset.valid._base_.dataset_path : data/ModelNet/ModelNet40
2022-08-20 18:00:17,638 - DGCNN_ModelNet40_1024pts - INFO - cfgs.dataset.valid._base_.pointcloud_path : data/ModelNet/dataset
2022-08-20 18:00:17,639 - DGCNN_ModelNet40_1024pts - INFO - cfgs.dataset.valid._base_.n_point_all : 8192
2022-08-20 18:00:17,639 - DGCNN_ModelNet40_1024pts - INFO - cfgs.dataset.valid._base_.n_class : 40
2022-08-20 18:00:17,640 - DGCNN_ModelNet40_1024pts - INFO - cfgs.dataset.valid.others = EasyDict()
2022-08-20 18:00:17,641 - DGCNN_ModelNet40_1024pts - INFO - cfgs.dataset.valid.others.subset : test
2022-08-20 18:00:17,642 - DGCNN_ModelNet40_1024pts - INFO - cfgs.dataset.valid.others.bs : 32
2022-08-20 18:00:17,643 - DGCNN_ModelNet40_1024pts - INFO - cfgs.dataset.test = EasyDict()
2022-08-20 18:00:17,643 - DGCNN_ModelNet40_1024pts - INFO - cfgs.dataset.test._base_ = EasyDict()
2022-08-20 18:00:17,644 - DGCNN_ModelNet40_1024pts - INFO - cfgs.dataset.test._base_.name : ModelNet40
2022-08-20 18:00:17,644 - DGCNN_ModelNet40_1024pts - INFO - cfgs.dataset.test._base_.dataset_path : data/ModelNet/ModelNet40
2022-08-20 18:00:17,645 - DGCNN_ModelNet40_1024pts - INFO - cfgs.dataset.test._base_.pointcloud_path : data/ModelNet/dataset
2022-08-20 18:00:17,647 - DGCNN_ModelNet40_1024pts - INFO - cfgs.dataset.test._base_.n_point_all : 8192
2022-08-20 18:00:17,648 - DGCNN_ModelNet40_1024pts - INFO - cfgs.dataset.test._base_.n_class : 40
2022-08-20 18:00:17,648 - DGCNN_ModelNet40_1024pts - INFO - cfgs.dataset.test.others = EasyDict()
2022-08-20 18:00:17,649 - DGCNN_ModelNet40_1024pts - INFO - cfgs.dataset.test.others.subset : test
2022-08-20 18:00:17,649 - DGCNN_ModelNet40_1024pts - INFO - cfgs.dataset.test.others.bs : 32
2022-08-20 18:00:17,650 - DGCNN_ModelNet40_1024pts - INFO - cfgs.model = EasyDict()
2022-08-20 18:00:17,650 - DGCNN_ModelNet40_1024pts - INFO - cfgs.model.name : DGCNNCls
2022-08-20 18:00:17,651 - DGCNN_ModelNet40_1024pts - INFO - cfgs.model.n_class : 40
2022-08-20 18:00:17,651 - DGCNN_ModelNet40_1024pts - INFO - cfgs.model.n_point : 1024
2022-08-20 18:00:17,652 - DGCNN_ModelNet40_1024pts - INFO - cfgs.model.k_point : 20
2022-08-20 18:00:17,653 - DGCNN_ModelNet40_1024pts - INFO - cfgs.model.d_embed : 1024
2022-08-20 18:00:17,654 - DGCNN_ModelNet40_1024pts - INFO - cfgs.model.dropout : 0.5
2022-08-20 18:00:17,654 - DGCNN_ModelNet40_1024pts - INFO - cfgs.model.use_normals : False
2022-08-20 18:00:17,655 - DGCNN_ModelNet40_1024pts - INFO - cfgs.loss = EasyDict()
2022-08-20 18:00:17,655 - DGCNN_ModelNet40_1024pts - INFO - cfgs.loss.name : DGCNNLoss
2022-08-20 18:00:17,656 - DGCNN_ModelNet40_1024pts - INFO - cfgs.loss.kwargs = EasyDict()
2022-08-20 18:00:17,656 - DGCNN_ModelNet40_1024pts - INFO - cfgs.loss.kwargs.smoothing : True
2022-08-20 18:00:17,657 - DGCNN_ModelNet40_1024pts - INFO - cfgs.optimizer = EasyDict()
2022-08-20 18:00:17,658 - DGCNN_ModelNet40_1024pts - INFO - cfgs.optimizer.type : AdamW
2022-08-20 18:00:17,658 - DGCNN_ModelNet40_1024pts - INFO - cfgs.optimizer.kwargs = EasyDict()
2022-08-20 18:00:17,659 - DGCNN_ModelNet40_1024pts - INFO - cfgs.optimizer.kwargs.lr : 0.001
2022-08-20 18:00:17,660 - DGCNN_ModelNet40_1024pts - INFO - cfgs.optimizer.kwargs.weight_decay : 0.0001
2022-08-20 18:00:17,663 - DGCNN_ModelNet40_1024pts - INFO - cfgs.scheduler = EasyDict()
2022-08-20 18:00:17,663 - DGCNN_ModelNet40_1024pts - INFO - cfgs.scheduler.type : LambdaLR
2022-08-20 18:00:17,664 - DGCNN_ModelNet40_1024pts - INFO - cfgs.scheduler.kwargs = EasyDict()
2022-08-20 18:00:17,665 - DGCNN_ModelNet40_1024pts - INFO - cfgs.scheduler.kwargs.epochs : 200
2022-08-20 18:00:17,665 - DGCNN_ModelNet40_1024pts - INFO - cfgs.scheduler.kwargs.eta_min : 0.001
2022-08-20 18:00:17,666 - DGCNN_ModelNet40_1024pts - INFO - cfgs.bs_train : 32
2022-08-20 18:00:17,666 - DGCNN_ModelNet40_1024pts - INFO - cfgs.bs_valid : 32
2022-08-20 18:00:17,667 - DGCNN_ModelNet40_1024pts - INFO - cfgs.bs_test : 32
2022-08-20 18:00:17,667 - DGCNN_ModelNet40_1024pts - INFO - cfgs.n_point : 1024
2022-08-20 18:00:17,668 - DGCNN_ModelNet40_1024pts - INFO - cfgs.max_epoch : 200
2022-08-20 18:00:17,668 - DGCNN_ModelNet40_1024pts - INFO - Set random seed to 0, deterministic: False
2022-08-20 18:00:17,694 - DGCNN_ModelNet40_1024pts - INFO - Training from scratch
