2022-08-20 17:59:43,779 - DGCNN_ModelNet40_1024pts - INFO - args.cfg_file : ./configs/models_cls/models_ModelNet/DGCNN_ModelNet40_1024pts.yaml
2022-08-20 17:59:43,781 - DGCNN_ModelNet40_1024pts - INFO - args.local_rank : 0
2022-08-20 17:59:43,782 - DGCNN_ModelNet40_1024pts - INFO - args.use_gpu : False
2022-08-20 17:59:43,782 - DGCNN_ModelNet40_1024pts - INFO - args.gpu : 0
2022-08-20 17:59:43,783 - DGCNN_ModelNet40_1024pts - INFO - args.num_workers : 4
2022-08-20 17:59:43,783 - DGCNN_ModelNet40_1024pts - INFO - args.seed : 0
2022-08-20 17:59:43,784 - DGCNN_ModelNet40_1024pts - INFO - args.deterministic : False
2022-08-20 17:59:43,784 - DGCNN_ModelNet40_1024pts - INFO - args.exp_name : train
2022-08-20 17:59:43,785 - DGCNN_ModelNet40_1024pts - INFO - args.start_ckpts : None
2022-08-20 17:59:43,785 - DGCNN_ModelNet40_1024pts - INFO - args.ckpts : None
2022-08-20 17:59:43,786 - DGCNN_ModelNet40_1024pts - INFO - args.val_freq : 1
2022-08-20 17:59:43,786 - DGCNN_ModelNet40_1024pts - INFO - args.resume : False
2022-08-20 17:59:43,787 - DGCNN_ModelNet40_1024pts - INFO - args.test : False
2022-08-20 17:59:43,787 - DGCNN_ModelNet40_1024pts - INFO - args.finetune_model : False
2022-08-20 17:59:43,787 - DGCNN_ModelNet40_1024pts - INFO - args.scratch_model : False
2022-08-20 17:59:43,788 - DGCNN_ModelNet40_1024pts - INFO - args.label_smoothing : False
2022-08-20 17:59:43,788 - DGCNN_ModelNet40_1024pts - INFO - args.mode : None
2022-08-20 17:59:43,789 - DGCNN_ModelNet40_1024pts - INFO - args.way : -1
2022-08-20 17:59:43,789 - DGCNN_ModelNet40_1024pts - INFO - args.shot : -1
2022-08-20 17:59:43,790 - DGCNN_ModelNet40_1024pts - INFO - args.fold : -1
2022-08-20 17:59:43,791 - DGCNN_ModelNet40_1024pts - INFO - args.experiment_path : ./experiments/DGCNN/ModelNet40/1024pts/train
2022-08-20 17:59:43,791 - DGCNN_ModelNet40_1024pts - INFO - args.tfboard_path : ./experiments/DGCNN/ModelNet40/1024pts/TFBoard/train
2022-08-20 17:59:43,792 - DGCNN_ModelNet40_1024pts - INFO - args.log_name : DGCNN_ModelNet40_1024pts
2022-08-20 17:59:43,793 - DGCNN_ModelNet40_1024pts - INFO - args.distributed : False
2022-08-20 17:59:43,794 - DGCNN_ModelNet40_1024pts - INFO - cfgs.dataset = EasyDict()
2022-08-20 17:59:43,794 - DGCNN_ModelNet40_1024pts - INFO - cfgs.dataset.name : ModelNet40
2022-08-20 17:59:43,795 - DGCNN_ModelNet40_1024pts - INFO - cfgs.dataset.train = EasyDict()
2022-08-20 17:59:43,795 - DGCNN_ModelNet40_1024pts - INFO - cfgs.dataset.train._base_ = EasyDict()
2022-08-20 17:59:43,796 - DGCNN_ModelNet40_1024pts - INFO - cfgs.dataset.train._base_.name : ModelNet40
2022-08-20 17:59:43,796 - DGCNN_ModelNet40_1024pts - INFO - cfgs.dataset.train._base_.dataset_path : data/ModelNet/ModelNet40
2022-08-20 17:59:43,797 - DGCNN_ModelNet40_1024pts - INFO - cfgs.dataset.train._base_.pointcloud_path : data/ModelNet/dataset
2022-08-20 17:59:43,797 - DGCNN_ModelNet40_1024pts - INFO - cfgs.dataset.train._base_.n_point_all : 8192
2022-08-20 17:59:43,798 - DGCNN_ModelNet40_1024pts - INFO - cfgs.dataset.train._base_.n_class : 40
2022-08-20 17:59:43,799 - DGCNN_ModelNet40_1024pts - INFO - cfgs.dataset.train.others = EasyDict()
2022-08-20 17:59:43,800 - DGCNN_ModelNet40_1024pts - INFO - cfgs.dataset.train.others.subset : train
2022-08-20 17:59:43,800 - DGCNN_ModelNet40_1024pts - INFO - cfgs.dataset.train.others.bs : 32
2022-08-20 17:59:43,801 - DGCNN_ModelNet40_1024pts - INFO - cfgs.dataset.valid = EasyDict()
2022-08-20 17:59:43,801 - DGCNN_ModelNet40_1024pts - INFO - cfgs.dataset.valid._base_ = EasyDict()
2022-08-20 17:59:43,802 - DGCNN_ModelNet40_1024pts - INFO - cfgs.dataset.valid._base_.name : ModelNet40
2022-08-20 17:59:43,802 - DGCNN_ModelNet40_1024pts - INFO - cfgs.dataset.valid._base_.dataset_path : data/ModelNet/ModelNet40
2022-08-20 17:59:43,803 - DGCNN_ModelNet40_1024pts - INFO - cfgs.dataset.valid._base_.pointcloud_path : data/ModelNet/dataset
2022-08-20 17:59:43,804 - DGCNN_ModelNet40_1024pts - INFO - cfgs.dataset.valid._base_.n_point_all : 8192
2022-08-20 17:59:43,804 - DGCNN_ModelNet40_1024pts - INFO - cfgs.dataset.valid._base_.n_class : 40
2022-08-20 17:59:43,805 - DGCNN_ModelNet40_1024pts - INFO - cfgs.dataset.valid.others = EasyDict()
2022-08-20 17:59:43,805 - DGCNN_ModelNet40_1024pts - INFO - cfgs.dataset.valid.others.subset : test
2022-08-20 17:59:43,806 - DGCNN_ModelNet40_1024pts - INFO - cfgs.dataset.valid.others.bs : 32
2022-08-20 17:59:43,806 - DGCNN_ModelNet40_1024pts - INFO - cfgs.dataset.test = EasyDict()
2022-08-20 17:59:43,806 - DGCNN_ModelNet40_1024pts - INFO - cfgs.dataset.test._base_ = EasyDict()
2022-08-20 17:59:43,807 - DGCNN_ModelNet40_1024pts - INFO - cfgs.dataset.test._base_.name : ModelNet40
2022-08-20 17:59:43,807 - DGCNN_ModelNet40_1024pts - INFO - cfgs.dataset.test._base_.dataset_path : data/ModelNet/ModelNet40
2022-08-20 17:59:43,808 - DGCNN_ModelNet40_1024pts - INFO - cfgs.dataset.test._base_.pointcloud_path : data/ModelNet/dataset
2022-08-20 17:59:43,808 - DGCNN_ModelNet40_1024pts - INFO - cfgs.dataset.test._base_.n_point_all : 8192
2022-08-20 17:59:43,809 - DGCNN_ModelNet40_1024pts - INFO - cfgs.dataset.test._base_.n_class : 40
2022-08-20 17:59:43,826 - DGCNN_ModelNet40_1024pts - INFO - cfgs.dataset.test.others = EasyDict()
2022-08-20 17:59:43,837 - DGCNN_ModelNet40_1024pts - INFO - cfgs.dataset.test.others.subset : test
2022-08-20 17:59:43,838 - DGCNN_ModelNet40_1024pts - INFO - cfgs.dataset.test.others.bs : 32
2022-08-20 17:59:43,838 - DGCNN_ModelNet40_1024pts - INFO - cfgs.model = EasyDict()
2022-08-20 17:59:43,839 - DGCNN_ModelNet40_1024pts - INFO - cfgs.model.name : DGCNNCls
2022-08-20 17:59:43,839 - DGCNN_ModelNet40_1024pts - INFO - cfgs.model.n_class : 40
2022-08-20 17:59:43,840 - DGCNN_ModelNet40_1024pts - INFO - cfgs.model.n_point : 1024
2022-08-20 17:59:43,840 - DGCNN_ModelNet40_1024pts - INFO - cfgs.model.k_point : 20
2022-08-20 17:59:43,844 - DGCNN_ModelNet40_1024pts - INFO - cfgs.model.d_embed : 1024
2022-08-20 17:59:43,844 - DGCNN_ModelNet40_1024pts - INFO - cfgs.model.dropout : 0.5
2022-08-20 17:59:43,845 - DGCNN_ModelNet40_1024pts - INFO - cfgs.model.use_normals : False
2022-08-20 17:59:43,846 - DGCNN_ModelNet40_1024pts - INFO - cfgs.loss = EasyDict()
2022-08-20 17:59:43,847 - DGCNN_ModelNet40_1024pts - INFO - cfgs.loss.name : DGCNNLoss
2022-08-20 17:59:43,849 - DGCNN_ModelNet40_1024pts - INFO - cfgs.loss.kwargs = EasyDict()
2022-08-20 17:59:43,851 - DGCNN_ModelNet40_1024pts - INFO - cfgs.loss.kwargs.smoothing : True
2022-08-20 17:59:43,852 - DGCNN_ModelNet40_1024pts - INFO - cfgs.optimizer = EasyDict()
2022-08-20 17:59:43,855 - DGCNN_ModelNet40_1024pts - INFO - cfgs.optimizer.type : AdamW
2022-08-20 17:59:43,857 - DGCNN_ModelNet40_1024pts - INFO - cfgs.optimizer.kwargs = EasyDict()
2022-08-20 17:59:43,858 - DGCNN_ModelNet40_1024pts - INFO - cfgs.optimizer.kwargs.lr : 0.001
2022-08-20 17:59:43,858 - DGCNN_ModelNet40_1024pts - INFO - cfgs.optimizer.kwargs.weight_decay : 0.0001
2022-08-20 17:59:43,859 - DGCNN_ModelNet40_1024pts - INFO - cfgs.scheduler = EasyDict()
2022-08-20 17:59:43,859 - DGCNN_ModelNet40_1024pts - INFO - cfgs.scheduler.type : CosLR
2022-08-20 17:59:43,860 - DGCNN_ModelNet40_1024pts - INFO - cfgs.scheduler.kwargs = EasyDict()
2022-08-20 17:59:43,861 - DGCNN_ModelNet40_1024pts - INFO - cfgs.scheduler.kwargs.epochs : 200
2022-08-20 17:59:43,862 - DGCNN_ModelNet40_1024pts - INFO - cfgs.scheduler.kwargs.eta_min : 0.001
2022-08-20 17:59:43,862 - DGCNN_ModelNet40_1024pts - INFO - cfgs.bs_train : 32
2022-08-20 17:59:43,863 - DGCNN_ModelNet40_1024pts - INFO - cfgs.bs_valid : 32
2022-08-20 17:59:43,864 - DGCNN_ModelNet40_1024pts - INFO - cfgs.bs_test : 32
2022-08-20 17:59:43,865 - DGCNN_ModelNet40_1024pts - INFO - cfgs.n_point : 1024
2022-08-20 17:59:43,865 - DGCNN_ModelNet40_1024pts - INFO - cfgs.max_epoch : 200
2022-08-20 17:59:43,866 - DGCNN_ModelNet40_1024pts - INFO - Set random seed to 0, deterministic: False
2022-08-20 17:59:43,891 - DGCNN_ModelNet40_1024pts - INFO - Training from scratch
