2022-08-20 17:59:10,077 - DGCNN_ModelNet40_1024pts - INFO - args.cfg_file : ./configs/models_cls/models_ModelNet/DGCNN_ModelNet40_1024pts.yaml
2022-08-20 17:59:10,077 - DGCNN_ModelNet40_1024pts - INFO - args.local_rank : 0
2022-08-20 17:59:10,078 - DGCNN_ModelNet40_1024pts - INFO - args.use_gpu : False
2022-08-20 17:59:10,078 - DGCNN_ModelNet40_1024pts - INFO - args.gpu : 0
2022-08-20 17:59:10,079 - DGCNN_ModelNet40_1024pts - INFO - args.num_workers : 4
2022-08-20 17:59:10,080 - DGCNN_ModelNet40_1024pts - INFO - args.seed : 0
2022-08-20 17:59:10,082 - DGCNN_ModelNet40_1024pts - INFO - args.deterministic : False
2022-08-20 17:59:10,082 - DGCNN_ModelNet40_1024pts - INFO - args.exp_name : train
2022-08-20 17:59:10,083 - DGCNN_ModelNet40_1024pts - INFO - args.start_ckpts : None
2022-08-20 17:59:10,084 - DGCNN_ModelNet40_1024pts - INFO - args.ckpts : None
2022-08-20 17:59:10,084 - DGCNN_ModelNet40_1024pts - INFO - args.val_freq : 1
2022-08-20 17:59:10,085 - DGCNN_ModelNet40_1024pts - INFO - args.resume : False
2022-08-20 17:59:10,086 - DGCNN_ModelNet40_1024pts - INFO - args.test : False
2022-08-20 17:59:10,086 - DGCNN_ModelNet40_1024pts - INFO - args.finetune_model : False
2022-08-20 17:59:10,087 - DGCNN_ModelNet40_1024pts - INFO - args.scratch_model : False
2022-08-20 17:59:10,087 - DGCNN_ModelNet40_1024pts - INFO - args.label_smoothing : False
2022-08-20 17:59:10,088 - DGCNN_ModelNet40_1024pts - INFO - args.mode : None
2022-08-20 17:59:10,089 - DGCNN_ModelNet40_1024pts - INFO - args.way : -1
2022-08-20 17:59:10,089 - DGCNN_ModelNet40_1024pts - INFO - args.shot : -1
2022-08-20 17:59:10,090 - DGCNN_ModelNet40_1024pts - INFO - args.fold : -1
2022-08-20 17:59:10,090 - DGCNN_ModelNet40_1024pts - INFO - args.experiment_path : ./experiments/DGCNN/ModelNet40/1024pts/train
2022-08-20 17:59:10,091 - DGCNN_ModelNet40_1024pts - INFO - args.tfboard_path : ./experiments/DGCNN/ModelNet40/1024pts/TFBoard/train
2022-08-20 17:59:10,092 - DGCNN_ModelNet40_1024pts - INFO - args.log_name : DGCNN_ModelNet40_1024pts
2022-08-20 17:59:10,092 - DGCNN_ModelNet40_1024pts - INFO - args.distributed : False
2022-08-20 17:59:10,093 - DGCNN_ModelNet40_1024pts - INFO - cfgs.dataset = EasyDict()
2022-08-20 17:59:10,094 - DGCNN_ModelNet40_1024pts - INFO - cfgs.dataset.name : ModelNet40
2022-08-20 17:59:10,094 - DGCNN_ModelNet40_1024pts - INFO - cfgs.dataset.train = EasyDict()
2022-08-20 17:59:10,095 - DGCNN_ModelNet40_1024pts - INFO - cfgs.dataset.train._base_ = EasyDict()
2022-08-20 17:59:10,096 - DGCNN_ModelNet40_1024pts - INFO - cfgs.dataset.train._base_.name : ModelNet40
2022-08-20 17:59:10,097 - DGCNN_ModelNet40_1024pts - INFO - cfgs.dataset.train._base_.dataset_path : data/ModelNet/ModelNet40
2022-08-20 17:59:10,098 - DGCNN_ModelNet40_1024pts - INFO - cfgs.dataset.train._base_.pointcloud_path : data/ModelNet/dataset
2022-08-20 17:59:10,098 - DGCNN_ModelNet40_1024pts - INFO - cfgs.dataset.train._base_.n_point_all : 8192
2022-08-20 17:59:10,099 - DGCNN_ModelNet40_1024pts - INFO - cfgs.dataset.train._base_.n_class : 40
2022-08-20 17:59:10,100 - DGCNN_ModelNet40_1024pts - INFO - cfgs.dataset.train.others = EasyDict()
2022-08-20 17:59:10,103 - DGCNN_ModelNet40_1024pts - INFO - cfgs.dataset.train.others.subset : train
2022-08-20 17:59:10,103 - DGCNN_ModelNet40_1024pts - INFO - cfgs.dataset.train.others.bs : 32
2022-08-20 17:59:10,104 - DGCNN_ModelNet40_1024pts - INFO - cfgs.dataset.valid = EasyDict()
2022-08-20 17:59:10,104 - DGCNN_ModelNet40_1024pts - INFO - cfgs.dataset.valid._base_ = EasyDict()
2022-08-20 17:59:10,105 - DGCNN_ModelNet40_1024pts - INFO - cfgs.dataset.valid._base_.name : ModelNet40
2022-08-20 17:59:10,105 - DGCNN_ModelNet40_1024pts - INFO - cfgs.dataset.valid._base_.dataset_path : data/ModelNet/ModelNet40
2022-08-20 17:59:10,106 - DGCNN_ModelNet40_1024pts - INFO - cfgs.dataset.valid._base_.pointcloud_path : data/ModelNet/dataset
2022-08-20 17:59:10,106 - DGCNN_ModelNet40_1024pts - INFO - cfgs.dataset.valid._base_.n_point_all : 8192
2022-08-20 17:59:10,107 - DGCNN_ModelNet40_1024pts - INFO - cfgs.dataset.valid._base_.n_class : 40
2022-08-20 17:59:10,107 - DGCNN_ModelNet40_1024pts - INFO - cfgs.dataset.valid.others = EasyDict()
2022-08-20 17:59:10,108 - DGCNN_ModelNet40_1024pts - INFO - cfgs.dataset.valid.others.subset : test
2022-08-20 17:59:10,109 - DGCNN_ModelNet40_1024pts - INFO - cfgs.dataset.valid.others.bs : 32
2022-08-20 17:59:10,109 - DGCNN_ModelNet40_1024pts - INFO - cfgs.dataset.test = EasyDict()
2022-08-20 17:59:10,110 - DGCNN_ModelNet40_1024pts - INFO - cfgs.dataset.test._base_ = EasyDict()
2022-08-20 17:59:10,110 - DGCNN_ModelNet40_1024pts - INFO - cfgs.dataset.test._base_.name : ModelNet40
2022-08-20 17:59:10,113 - DGCNN_ModelNet40_1024pts - INFO - cfgs.dataset.test._base_.dataset_path : data/ModelNet/ModelNet40
2022-08-20 17:59:10,113 - DGCNN_ModelNet40_1024pts - INFO - cfgs.dataset.test._base_.pointcloud_path : data/ModelNet/dataset
2022-08-20 17:59:10,114 - DGCNN_ModelNet40_1024pts - INFO - cfgs.dataset.test._base_.n_point_all : 8192
2022-08-20 17:59:10,115 - DGCNN_ModelNet40_1024pts - INFO - cfgs.dataset.test._base_.n_class : 40
2022-08-20 17:59:10,117 - DGCNN_ModelNet40_1024pts - INFO - cfgs.dataset.test.others = EasyDict()
2022-08-20 17:59:10,117 - DGCNN_ModelNet40_1024pts - INFO - cfgs.dataset.test.others.subset : test
2022-08-20 17:59:10,117 - DGCNN_ModelNet40_1024pts - INFO - cfgs.dataset.test.others.bs : 32
2022-08-20 17:59:10,118 - DGCNN_ModelNet40_1024pts - INFO - cfgs.model = EasyDict()
2022-08-20 17:59:10,118 - DGCNN_ModelNet40_1024pts - INFO - cfgs.model.name : DGCNNCls
2022-08-20 17:59:10,119 - DGCNN_ModelNet40_1024pts - INFO - cfgs.model.n_class : 40
2022-08-20 17:59:10,121 - DGCNN_ModelNet40_1024pts - INFO - cfgs.model.n_point : 1024
2022-08-20 17:59:10,121 - DGCNN_ModelNet40_1024pts - INFO - cfgs.model.k_point : 20
2022-08-20 17:59:10,122 - DGCNN_ModelNet40_1024pts - INFO - cfgs.model.d_embed : 1024
2022-08-20 17:59:10,123 - DGCNN_ModelNet40_1024pts - INFO - cfgs.model.dropout : 0.5
2022-08-20 17:59:10,123 - DGCNN_ModelNet40_1024pts - INFO - cfgs.model.use_normals : False
2022-08-20 17:59:10,124 - DGCNN_ModelNet40_1024pts - INFO - cfgs.loss = EasyDict()
2022-08-20 17:59:10,124 - DGCNN_ModelNet40_1024pts - INFO - cfgs.loss.name : DGCNNLoss
2022-08-20 17:59:10,125 - DGCNN_ModelNet40_1024pts - INFO - cfgs.loss.kwargs = EasyDict()
2022-08-20 17:59:10,125 - DGCNN_ModelNet40_1024pts - INFO - cfgs.loss.kwargs.smoothing : True
2022-08-20 17:59:10,126 - DGCNN_ModelNet40_1024pts - INFO - cfgs.optimizer = EasyDict()
2022-08-20 17:59:10,126 - DGCNN_ModelNet40_1024pts - INFO - cfgs.optimizer.type : AdamW
2022-08-20 17:59:10,127 - DGCNN_ModelNet40_1024pts - INFO - cfgs.optimizer.kwargs = EasyDict()
2022-08-20 17:59:10,127 - DGCNN_ModelNet40_1024pts - INFO - cfgs.optimizer.kwargs.lr : 0.001
2022-08-20 17:59:10,128 - DGCNN_ModelNet40_1024pts - INFO - cfgs.optimizer.kwargs.weight_decay : 0.0001
2022-08-20 17:59:10,128 - DGCNN_ModelNet40_1024pts - INFO - cfgs.scheduler = EasyDict()
2022-08-20 17:59:10,129 - DGCNN_ModelNet40_1024pts - INFO - cfgs.scheduler.type : CosineAnnealingLR
2022-08-20 17:59:10,130 - DGCNN_ModelNet40_1024pts - INFO - cfgs.scheduler.kwargs = EasyDict()
2022-08-20 17:59:10,131 - DGCNN_ModelNet40_1024pts - INFO - cfgs.scheduler.kwargs.epochs : 200
2022-08-20 17:59:10,133 - DGCNN_ModelNet40_1024pts - INFO - cfgs.scheduler.kwargs.eta_min : 0.001
2022-08-20 17:59:10,133 - DGCNN_ModelNet40_1024pts - INFO - cfgs.bs_train : 32
2022-08-20 17:59:10,134 - DGCNN_ModelNet40_1024pts - INFO - cfgs.bs_valid : 32
2022-08-20 17:59:10,135 - DGCNN_ModelNet40_1024pts - INFO - cfgs.bs_test : 32
2022-08-20 17:59:10,136 - DGCNN_ModelNet40_1024pts - INFO - cfgs.n_point : 1024
2022-08-20 17:59:10,136 - DGCNN_ModelNet40_1024pts - INFO - cfgs.max_epoch : 200
2022-08-20 17:59:10,137 - DGCNN_ModelNet40_1024pts - INFO - Set random seed to 0, deterministic: False
2022-08-20 17:59:10,198 - DGCNN_ModelNet40_1024pts - INFO - Training from scratch
