2022-08-20 14:34:10,773 - DGCNN_ModelNet40_1024pts - INFO - args.cfg_file : ./configs/models_cls/models_ModelNet/DGCNN_ModelNet40_1024pts.yaml
2022-08-20 14:34:10,774 - DGCNN_ModelNet40_1024pts - INFO - args.local_rank : 0
2022-08-20 14:34:10,775 - DGCNN_ModelNet40_1024pts - INFO - args.use_gpu : False
2022-08-20 14:34:10,776 - DGCNN_ModelNet40_1024pts - INFO - args.gpu : 0
2022-08-20 14:34:10,777 - DGCNN_ModelNet40_1024pts - INFO - args.num_workers : 4
2022-08-20 14:34:10,778 - DGCNN_ModelNet40_1024pts - INFO - args.seed : 0
2022-08-20 14:34:10,778 - DGCNN_ModelNet40_1024pts - INFO - args.deterministic : False
2022-08-20 14:34:10,779 - DGCNN_ModelNet40_1024pts - INFO - args.exp_name : train
2022-08-20 14:34:10,780 - DGCNN_ModelNet40_1024pts - INFO - args.start_ckpts : None
2022-08-20 14:34:10,781 - DGCNN_ModelNet40_1024pts - INFO - args.ckpts : None
2022-08-20 14:34:10,782 - DGCNN_ModelNet40_1024pts - INFO - args.val_freq : 1
2022-08-20 14:34:10,783 - DGCNN_ModelNet40_1024pts - INFO - args.resume : False
2022-08-20 14:34:10,784 - DGCNN_ModelNet40_1024pts - INFO - args.test : False
2022-08-20 14:34:10,786 - DGCNN_ModelNet40_1024pts - INFO - args.finetune_model : False
2022-08-20 14:34:10,788 - DGCNN_ModelNet40_1024pts - INFO - args.scratch_model : False
2022-08-20 14:34:10,789 - DGCNN_ModelNet40_1024pts - INFO - args.label_smoothing : False
2022-08-20 14:34:10,791 - DGCNN_ModelNet40_1024pts - INFO - args.mode : None
2022-08-20 14:34:10,793 - DGCNN_ModelNet40_1024pts - INFO - args.way : -1
2022-08-20 14:34:10,794 - DGCNN_ModelNet40_1024pts - INFO - args.shot : -1
2022-08-20 14:34:10,795 - DGCNN_ModelNet40_1024pts - INFO - args.fold : -1
2022-08-20 14:34:10,796 - DGCNN_ModelNet40_1024pts - INFO - args.experiment_path : ./experiments/DGCNN/ModelNet40/1024pts/train
2022-08-20 14:34:10,797 - DGCNN_ModelNet40_1024pts - INFO - args.tfboard_path : ./experiments/DGCNN/ModelNet40/1024pts/TFBoard/train
2022-08-20 14:34:10,798 - DGCNN_ModelNet40_1024pts - INFO - args.log_name : DGCNN_ModelNet40_1024pts
2022-08-20 14:34:10,799 - DGCNN_ModelNet40_1024pts - INFO - args.distributed : False
2022-08-20 14:34:10,800 - DGCNN_ModelNet40_1024pts - INFO - cfgs.optimizer = EasyDict()
2022-08-20 14:34:10,801 - DGCNN_ModelNet40_1024pts - INFO - cfgs.optimizer.type : AdamW
2022-08-20 14:34:10,802 - DGCNN_ModelNet40_1024pts - INFO - cfgs.optimizer.kwargs = EasyDict()
2022-08-20 14:34:10,803 - DGCNN_ModelNet40_1024pts - INFO - cfgs.optimizer.kwargs.lr : 0.001
2022-08-20 14:34:10,804 - DGCNN_ModelNet40_1024pts - INFO - cfgs.optimizer.kwargs.weight_decay : 0.0001
2022-08-20 14:34:10,805 - DGCNN_ModelNet40_1024pts - INFO - cfgs.scheduler = EasyDict()
2022-08-20 14:34:10,806 - DGCNN_ModelNet40_1024pts - INFO - cfgs.scheduler.type : CosineAnnealingLR
2022-08-20 14:34:10,807 - DGCNN_ModelNet40_1024pts - INFO - cfgs.scheduler.kwargs = EasyDict()
2022-08-20 14:34:10,807 - DGCNN_ModelNet40_1024pts - INFO - cfgs.scheduler.kwargs.epochs : 200
2022-08-20 14:34:10,808 - DGCNN_ModelNet40_1024pts - INFO - cfgs.scheduler.kwargs.eta_min : 0.001
2022-08-20 14:34:10,809 - DGCNN_ModelNet40_1024pts - INFO - cfgs.dataset = EasyDict()
2022-08-20 14:34:10,810 - DGCNN_ModelNet40_1024pts - INFO - cfgs.dataset.name : ModelNet40
2022-08-20 14:34:10,810 - DGCNN_ModelNet40_1024pts - INFO - cfgs.dataset.train = EasyDict()
2022-08-20 14:34:10,811 - DGCNN_ModelNet40_1024pts - INFO - cfgs.dataset.train._base_ = EasyDict()
2022-08-20 14:34:10,811 - DGCNN_ModelNet40_1024pts - INFO - cfgs.dataset.train._base_.name : ModelNet40
2022-08-20 14:34:10,812 - DGCNN_ModelNet40_1024pts - INFO - cfgs.dataset.train._base_.dataset_path : data/ModelNet/ModelNet40
2022-08-20 14:34:10,813 - DGCNN_ModelNet40_1024pts - INFO - cfgs.dataset.train._base_.pointcloud_path : data/ModelNet/dataset
2022-08-20 14:34:10,814 - DGCNN_ModelNet40_1024pts - INFO - cfgs.dataset.train._base_.n_point_all : 8192
2022-08-20 14:34:10,816 - DGCNN_ModelNet40_1024pts - INFO - cfgs.dataset.train._base_.n_class : 40
2022-08-20 14:34:10,816 - DGCNN_ModelNet40_1024pts - INFO - cfgs.dataset.train.others = EasyDict()
2022-08-20 14:34:10,818 - DGCNN_ModelNet40_1024pts - INFO - cfgs.dataset.train.others.subset : train
2022-08-20 14:34:10,820 - DGCNN_ModelNet40_1024pts - INFO - cfgs.dataset.train.others.use_normals : False
2022-08-20 14:34:10,822 - DGCNN_ModelNet40_1024pts - INFO - cfgs.dataset.train.others.bs : 32
2022-08-20 14:34:10,825 - DGCNN_ModelNet40_1024pts - INFO - cfgs.dataset.valid = EasyDict()
2022-08-20 14:34:10,826 - DGCNN_ModelNet40_1024pts - INFO - cfgs.dataset.valid._base_ = EasyDict()
2022-08-20 14:34:10,827 - DGCNN_ModelNet40_1024pts - INFO - cfgs.dataset.valid._base_.name : ModelNet40
2022-08-20 14:34:10,828 - DGCNN_ModelNet40_1024pts - INFO - cfgs.dataset.valid._base_.dataset_path : data/ModelNet/ModelNet40
2022-08-20 14:34:10,830 - DGCNN_ModelNet40_1024pts - INFO - cfgs.dataset.valid._base_.pointcloud_path : data/ModelNet/dataset
2022-08-20 14:34:10,869 - DGCNN_ModelNet40_1024pts - INFO - cfgs.dataset.valid._base_.n_point_all : 8192
2022-08-20 14:34:10,879 - DGCNN_ModelNet40_1024pts - INFO - cfgs.dataset.valid._base_.n_class : 40
2022-08-20 14:34:10,880 - DGCNN_ModelNet40_1024pts - INFO - cfgs.dataset.valid.others = EasyDict()
2022-08-20 14:34:10,881 - DGCNN_ModelNet40_1024pts - INFO - cfgs.dataset.valid.others.subset : test
2022-08-20 14:34:10,882 - DGCNN_ModelNet40_1024pts - INFO - cfgs.dataset.valid.others.use_normals : False
2022-08-20 14:34:10,882 - DGCNN_ModelNet40_1024pts - INFO - cfgs.dataset.valid.others.bs : 32
2022-08-20 14:34:10,883 - DGCNN_ModelNet40_1024pts - INFO - cfgs.dataset.test = EasyDict()
2022-08-20 14:34:10,884 - DGCNN_ModelNet40_1024pts - INFO - cfgs.dataset.test._base_ = EasyDict()
2022-08-20 14:34:10,885 - DGCNN_ModelNet40_1024pts - INFO - cfgs.dataset.test._base_.name : ModelNet40
2022-08-20 14:34:10,885 - DGCNN_ModelNet40_1024pts - INFO - cfgs.dataset.test._base_.dataset_path : data/ModelNet/ModelNet40
2022-08-20 14:34:10,887 - DGCNN_ModelNet40_1024pts - INFO - cfgs.dataset.test._base_.pointcloud_path : data/ModelNet/dataset
2022-08-20 14:34:10,888 - DGCNN_ModelNet40_1024pts - INFO - cfgs.dataset.test._base_.n_point_all : 8192
2022-08-20 14:34:10,890 - DGCNN_ModelNet40_1024pts - INFO - cfgs.dataset.test._base_.n_class : 40
2022-08-20 14:34:10,893 - DGCNN_ModelNet40_1024pts - INFO - cfgs.dataset.test.others = EasyDict()
2022-08-20 14:34:10,896 - DGCNN_ModelNet40_1024pts - INFO - cfgs.dataset.test.others.subset : test
2022-08-20 14:34:10,897 - DGCNN_ModelNet40_1024pts - INFO - cfgs.dataset.test.others.use_normals : False
2022-08-20 14:34:10,899 - DGCNN_ModelNet40_1024pts - INFO - cfgs.dataset.test.others.bs : 32
2022-08-20 14:34:10,900 - DGCNN_ModelNet40_1024pts - INFO - cfgs.model = EasyDict()
2022-08-20 14:34:10,902 - DGCNN_ModelNet40_1024pts - INFO - cfgs.model.name : DGCNNCls
2022-08-20 14:34:10,904 - DGCNN_ModelNet40_1024pts - INFO - cfgs.model.n_class : 40
2022-08-20 14:34:10,905 - DGCNN_ModelNet40_1024pts - INFO - cfgs.model.k_point : 20
2022-08-20 14:34:10,909 - DGCNN_ModelNet40_1024pts - INFO - cfgs.model.d_embed : 1024
2022-08-20 14:34:10,910 - DGCNN_ModelNet40_1024pts - INFO - cfgs.model.dropout : 0.5
2022-08-20 14:34:10,911 - DGCNN_ModelNet40_1024pts - INFO - cfgs.bs_train : 32
2022-08-20 14:34:10,912 - DGCNN_ModelNet40_1024pts - INFO - cfgs.bs_valid : 32
2022-08-20 14:34:10,914 - DGCNN_ModelNet40_1024pts - INFO - cfgs.bs_test : 32
2022-08-20 14:34:10,914 - DGCNN_ModelNet40_1024pts - INFO - cfgs.n_point : 1024
2022-08-20 14:34:10,916 - DGCNN_ModelNet40_1024pts - INFO - cfgs.max_epoch : 200
2022-08-20 14:34:10,917 - DGCNN_ModelNet40_1024pts - INFO - Set random seed to 0, deterministic: False
