2022-08-20 14:35:54,065 - DGCNN_ModelNet40_1024pts - INFO - args.cfg_file : ./configs/models_cls/models_ModelNet/DGCNN_ModelNet40_1024pts.yaml
2022-08-20 14:35:54,066 - DGCNN_ModelNet40_1024pts - INFO - args.local_rank : 0
2022-08-20 14:35:54,067 - DGCNN_ModelNet40_1024pts - INFO - args.use_gpu : False
2022-08-20 14:35:54,068 - DGCNN_ModelNet40_1024pts - INFO - args.gpu : 0
2022-08-20 14:35:54,069 - DGCNN_ModelNet40_1024pts - INFO - args.num_workers : 4
2022-08-20 14:35:54,070 - DGCNN_ModelNet40_1024pts - INFO - args.seed : 0
2022-08-20 14:35:54,072 - DGCNN_ModelNet40_1024pts - INFO - args.deterministic : False
2022-08-20 14:35:54,072 - DGCNN_ModelNet40_1024pts - INFO - args.exp_name : train
2022-08-20 14:35:54,073 - DGCNN_ModelNet40_1024pts - INFO - args.start_ckpts : None
2022-08-20 14:35:54,073 - DGCNN_ModelNet40_1024pts - INFO - args.ckpts : None
2022-08-20 14:35:54,074 - DGCNN_ModelNet40_1024pts - INFO - args.val_freq : 1
2022-08-20 14:35:54,075 - DGCNN_ModelNet40_1024pts - INFO - args.resume : False
2022-08-20 14:35:54,076 - DGCNN_ModelNet40_1024pts - INFO - args.test : False
2022-08-20 14:35:54,078 - DGCNN_ModelNet40_1024pts - INFO - args.finetune_model : False
2022-08-20 14:35:54,079 - DGCNN_ModelNet40_1024pts - INFO - args.scratch_model : False
2022-08-20 14:35:54,080 - DGCNN_ModelNet40_1024pts - INFO - args.label_smoothing : False
2022-08-20 14:35:54,081 - DGCNN_ModelNet40_1024pts - INFO - args.mode : None
2022-08-20 14:35:54,082 - DGCNN_ModelNet40_1024pts - INFO - args.way : -1
2022-08-20 14:35:54,082 - DGCNN_ModelNet40_1024pts - INFO - args.shot : -1
2022-08-20 14:35:54,083 - DGCNN_ModelNet40_1024pts - INFO - args.fold : -1
2022-08-20 14:35:54,084 - DGCNN_ModelNet40_1024pts - INFO - args.experiment_path : ./experiments/DGCNN/ModelNet40/1024pts/train
2022-08-20 14:35:54,085 - DGCNN_ModelNet40_1024pts - INFO - args.tfboard_path : ./experiments/DGCNN/ModelNet40/1024pts/TFBoard/train
2022-08-20 14:35:54,086 - DGCNN_ModelNet40_1024pts - INFO - args.log_name : DGCNN_ModelNet40_1024pts
2022-08-20 14:35:54,087 - DGCNN_ModelNet40_1024pts - INFO - args.distributed : False
2022-08-20 14:35:54,089 - DGCNN_ModelNet40_1024pts - INFO - cfgs.optimizer = EasyDict()
2022-08-20 14:35:54,092 - DGCNN_ModelNet40_1024pts - INFO - cfgs.optimizer.type : AdamW
2022-08-20 14:35:54,094 - DGCNN_ModelNet40_1024pts - INFO - cfgs.optimizer.kwargs = EasyDict()
2022-08-20 14:35:54,095 - DGCNN_ModelNet40_1024pts - INFO - cfgs.optimizer.kwargs.lr : 0.001
2022-08-20 14:35:54,096 - DGCNN_ModelNet40_1024pts - INFO - cfgs.optimizer.kwargs.weight_decay : 0.0001
2022-08-20 14:35:54,097 - DGCNN_ModelNet40_1024pts - INFO - cfgs.scheduler = EasyDict()
2022-08-20 14:35:54,099 - DGCNN_ModelNet40_1024pts - INFO - cfgs.scheduler.type : CosineAnnealingLR
2022-08-20 14:35:54,099 - DGCNN_ModelNet40_1024pts - INFO - cfgs.scheduler.kwargs = EasyDict()
2022-08-20 14:35:54,101 - DGCNN_ModelNet40_1024pts - INFO - cfgs.scheduler.kwargs.epochs : 200
2022-08-20 14:35:54,102 - DGCNN_ModelNet40_1024pts - INFO - cfgs.scheduler.kwargs.eta_min : 0.001
2022-08-20 14:35:54,103 - DGCNN_ModelNet40_1024pts - INFO - cfgs.dataset = EasyDict()
2022-08-20 14:35:54,104 - DGCNN_ModelNet40_1024pts - INFO - cfgs.dataset.name : ModelNet40
2022-08-20 14:35:54,104 - DGCNN_ModelNet40_1024pts - INFO - cfgs.dataset.train = EasyDict()
2022-08-20 14:35:54,105 - DGCNN_ModelNet40_1024pts - INFO - cfgs.dataset.train._base_ = EasyDict()
2022-08-20 14:35:54,106 - DGCNN_ModelNet40_1024pts - INFO - cfgs.dataset.train._base_.name : ModelNet40
2022-08-20 14:35:54,107 - DGCNN_ModelNet40_1024pts - INFO - cfgs.dataset.train._base_.dataset_path : data/ModelNet/ModelNet40
2022-08-20 14:35:54,108 - DGCNN_ModelNet40_1024pts - INFO - cfgs.dataset.train._base_.pointcloud_path : data/ModelNet/dataset
2022-08-20 14:35:54,109 - DGCNN_ModelNet40_1024pts - INFO - cfgs.dataset.train._base_.n_point_all : 8192
2022-08-20 14:35:54,110 - DGCNN_ModelNet40_1024pts - INFO - cfgs.dataset.train._base_.n_class : 40
2022-08-20 14:35:54,111 - DGCNN_ModelNet40_1024pts - INFO - cfgs.dataset.train.others = EasyDict()
2022-08-20 14:35:54,112 - DGCNN_ModelNet40_1024pts - INFO - cfgs.dataset.train.others.subset : train
2022-08-20 14:35:54,112 - DGCNN_ModelNet40_1024pts - INFO - cfgs.dataset.train.others.use_normals : False
2022-08-20 14:35:54,113 - DGCNN_ModelNet40_1024pts - INFO - cfgs.dataset.train.others.bs : 32
2022-08-20 14:35:54,114 - DGCNN_ModelNet40_1024pts - INFO - cfgs.dataset.valid = EasyDict()
2022-08-20 14:35:54,115 - DGCNN_ModelNet40_1024pts - INFO - cfgs.dataset.valid._base_ = EasyDict()
2022-08-20 14:35:54,115 - DGCNN_ModelNet40_1024pts - INFO - cfgs.dataset.valid._base_.name : ModelNet40
2022-08-20 14:35:54,116 - DGCNN_ModelNet40_1024pts - INFO - cfgs.dataset.valid._base_.dataset_path : data/ModelNet/ModelNet40
2022-08-20 14:35:54,117 - DGCNN_ModelNet40_1024pts - INFO - cfgs.dataset.valid._base_.pointcloud_path : data/ModelNet/dataset
2022-08-20 14:35:54,117 - DGCNN_ModelNet40_1024pts - INFO - cfgs.dataset.valid._base_.n_point_all : 8192
2022-08-20 14:35:54,118 - DGCNN_ModelNet40_1024pts - INFO - cfgs.dataset.valid._base_.n_class : 40
2022-08-20 14:35:54,119 - DGCNN_ModelNet40_1024pts - INFO - cfgs.dataset.valid.others = EasyDict()
2022-08-20 14:35:54,120 - DGCNN_ModelNet40_1024pts - INFO - cfgs.dataset.valid.others.subset : test
2022-08-20 14:35:54,121 - DGCNN_ModelNet40_1024pts - INFO - cfgs.dataset.valid.others.use_normals : False
2022-08-20 14:35:54,122 - DGCNN_ModelNet40_1024pts - INFO - cfgs.dataset.valid.others.bs : 32
2022-08-20 14:35:54,124 - DGCNN_ModelNet40_1024pts - INFO - cfgs.dataset.test = EasyDict()
2022-08-20 14:35:54,127 - DGCNN_ModelNet40_1024pts - INFO - cfgs.dataset.test._base_ = EasyDict()
2022-08-20 14:35:54,128 - DGCNN_ModelNet40_1024pts - INFO - cfgs.dataset.test._base_.name : ModelNet40
2022-08-20 14:35:54,128 - DGCNN_ModelNet40_1024pts - INFO - cfgs.dataset.test._base_.dataset_path : data/ModelNet/ModelNet40
2022-08-20 14:35:54,129 - DGCNN_ModelNet40_1024pts - INFO - cfgs.dataset.test._base_.pointcloud_path : data/ModelNet/dataset
2022-08-20 14:35:54,130 - DGCNN_ModelNet40_1024pts - INFO - cfgs.dataset.test._base_.n_point_all : 8192
2022-08-20 14:35:54,130 - DGCNN_ModelNet40_1024pts - INFO - cfgs.dataset.test._base_.n_class : 40
2022-08-20 14:35:54,131 - DGCNN_ModelNet40_1024pts - INFO - cfgs.dataset.test.others = EasyDict()
2022-08-20 14:35:54,131 - DGCNN_ModelNet40_1024pts - INFO - cfgs.dataset.test.others.subset : test
2022-08-20 14:35:54,132 - DGCNN_ModelNet40_1024pts - INFO - cfgs.dataset.test.others.use_normals : False
2022-08-20 14:35:54,133 - DGCNN_ModelNet40_1024pts - INFO - cfgs.dataset.test.others.bs : 32
2022-08-20 14:35:54,134 - DGCNN_ModelNet40_1024pts - INFO - cfgs.model = EasyDict()
2022-08-20 14:35:54,134 - DGCNN_ModelNet40_1024pts - INFO - cfgs.model.name : DGCNNCls
2022-08-20 14:35:54,135 - DGCNN_ModelNet40_1024pts - INFO - cfgs.model.n_class : 40
2022-08-20 14:35:54,135 - DGCNN_ModelNet40_1024pts - INFO - cfgs.model.k_point : 20
2022-08-20 14:35:54,136 - DGCNN_ModelNet40_1024pts - INFO - cfgs.model.d_embed : 1024
2022-08-20 14:35:54,137 - DGCNN_ModelNet40_1024pts - INFO - cfgs.model.dropout : 0.5
2022-08-20 14:35:54,137 - DGCNN_ModelNet40_1024pts - INFO - cfgs.bs_train : 32
2022-08-20 14:35:54,140 - DGCNN_ModelNet40_1024pts - INFO - cfgs.bs_valid : 32
2022-08-20 14:35:54,141 - DGCNN_ModelNet40_1024pts - INFO - cfgs.bs_test : 32
2022-08-20 14:35:54,142 - DGCNN_ModelNet40_1024pts - INFO - cfgs.n_point : 1024
2022-08-20 14:35:54,143 - DGCNN_ModelNet40_1024pts - INFO - cfgs.max_epoch : 200
2022-08-20 14:35:54,144 - DGCNN_ModelNet40_1024pts - INFO - Set random seed to 0, deterministic: False
