2022-08-16 12:12:49,043 - DGCNN_ModelNet40_1024pts - INFO - args.cfg_file : .\configs\models_cls\models_ModelNet\DGCNN_ModelNet40_1024pts.yaml
2022-08-16 12:12:49,044 - DGCNN_ModelNet40_1024pts - INFO - args.launcher : none
2022-08-16 12:12:49,045 - DGCNN_ModelNet40_1024pts - INFO - args.local_rank : 0
2022-08-16 12:12:49,046 - DGCNN_ModelNet40_1024pts - INFO - args.num_workers : 4
2022-08-16 12:12:49,048 - DGCNN_ModelNet40_1024pts - INFO - args.seed : 0
2022-08-16 12:12:49,048 - DGCNN_ModelNet40_1024pts - INFO - args.deterministic : False
2022-08-16 12:12:49,048 - DGCNN_ModelNet40_1024pts - INFO - args.sync_bn : False
2022-08-16 12:12:49,049 - DGCNN_ModelNet40_1024pts - INFO - args.exp_name : train
2022-08-16 12:12:49,050 - DGCNN_ModelNet40_1024pts - INFO - args.start_ckpts : None
2022-08-16 12:12:49,050 - DGCNN_ModelNet40_1024pts - INFO - args.ckpts : None
2022-08-16 12:12:49,051 - DGCNN_ModelNet40_1024pts - INFO - args.val_freq : 1
2022-08-16 12:12:49,052 - DGCNN_ModelNet40_1024pts - INFO - args.resume : False
2022-08-16 12:12:49,053 - DGCNN_ModelNet40_1024pts - INFO - args.test : False
2022-08-16 12:12:49,053 - DGCNN_ModelNet40_1024pts - INFO - args.finetune_model : False
2022-08-16 12:12:49,054 - DGCNN_ModelNet40_1024pts - INFO - args.scratch_model : False
2022-08-16 12:12:49,054 - DGCNN_ModelNet40_1024pts - INFO - args.label_smoothing : False
2022-08-16 12:12:49,055 - DGCNN_ModelNet40_1024pts - INFO - args.mode : None
2022-08-16 12:12:49,056 - DGCNN_ModelNet40_1024pts - INFO - args.way : -1
2022-08-16 12:12:49,056 - DGCNN_ModelNet40_1024pts - INFO - args.shot : -1
2022-08-16 12:12:49,057 - DGCNN_ModelNet40_1024pts - INFO - args.fold : -1
2022-08-16 12:12:49,057 - DGCNN_ModelNet40_1024pts - INFO - args.experiment_path : ./experiments/DGCNN/ModelNet40/1024pts/train
2022-08-16 12:12:49,058 - DGCNN_ModelNet40_1024pts - INFO - args.tfboard_path : ./experiments/DGCNN/ModelNet40/1024pts/TFBoard/train
2022-08-16 12:12:49,059 - DGCNN_ModelNet40_1024pts - INFO - args.log_name : DGCNN_ModelNet40_1024pts
2022-08-16 12:12:49,059 - DGCNN_ModelNet40_1024pts - INFO - args.use_gpu : False
2022-08-16 12:12:49,060 - DGCNN_ModelNet40_1024pts - INFO - args.distributed : False
2022-08-16 12:12:49,060 - DGCNN_ModelNet40_1024pts - INFO - cfgs.optimizer = EasyDict()
2022-08-16 12:12:49,061 - DGCNN_ModelNet40_1024pts - INFO - cfgs.optimizer.type : AdamW
2022-08-16 12:12:49,063 - DGCNN_ModelNet40_1024pts - INFO - cfgs.optimizer.kwargs = EasyDict()
2022-08-16 12:12:49,065 - DGCNN_ModelNet40_1024pts - INFO - cfgs.optimizer.kwargs.lr : 0.001
2022-08-16 12:12:49,067 - DGCNN_ModelNet40_1024pts - INFO - cfgs.optimizer.kwargs.weight_decay : 0.0001
2022-08-16 12:12:49,069 - DGCNN_ModelNet40_1024pts - INFO - cfgs.scheduler = EasyDict()
2022-08-16 12:12:49,071 - DGCNN_ModelNet40_1024pts - INFO - cfgs.scheduler.type : CosineAnnealingLR
2022-08-16 12:12:49,072 - DGCNN_ModelNet40_1024pts - INFO - cfgs.scheduler.kwargs = EasyDict()
2022-08-16 12:12:49,073 - DGCNN_ModelNet40_1024pts - INFO - cfgs.scheduler.kwargs.epochs : 200
2022-08-16 12:12:49,074 - DGCNN_ModelNet40_1024pts - INFO - cfgs.scheduler.kwargs.eta_min : 0.001
2022-08-16 12:12:49,075 - DGCNN_ModelNet40_1024pts - INFO - cfgs.dataset = EasyDict()
2022-08-16 12:12:49,075 - DGCNN_ModelNet40_1024pts - INFO - cfgs.dataset.name : ModelNet40
2022-08-16 12:12:49,078 - DGCNN_ModelNet40_1024pts - INFO - cfgs.dataset.train = EasyDict()
2022-08-16 12:12:49,079 - DGCNN_ModelNet40_1024pts - INFO - cfgs.dataset.train._base_ = EasyDict()
2022-08-16 12:12:49,080 - DGCNN_ModelNet40_1024pts - INFO - cfgs.dataset.train._base_.name : ModelNet40
2022-08-16 12:12:49,081 - DGCNN_ModelNet40_1024pts - INFO - cfgs.dataset.train._base_.dataset_path : data/ModelNet/ModelNet40
2022-08-16 12:12:49,082 - DGCNN_ModelNet40_1024pts - INFO - cfgs.dataset.train._base_.pointcloud_path : data/ModelNet
2022-08-16 12:12:49,082 - DGCNN_ModelNet40_1024pts - INFO - cfgs.dataset.train._base_.n_point : 8192
2022-08-16 12:12:49,083 - DGCNN_ModelNet40_1024pts - INFO - cfgs.dataset.train._base_.n_class : 40
2022-08-16 12:12:49,084 - DGCNN_ModelNet40_1024pts - INFO - cfgs.dataset.train.others = EasyDict()
2022-08-16 12:12:49,084 - DGCNN_ModelNet40_1024pts - INFO - cfgs.dataset.train.others.subset : train
2022-08-16 12:12:49,085 - DGCNN_ModelNet40_1024pts - INFO - cfgs.dataset.train.others.bs : 32
2022-08-16 12:12:49,086 - DGCNN_ModelNet40_1024pts - INFO - cfgs.dataset.valid = EasyDict()
2022-08-16 12:12:49,086 - DGCNN_ModelNet40_1024pts - INFO - cfgs.dataset.valid._base_ = EasyDict()
2022-08-16 12:12:49,087 - DGCNN_ModelNet40_1024pts - INFO - cfgs.dataset.valid._base_.name : ModelNet40
2022-08-16 12:12:49,089 - DGCNN_ModelNet40_1024pts - INFO - cfgs.dataset.valid._base_.dataset_path : data/ModelNet/ModelNet40
2022-08-16 12:12:49,090 - DGCNN_ModelNet40_1024pts - INFO - cfgs.dataset.valid._base_.pointcloud_path : data/ModelNet
2022-08-16 12:12:49,091 - DGCNN_ModelNet40_1024pts - INFO - cfgs.dataset.valid._base_.n_point : 8192
2022-08-16 12:12:49,091 - DGCNN_ModelNet40_1024pts - INFO - cfgs.dataset.valid._base_.n_class : 40
2022-08-16 12:12:49,092 - DGCNN_ModelNet40_1024pts - INFO - cfgs.dataset.valid.others = EasyDict()
2022-08-16 12:12:49,093 - DGCNN_ModelNet40_1024pts - INFO - cfgs.dataset.valid.others.subset : test
2022-08-16 12:12:49,093 - DGCNN_ModelNet40_1024pts - INFO - cfgs.dataset.valid.others.bs : 32
2022-08-16 12:12:49,095 - DGCNN_ModelNet40_1024pts - INFO - cfgs.dataset.test = EasyDict()
2022-08-16 12:12:49,096 - DGCNN_ModelNet40_1024pts - INFO - cfgs.dataset.test._base_ = EasyDict()
2022-08-16 12:12:49,096 - DGCNN_ModelNet40_1024pts - INFO - cfgs.dataset.test._base_.name : ModelNet40
2022-08-16 12:12:49,099 - DGCNN_ModelNet40_1024pts - INFO - cfgs.dataset.test._base_.dataset_path : data/ModelNet/ModelNet40
2022-08-16 12:12:49,101 - DGCNN_ModelNet40_1024pts - INFO - cfgs.dataset.test._base_.pointcloud_path : data/ModelNet
2022-08-16 12:12:49,102 - DGCNN_ModelNet40_1024pts - INFO - cfgs.dataset.test._base_.n_point : 8192
2022-08-16 12:12:49,104 - DGCNN_ModelNet40_1024pts - INFO - cfgs.dataset.test._base_.n_class : 40
2022-08-16 12:12:49,105 - DGCNN_ModelNet40_1024pts - INFO - cfgs.dataset.test.others = EasyDict()
2022-08-16 12:12:49,106 - DGCNN_ModelNet40_1024pts - INFO - cfgs.dataset.test.others.subset : test
2022-08-16 12:12:49,107 - DGCNN_ModelNet40_1024pts - INFO - cfgs.dataset.test.others.bs : 32
2022-08-16 12:12:49,107 - DGCNN_ModelNet40_1024pts - INFO - cfgs.model = EasyDict()
2022-08-16 12:12:49,108 - DGCNN_ModelNet40_1024pts - INFO - cfgs.model.name : DGCNNCls
2022-08-16 12:12:49,112 - DGCNN_ModelNet40_1024pts - INFO - cfgs.model.k_point : 20
2022-08-16 12:12:49,114 - DGCNN_ModelNet40_1024pts - INFO - cfgs.model.d_embed : 1024
2022-08-16 12:12:49,115 - DGCNN_ModelNet40_1024pts - INFO - cfgs.model.dropout : 0.5
2022-08-16 12:12:49,116 - DGCNN_ModelNet40_1024pts - INFO - cfgs.bs_train : 32
2022-08-16 12:12:49,117 - DGCNN_ModelNet40_1024pts - INFO - cfgs.bs_valid : 32
2022-08-16 12:12:49,117 - DGCNN_ModelNet40_1024pts - INFO - cfgs.bs_test : 32
2022-08-16 12:12:49,118 - DGCNN_ModelNet40_1024pts - INFO - cfgs.n_point : 1024
2022-08-16 12:12:49,118 - DGCNN_ModelNet40_1024pts - INFO - cfgs.max_epoch : 200
2022-08-16 12:12:49,119 - DGCNN_ModelNet40_1024pts - INFO - Distributed training: False
2022-08-16 12:12:49,122 - DGCNN_ModelNet40_1024pts - INFO - Set random seed to 0, deterministic: False
