2022-08-20 14:30:25,750 - DGCNN_ModelNet40_1024pts - INFO - args.cfg_file : ./configs/models_cls/models_ModelNet/DGCNN_ModelNet40_1024pts.yaml
2022-08-20 14:30:25,751 - DGCNN_ModelNet40_1024pts - INFO - args.local_rank : 0
2022-08-20 14:30:25,752 - DGCNN_ModelNet40_1024pts - INFO - args.use_gpu : False
2022-08-20 14:30:25,753 - DGCNN_ModelNet40_1024pts - INFO - args.gpu : 0
2022-08-20 14:30:25,753 - DGCNN_ModelNet40_1024pts - INFO - args.num_workers : 4
2022-08-20 14:30:25,754 - DGCNN_ModelNet40_1024pts - INFO - args.seed : 0
2022-08-20 14:30:25,755 - DGCNN_ModelNet40_1024pts - INFO - args.deterministic : False
2022-08-20 14:30:25,756 - DGCNN_ModelNet40_1024pts - INFO - args.exp_name : train
2022-08-20 14:30:25,758 - DGCNN_ModelNet40_1024pts - INFO - args.start_ckpts : None
2022-08-20 14:30:25,759 - DGCNN_ModelNet40_1024pts - INFO - args.ckpts : None
2022-08-20 14:30:25,760 - DGCNN_ModelNet40_1024pts - INFO - args.val_freq : 1
2022-08-20 14:30:25,761 - DGCNN_ModelNet40_1024pts - INFO - args.resume : False
2022-08-20 14:30:25,762 - DGCNN_ModelNet40_1024pts - INFO - args.test : False
2022-08-20 14:30:25,763 - DGCNN_ModelNet40_1024pts - INFO - args.finetune_model : False
2022-08-20 14:30:25,764 - DGCNN_ModelNet40_1024pts - INFO - args.scratch_model : False
2022-08-20 14:30:25,765 - DGCNN_ModelNet40_1024pts - INFO - args.label_smoothing : False
2022-08-20 14:30:25,765 - DGCNN_ModelNet40_1024pts - INFO - args.mode : None
2022-08-20 14:30:25,766 - DGCNN_ModelNet40_1024pts - INFO - args.way : -1
2022-08-20 14:30:25,767 - DGCNN_ModelNet40_1024pts - INFO - args.shot : -1
2022-08-20 14:30:25,767 - DGCNN_ModelNet40_1024pts - INFO - args.fold : -1
2022-08-20 14:30:25,768 - DGCNN_ModelNet40_1024pts - INFO - args.experiment_path : ./experiments/DGCNN/ModelNet40/1024pts/train
2022-08-20 14:30:25,769 - DGCNN_ModelNet40_1024pts - INFO - args.tfboard_path : ./experiments/DGCNN/ModelNet40/1024pts/TFBoard/train
2022-08-20 14:30:25,769 - DGCNN_ModelNet40_1024pts - INFO - args.log_name : DGCNN_ModelNet40_1024pts
2022-08-20 14:30:25,770 - DGCNN_ModelNet40_1024pts - INFO - args.distributed : False
2022-08-20 14:30:25,771 - DGCNN_ModelNet40_1024pts - INFO - cfgs.optimizer = EasyDict()
2022-08-20 14:30:25,772 - DGCNN_ModelNet40_1024pts - INFO - cfgs.optimizer.type : AdamW
2022-08-20 14:30:25,773 - DGCNN_ModelNet40_1024pts - INFO - cfgs.optimizer.kwargs = EasyDict()
2022-08-20 14:30:25,775 - DGCNN_ModelNet40_1024pts - INFO - cfgs.optimizer.kwargs.lr : 0.001
2022-08-20 14:30:25,776 - DGCNN_ModelNet40_1024pts - INFO - cfgs.optimizer.kwargs.weight_decay : 0.0001
2022-08-20 14:30:25,777 - DGCNN_ModelNet40_1024pts - INFO - cfgs.scheduler = EasyDict()
2022-08-20 14:30:25,778 - DGCNN_ModelNet40_1024pts - INFO - cfgs.scheduler.type : CosineAnnealingLR
2022-08-20 14:30:25,778 - DGCNN_ModelNet40_1024pts - INFO - cfgs.scheduler.kwargs = EasyDict()
2022-08-20 14:30:25,780 - DGCNN_ModelNet40_1024pts - INFO - cfgs.scheduler.kwargs.epochs : 200
2022-08-20 14:30:25,781 - DGCNN_ModelNet40_1024pts - INFO - cfgs.scheduler.kwargs.eta_min : 0.001
2022-08-20 14:30:25,782 - DGCNN_ModelNet40_1024pts - INFO - cfgs.dataset = EasyDict()
2022-08-20 14:30:25,782 - DGCNN_ModelNet40_1024pts - INFO - cfgs.dataset.name : ModelNet40
2022-08-20 14:30:25,783 - DGCNN_ModelNet40_1024pts - INFO - cfgs.dataset.train = EasyDict()
2022-08-20 14:30:25,784 - DGCNN_ModelNet40_1024pts - INFO - cfgs.dataset.train._base_ = EasyDict()
2022-08-20 14:30:25,784 - DGCNN_ModelNet40_1024pts - INFO - cfgs.dataset.train._base_.name : ModelNet40
2022-08-20 14:30:25,785 - DGCNN_ModelNet40_1024pts - INFO - cfgs.dataset.train._base_.dataset_path : data/ModelNet/ModelNet40
2022-08-20 14:30:25,786 - DGCNN_ModelNet40_1024pts - INFO - cfgs.dataset.train._base_.pointcloud_path : data/ModelNet/dataset
2022-08-20 14:30:25,786 - DGCNN_ModelNet40_1024pts - INFO - cfgs.dataset.train._base_.n_point_all : 8192
2022-08-20 14:30:25,787 - DGCNN_ModelNet40_1024pts - INFO - cfgs.dataset.train._base_.n_class : 40
2022-08-20 14:30:25,788 - DGCNN_ModelNet40_1024pts - INFO - cfgs.dataset.train.others = EasyDict()
2022-08-20 14:30:25,790 - DGCNN_ModelNet40_1024pts - INFO - cfgs.dataset.train.others.subset : train
2022-08-20 14:30:25,791 - DGCNN_ModelNet40_1024pts - INFO - cfgs.dataset.train.others.use_normals : False
2022-08-20 14:30:25,792 - DGCNN_ModelNet40_1024pts - INFO - cfgs.dataset.train.others.bs : 32
2022-08-20 14:30:25,794 - DGCNN_ModelNet40_1024pts - INFO - cfgs.dataset.valid = EasyDict()
2022-08-20 14:30:25,795 - DGCNN_ModelNet40_1024pts - INFO - cfgs.dataset.valid._base_ = EasyDict()
2022-08-20 14:30:25,796 - DGCNN_ModelNet40_1024pts - INFO - cfgs.dataset.valid._base_.name : ModelNet40
2022-08-20 14:30:25,797 - DGCNN_ModelNet40_1024pts - INFO - cfgs.dataset.valid._base_.dataset_path : data/ModelNet/ModelNet40
2022-08-20 14:30:25,798 - DGCNN_ModelNet40_1024pts - INFO - cfgs.dataset.valid._base_.pointcloud_path : data/ModelNet/dataset
2022-08-20 14:30:25,799 - DGCNN_ModelNet40_1024pts - INFO - cfgs.dataset.valid._base_.n_point_all : 8192
2022-08-20 14:30:25,800 - DGCNN_ModelNet40_1024pts - INFO - cfgs.dataset.valid._base_.n_class : 40
2022-08-20 14:30:25,801 - DGCNN_ModelNet40_1024pts - INFO - cfgs.dataset.valid.others = EasyDict()
2022-08-20 14:30:25,802 - DGCNN_ModelNet40_1024pts - INFO - cfgs.dataset.valid.others.subset : test
2022-08-20 14:30:25,803 - DGCNN_ModelNet40_1024pts - INFO - cfgs.dataset.valid.others.use_normals : False
2022-08-20 14:30:25,804 - DGCNN_ModelNet40_1024pts - INFO - cfgs.dataset.valid.others.bs : 32
2022-08-20 14:30:25,806 - DGCNN_ModelNet40_1024pts - INFO - cfgs.dataset.test = EasyDict()
2022-08-20 14:30:25,807 - DGCNN_ModelNet40_1024pts - INFO - cfgs.dataset.test._base_ = EasyDict()
2022-08-20 14:30:25,808 - DGCNN_ModelNet40_1024pts - INFO - cfgs.dataset.test._base_.name : ModelNet40
2022-08-20 14:30:25,809 - DGCNN_ModelNet40_1024pts - INFO - cfgs.dataset.test._base_.dataset_path : data/ModelNet/ModelNet40
2022-08-20 14:30:25,809 - DGCNN_ModelNet40_1024pts - INFO - cfgs.dataset.test._base_.pointcloud_path : data/ModelNet/dataset
2022-08-20 14:30:25,810 - DGCNN_ModelNet40_1024pts - INFO - cfgs.dataset.test._base_.n_point_all : 8192
2022-08-20 14:30:25,811 - DGCNN_ModelNet40_1024pts - INFO - cfgs.dataset.test._base_.n_class : 40
2022-08-20 14:30:25,812 - DGCNN_ModelNet40_1024pts - INFO - cfgs.dataset.test.others = EasyDict()
2022-08-20 14:30:25,813 - DGCNN_ModelNet40_1024pts - INFO - cfgs.dataset.test.others.subset : test
2022-08-20 14:30:25,814 - DGCNN_ModelNet40_1024pts - INFO - cfgs.dataset.test.others.use_normals : False
2022-08-20 14:30:25,814 - DGCNN_ModelNet40_1024pts - INFO - cfgs.dataset.test.others.bs : 32
2022-08-20 14:30:25,815 - DGCNN_ModelNet40_1024pts - INFO - cfgs.model = EasyDict()
2022-08-20 14:30:25,816 - DGCNN_ModelNet40_1024pts - INFO - cfgs.model.name : DGCNNCls
2022-08-20 14:30:25,816 - DGCNN_ModelNet40_1024pts - INFO - cfgs.model.k_point : 20
2022-08-20 14:30:25,817 - DGCNN_ModelNet40_1024pts - INFO - cfgs.model.d_embed : 1024
2022-08-20 14:30:25,818 - DGCNN_ModelNet40_1024pts - INFO - cfgs.model.dropout : 0.5
2022-08-20 14:30:25,819 - DGCNN_ModelNet40_1024pts - INFO - cfgs.bs_train : 32
2022-08-20 14:30:25,820 - DGCNN_ModelNet40_1024pts - INFO - cfgs.bs_valid : 32
2022-08-20 14:30:25,821 - DGCNN_ModelNet40_1024pts - INFO - cfgs.bs_test : 32
2022-08-20 14:30:25,822 - DGCNN_ModelNet40_1024pts - INFO - cfgs.n_point : 1024
2022-08-20 14:30:25,824 - DGCNN_ModelNet40_1024pts - INFO - cfgs.max_epoch : 200
2022-08-20 14:30:25,826 - DGCNN_ModelNet40_1024pts - INFO - Set random seed to 0, deterministic: False
