2022-08-20 17:55:58,688 - DGCNN_ModelNet40_1024pts - INFO - args.cfg_file : ./configs/models_cls/models_ModelNet/DGCNN_ModelNet40_1024pts.yaml
2022-08-20 17:55:58,689 - DGCNN_ModelNet40_1024pts - INFO - args.local_rank : 0
2022-08-20 17:55:58,690 - DGCNN_ModelNet40_1024pts - INFO - args.use_gpu : False
2022-08-20 17:55:58,691 - DGCNN_ModelNet40_1024pts - INFO - args.gpu : 0
2022-08-20 17:55:58,692 - DGCNN_ModelNet40_1024pts - INFO - args.num_workers : 4
2022-08-20 17:55:58,693 - DGCNN_ModelNet40_1024pts - INFO - args.seed : 0
2022-08-20 17:55:58,693 - DGCNN_ModelNet40_1024pts - INFO - args.deterministic : False
2022-08-20 17:55:58,694 - DGCNN_ModelNet40_1024pts - INFO - args.exp_name : train
2022-08-20 17:55:58,695 - DGCNN_ModelNet40_1024pts - INFO - args.start_ckpts : None
2022-08-20 17:55:58,695 - DGCNN_ModelNet40_1024pts - INFO - args.ckpts : None
2022-08-20 17:55:58,696 - DGCNN_ModelNet40_1024pts - INFO - args.val_freq : 1
2022-08-20 17:55:58,697 - DGCNN_ModelNet40_1024pts - INFO - args.resume : False
2022-08-20 17:55:58,697 - DGCNN_ModelNet40_1024pts - INFO - args.test : False
2022-08-20 17:55:58,698 - DGCNN_ModelNet40_1024pts - INFO - args.finetune_model : False
2022-08-20 17:55:58,700 - DGCNN_ModelNet40_1024pts - INFO - args.scratch_model : False
2022-08-20 17:55:58,700 - DGCNN_ModelNet40_1024pts - INFO - args.label_smoothing : False
2022-08-20 17:55:58,702 - DGCNN_ModelNet40_1024pts - INFO - args.mode : None
2022-08-20 17:55:58,703 - DGCNN_ModelNet40_1024pts - INFO - args.way : -1
2022-08-20 17:55:58,704 - DGCNN_ModelNet40_1024pts - INFO - args.shot : -1
2022-08-20 17:55:58,705 - DGCNN_ModelNet40_1024pts - INFO - args.fold : -1
2022-08-20 17:55:58,706 - DGCNN_ModelNet40_1024pts - INFO - args.experiment_path : ./experiments/DGCNN/ModelNet40/1024pts/train
2022-08-20 17:55:58,706 - DGCNN_ModelNet40_1024pts - INFO - args.tfboard_path : ./experiments/DGCNN/ModelNet40/1024pts/TFBoard/train
2022-08-20 17:55:58,707 - DGCNN_ModelNet40_1024pts - INFO - args.log_name : DGCNN_ModelNet40_1024pts
2022-08-20 17:55:58,708 - DGCNN_ModelNet40_1024pts - INFO - args.distributed : False
2022-08-20 17:55:58,709 - DGCNN_ModelNet40_1024pts - INFO - cfgs.dataset = EasyDict()
2022-08-20 17:55:58,709 - DGCNN_ModelNet40_1024pts - INFO - cfgs.dataset.name : ModelNet40
2022-08-20 17:55:58,710 - DGCNN_ModelNet40_1024pts - INFO - cfgs.dataset.train = EasyDict()
2022-08-20 17:55:58,710 - DGCNN_ModelNet40_1024pts - INFO - cfgs.dataset.train._base_ = EasyDict()
2022-08-20 17:55:58,713 - DGCNN_ModelNet40_1024pts - INFO - cfgs.dataset.train._base_.name : ModelNet40
2022-08-20 17:55:58,713 - DGCNN_ModelNet40_1024pts - INFO - cfgs.dataset.train._base_.dataset_path : data/ModelNet/ModelNet40
2022-08-20 17:55:58,714 - DGCNN_ModelNet40_1024pts - INFO - cfgs.dataset.train._base_.pointcloud_path : data/ModelNet/dataset
2022-08-20 17:55:58,715 - DGCNN_ModelNet40_1024pts - INFO - cfgs.dataset.train._base_.n_point_all : 8192
2022-08-20 17:55:58,716 - DGCNN_ModelNet40_1024pts - INFO - cfgs.dataset.train._base_.n_class : 40
2022-08-20 17:55:58,716 - DGCNN_ModelNet40_1024pts - INFO - cfgs.dataset.train.others = EasyDict()
2022-08-20 17:55:58,717 - DGCNN_ModelNet40_1024pts - INFO - cfgs.dataset.train.others.subset : train
2022-08-20 17:55:58,717 - DGCNN_ModelNet40_1024pts - INFO - cfgs.dataset.train.others.bs : 32
2022-08-20 17:55:58,718 - DGCNN_ModelNet40_1024pts - INFO - cfgs.dataset.valid = EasyDict()
2022-08-20 17:55:58,720 - DGCNN_ModelNet40_1024pts - INFO - cfgs.dataset.valid._base_ = EasyDict()
2022-08-20 17:55:58,721 - DGCNN_ModelNet40_1024pts - INFO - cfgs.dataset.valid._base_.name : ModelNet40
2022-08-20 17:55:58,722 - DGCNN_ModelNet40_1024pts - INFO - cfgs.dataset.valid._base_.dataset_path : data/ModelNet/ModelNet40
2022-08-20 17:55:58,723 - DGCNN_ModelNet40_1024pts - INFO - cfgs.dataset.valid._base_.pointcloud_path : data/ModelNet/dataset
2022-08-20 17:55:58,723 - DGCNN_ModelNet40_1024pts - INFO - cfgs.dataset.valid._base_.n_point_all : 8192
2022-08-20 17:55:58,724 - DGCNN_ModelNet40_1024pts - INFO - cfgs.dataset.valid._base_.n_class : 40
2022-08-20 17:55:58,724 - DGCNN_ModelNet40_1024pts - INFO - cfgs.dataset.valid.others = EasyDict()
2022-08-20 17:55:58,725 - DGCNN_ModelNet40_1024pts - INFO - cfgs.dataset.valid.others.subset : test
2022-08-20 17:55:58,726 - DGCNN_ModelNet40_1024pts - INFO - cfgs.dataset.valid.others.bs : 32
2022-08-20 17:55:58,727 - DGCNN_ModelNet40_1024pts - INFO - cfgs.dataset.test = EasyDict()
2022-08-20 17:55:58,728 - DGCNN_ModelNet40_1024pts - INFO - cfgs.dataset.test._base_ = EasyDict()
2022-08-20 17:55:58,729 - DGCNN_ModelNet40_1024pts - INFO - cfgs.dataset.test._base_.name : ModelNet40
2022-08-20 17:55:58,729 - DGCNN_ModelNet40_1024pts - INFO - cfgs.dataset.test._base_.dataset_path : data/ModelNet/ModelNet40
2022-08-20 17:55:58,730 - DGCNN_ModelNet40_1024pts - INFO - cfgs.dataset.test._base_.pointcloud_path : data/ModelNet/dataset
2022-08-20 17:55:58,731 - DGCNN_ModelNet40_1024pts - INFO - cfgs.dataset.test._base_.n_point_all : 8192
2022-08-20 17:55:58,732 - DGCNN_ModelNet40_1024pts - INFO - cfgs.dataset.test._base_.n_class : 40
2022-08-20 17:55:58,732 - DGCNN_ModelNet40_1024pts - INFO - cfgs.dataset.test.others = EasyDict()
2022-08-20 17:55:58,733 - DGCNN_ModelNet40_1024pts - INFO - cfgs.dataset.test.others.subset : test
2022-08-20 17:55:58,733 - DGCNN_ModelNet40_1024pts - INFO - cfgs.dataset.test.others.bs : 32
2022-08-20 17:55:58,734 - DGCNN_ModelNet40_1024pts - INFO - cfgs.model = EasyDict()
2022-08-20 17:55:58,735 - DGCNN_ModelNet40_1024pts - INFO - cfgs.model.name : DGCNNCls
2022-08-20 17:55:58,736 - DGCNN_ModelNet40_1024pts - INFO - cfgs.model.n_class : 40
2022-08-20 17:55:58,736 - DGCNN_ModelNet40_1024pts - INFO - cfgs.model.n_point : 1024
2022-08-20 17:55:58,737 - DGCNN_ModelNet40_1024pts - INFO - cfgs.model.k_point : 20
2022-08-20 17:55:58,737 - DGCNN_ModelNet40_1024pts - INFO - cfgs.model.d_embed : 1024
2022-08-20 17:55:58,741 - DGCNN_ModelNet40_1024pts - INFO - cfgs.model.dropout : 0.5
2022-08-20 17:55:58,742 - DGCNN_ModelNet40_1024pts - INFO - cfgs.model.use_normals : False
2022-08-20 17:55:58,744 - DGCNN_ModelNet40_1024pts - INFO - cfgs.loss = EasyDict()
2022-08-20 17:55:58,744 - DGCNN_ModelNet40_1024pts - INFO - cfgs.loss.name : DGCNNLoss
2022-08-20 17:55:58,745 - DGCNN_ModelNet40_1024pts - INFO - cfgs.loss.kwargs = EasyDict()
2022-08-20 17:55:58,746 - DGCNN_ModelNet40_1024pts - INFO - cfgs.loss.kwargs.smoothing : True
2022-08-20 17:55:58,746 - DGCNN_ModelNet40_1024pts - INFO - cfgs.optimizer = EasyDict()
2022-08-20 17:55:58,747 - DGCNN_ModelNet40_1024pts - INFO - cfgs.optimizer.type : AdamW
2022-08-20 17:55:58,747 - DGCNN_ModelNet40_1024pts - INFO - cfgs.optimizer.kwargs = EasyDict()
2022-08-20 17:55:58,748 - DGCNN_ModelNet40_1024pts - INFO - cfgs.optimizer.kwargs.lr : 0.001
2022-08-20 17:55:58,749 - DGCNN_ModelNet40_1024pts - INFO - cfgs.optimizer.kwargs.weight_decay : 0.0001
2022-08-20 17:55:58,749 - DGCNN_ModelNet40_1024pts - INFO - cfgs.scheduler = EasyDict()
2022-08-20 17:55:58,750 - DGCNN_ModelNet40_1024pts - INFO - cfgs.scheduler.type : CosineAnnealingLR
2022-08-20 17:55:58,751 - DGCNN_ModelNet40_1024pts - INFO - cfgs.scheduler.kwargs = EasyDict()
2022-08-20 17:55:58,752 - DGCNN_ModelNet40_1024pts - INFO - cfgs.scheduler.kwargs.epochs : 200
2022-08-20 17:55:58,752 - DGCNN_ModelNet40_1024pts - INFO - cfgs.scheduler.kwargs.eta_min : 0.001
2022-08-20 17:55:58,753 - DGCNN_ModelNet40_1024pts - INFO - cfgs.bs_train : 32
2022-08-20 17:55:58,754 - DGCNN_ModelNet40_1024pts - INFO - cfgs.bs_valid : 32
2022-08-20 17:55:58,754 - DGCNN_ModelNet40_1024pts - INFO - cfgs.bs_test : 32
2022-08-20 17:55:58,755 - DGCNN_ModelNet40_1024pts - INFO - cfgs.n_point : 1024
2022-08-20 17:55:58,755 - DGCNN_ModelNet40_1024pts - INFO - cfgs.max_epoch : 200
2022-08-20 17:55:58,756 - DGCNN_ModelNet40_1024pts - INFO - Set random seed to 0, deterministic: False
2022-08-20 17:55:58,792 - DGCNN_ModelNet40_1024pts - INFO - Training from scratch
