2022-08-16 12:13:17,080 - DGCNN_ModelNet40_1024pts - INFO - args.cfg_file : .\configs\models_cls\models_ModelNet\DGCNN_ModelNet40_1024pts.yaml
2022-08-16 12:13:17,081 - DGCNN_ModelNet40_1024pts - INFO - args.launcher : none
2022-08-16 12:13:17,082 - DGCNN_ModelNet40_1024pts - INFO - args.local_rank : 0
2022-08-16 12:13:17,082 - DGCNN_ModelNet40_1024pts - INFO - args.num_workers : 4
2022-08-16 12:13:17,083 - DGCNN_ModelNet40_1024pts - INFO - args.seed : 0
2022-08-16 12:13:17,083 - DGCNN_ModelNet40_1024pts - INFO - args.deterministic : False
2022-08-16 12:13:17,084 - DGCNN_ModelNet40_1024pts - INFO - args.sync_bn : False
2022-08-16 12:13:17,084 - DGCNN_ModelNet40_1024pts - INFO - args.exp_name : train
2022-08-16 12:13:17,085 - DGCNN_ModelNet40_1024pts - INFO - args.start_ckpts : None
2022-08-16 12:13:17,085 - DGCNN_ModelNet40_1024pts - INFO - args.ckpts : None
2022-08-16 12:13:17,086 - DGCNN_ModelNet40_1024pts - INFO - args.val_freq : 1
2022-08-16 12:13:17,086 - DGCNN_ModelNet40_1024pts - INFO - args.resume : False
2022-08-16 12:13:17,087 - DGCNN_ModelNet40_1024pts - INFO - args.test : False
2022-08-16 12:13:17,087 - DGCNN_ModelNet40_1024pts - INFO - args.finetune_model : False
2022-08-16 12:13:17,088 - DGCNN_ModelNet40_1024pts - INFO - args.scratch_model : False
2022-08-16 12:13:17,089 - DGCNN_ModelNet40_1024pts - INFO - args.label_smoothing : False
2022-08-16 12:13:17,090 - DGCNN_ModelNet40_1024pts - INFO - args.mode : None
2022-08-16 12:13:17,090 - DGCNN_ModelNet40_1024pts - INFO - args.way : -1
2022-08-16 12:13:17,091 - DGCNN_ModelNet40_1024pts - INFO - args.shot : -1
2022-08-16 12:13:17,092 - DGCNN_ModelNet40_1024pts - INFO - args.fold : -1
2022-08-16 12:13:17,093 - DGCNN_ModelNet40_1024pts - INFO - args.experiment_path : ./experiments/DGCNN/ModelNet40/1024pts/train
2022-08-16 12:13:17,093 - DGCNN_ModelNet40_1024pts - INFO - args.tfboard_path : ./experiments/DGCNN/ModelNet40/1024pts/TFBoard/train
2022-08-16 12:13:17,094 - DGCNN_ModelNet40_1024pts - INFO - args.log_name : DGCNN_ModelNet40_1024pts
2022-08-16 12:13:17,094 - DGCNN_ModelNet40_1024pts - INFO - args.use_gpu : False
2022-08-16 12:13:17,095 - DGCNN_ModelNet40_1024pts - INFO - args.distributed : False
2022-08-16 12:13:17,096 - DGCNN_ModelNet40_1024pts - INFO - cfgs.optimizer = EasyDict()
2022-08-16 12:13:17,098 - DGCNN_ModelNet40_1024pts - INFO - cfgs.optimizer.type : AdamW
2022-08-16 12:13:17,099 - DGCNN_ModelNet40_1024pts - INFO - cfgs.optimizer.kwargs = EasyDict()
2022-08-16 12:13:17,101 - DGCNN_ModelNet40_1024pts - INFO - cfgs.optimizer.kwargs.lr : 0.001
2022-08-16 12:13:17,102 - DGCNN_ModelNet40_1024pts - INFO - cfgs.optimizer.kwargs.weight_decay : 0.0001
2022-08-16 12:13:17,102 - DGCNN_ModelNet40_1024pts - INFO - cfgs.scheduler = EasyDict()
2022-08-16 12:13:17,103 - DGCNN_ModelNet40_1024pts - INFO - cfgs.scheduler.type : CosineAnnealingLR
2022-08-16 12:13:17,103 - DGCNN_ModelNet40_1024pts - INFO - cfgs.scheduler.kwargs = EasyDict()
2022-08-16 12:13:17,104 - DGCNN_ModelNet40_1024pts - INFO - cfgs.scheduler.kwargs.epochs : 200
2022-08-16 12:13:17,104 - DGCNN_ModelNet40_1024pts - INFO - cfgs.scheduler.kwargs.eta_min : 0.001
2022-08-16 12:13:17,104 - DGCNN_ModelNet40_1024pts - INFO - cfgs.dataset = EasyDict()
2022-08-16 12:13:17,104 - DGCNN_ModelNet40_1024pts - INFO - cfgs.dataset.name : ModelNet40
2022-08-16 12:13:17,105 - DGCNN_ModelNet40_1024pts - INFO - cfgs.dataset.train = EasyDict()
2022-08-16 12:13:17,105 - DGCNN_ModelNet40_1024pts - INFO - cfgs.dataset.train._base_ = EasyDict()
2022-08-16 12:13:17,106 - DGCNN_ModelNet40_1024pts - INFO - cfgs.dataset.train._base_.name : ModelNet40
2022-08-16 12:13:17,106 - DGCNN_ModelNet40_1024pts - INFO - cfgs.dataset.train._base_.dataset_path : data/ModelNet/ModelNet40
2022-08-16 12:13:17,107 - DGCNN_ModelNet40_1024pts - INFO - cfgs.dataset.train._base_.pointcloud_path : data/ModelNet
2022-08-16 12:13:17,111 - DGCNN_ModelNet40_1024pts - INFO - cfgs.dataset.train._base_.n_point : 8192
2022-08-16 12:13:17,114 - DGCNN_ModelNet40_1024pts - INFO - cfgs.dataset.train._base_.n_class : 40
2022-08-16 12:13:17,116 - DGCNN_ModelNet40_1024pts - INFO - cfgs.dataset.train.others = EasyDict()
2022-08-16 12:13:17,118 - DGCNN_ModelNet40_1024pts - INFO - cfgs.dataset.train.others.subset : train
2022-08-16 12:13:17,119 - DGCNN_ModelNet40_1024pts - INFO - cfgs.dataset.train.others.bs : 32
2022-08-16 12:13:17,121 - DGCNN_ModelNet40_1024pts - INFO - cfgs.dataset.valid = EasyDict()
2022-08-16 12:13:17,122 - DGCNN_ModelNet40_1024pts - INFO - cfgs.dataset.valid._base_ = EasyDict()
2022-08-16 12:13:17,123 - DGCNN_ModelNet40_1024pts - INFO - cfgs.dataset.valid._base_.name : ModelNet40
2022-08-16 12:13:17,124 - DGCNN_ModelNet40_1024pts - INFO - cfgs.dataset.valid._base_.dataset_path : data/ModelNet/ModelNet40
2022-08-16 12:13:17,125 - DGCNN_ModelNet40_1024pts - INFO - cfgs.dataset.valid._base_.pointcloud_path : data/ModelNet
2022-08-16 12:13:17,128 - DGCNN_ModelNet40_1024pts - INFO - cfgs.dataset.valid._base_.n_point : 8192
2022-08-16 12:13:17,130 - DGCNN_ModelNet40_1024pts - INFO - cfgs.dataset.valid._base_.n_class : 40
2022-08-16 12:13:17,131 - DGCNN_ModelNet40_1024pts - INFO - cfgs.dataset.valid.others = EasyDict()
2022-08-16 12:13:17,133 - DGCNN_ModelNet40_1024pts - INFO - cfgs.dataset.valid.others.subset : test
2022-08-16 12:13:17,135 - DGCNN_ModelNet40_1024pts - INFO - cfgs.dataset.valid.others.bs : 32
2022-08-16 12:13:17,138 - DGCNN_ModelNet40_1024pts - INFO - cfgs.dataset.test = EasyDict()
2022-08-16 12:13:17,139 - DGCNN_ModelNet40_1024pts - INFO - cfgs.dataset.test._base_ = EasyDict()
2022-08-16 12:13:17,140 - DGCNN_ModelNet40_1024pts - INFO - cfgs.dataset.test._base_.name : ModelNet40
2022-08-16 12:13:17,141 - DGCNN_ModelNet40_1024pts - INFO - cfgs.dataset.test._base_.dataset_path : data/ModelNet/ModelNet40
2022-08-16 12:13:17,143 - DGCNN_ModelNet40_1024pts - INFO - cfgs.dataset.test._base_.pointcloud_path : data/ModelNet
2022-08-16 12:13:17,144 - DGCNN_ModelNet40_1024pts - INFO - cfgs.dataset.test._base_.n_point : 8192
2022-08-16 12:13:17,145 - DGCNN_ModelNet40_1024pts - INFO - cfgs.dataset.test._base_.n_class : 40
2022-08-16 12:13:17,146 - DGCNN_ModelNet40_1024pts - INFO - cfgs.dataset.test.others = EasyDict()
2022-08-16 12:13:17,152 - DGCNN_ModelNet40_1024pts - INFO - cfgs.dataset.test.others.subset : test
2022-08-16 12:13:17,154 - DGCNN_ModelNet40_1024pts - INFO - cfgs.dataset.test.others.bs : 32
2022-08-16 12:13:17,156 - DGCNN_ModelNet40_1024pts - INFO - cfgs.model = EasyDict()
2022-08-16 12:13:17,157 - DGCNN_ModelNet40_1024pts - INFO - cfgs.model.name : DGCNNCls
2022-08-16 12:13:17,158 - DGCNN_ModelNet40_1024pts - INFO - cfgs.model.k_point : 20
2022-08-16 12:13:17,160 - DGCNN_ModelNet40_1024pts - INFO - cfgs.model.d_embed : 1024
2022-08-16 12:13:17,161 - DGCNN_ModelNet40_1024pts - INFO - cfgs.model.dropout : 0.5
2022-08-16 12:13:17,162 - DGCNN_ModelNet40_1024pts - INFO - cfgs.bs_train : 32
2022-08-16 12:13:17,167 - DGCNN_ModelNet40_1024pts - INFO - cfgs.bs_valid : 32
2022-08-16 12:13:17,169 - DGCNN_ModelNet40_1024pts - INFO - cfgs.bs_test : 32
2022-08-16 12:13:17,171 - DGCNN_ModelNet40_1024pts - INFO - cfgs.n_point : 1024
2022-08-16 12:13:17,172 - DGCNN_ModelNet40_1024pts - INFO - cfgs.max_epoch : 200
2022-08-16 12:13:17,172 - DGCNN_ModelNet40_1024pts - INFO - Distributed training: False
2022-08-16 12:13:17,173 - DGCNN_ModelNet40_1024pts - INFO - Set random seed to 0, deterministic: False
