2022-08-16 12:15:05,136 - DGCNN_ModelNet40_1024pts - INFO - args.cfg_file : .\configs\models_cls\models_ModelNet\DGCNN_ModelNet40_1024pts.yaml
2022-08-16 12:15:05,137 - DGCNN_ModelNet40_1024pts - INFO - args.launcher : none
2022-08-16 12:15:05,137 - DGCNN_ModelNet40_1024pts - INFO - args.local_rank : 0
2022-08-16 12:15:05,138 - DGCNN_ModelNet40_1024pts - INFO - args.num_workers : 4
2022-08-16 12:15:05,139 - DGCNN_ModelNet40_1024pts - INFO - args.seed : 0
2022-08-16 12:15:05,140 - DGCNN_ModelNet40_1024pts - INFO - args.deterministic : False
2022-08-16 12:15:05,141 - DGCNN_ModelNet40_1024pts - INFO - args.sync_bn : False
2022-08-16 12:15:05,141 - DGCNN_ModelNet40_1024pts - INFO - args.exp_name : train
2022-08-16 12:15:05,142 - DGCNN_ModelNet40_1024pts - INFO - args.start_ckpts : None
2022-08-16 12:15:05,143 - DGCNN_ModelNet40_1024pts - INFO - args.ckpts : None
2022-08-16 12:15:05,144 - DGCNN_ModelNet40_1024pts - INFO - args.val_freq : 1
2022-08-16 12:15:05,145 - DGCNN_ModelNet40_1024pts - INFO - args.resume : False
2022-08-16 12:15:05,145 - DGCNN_ModelNet40_1024pts - INFO - args.test : False
2022-08-16 12:15:05,146 - DGCNN_ModelNet40_1024pts - INFO - args.finetune_model : False
2022-08-16 12:15:05,147 - DGCNN_ModelNet40_1024pts - INFO - args.scratch_model : False
2022-08-16 12:15:05,148 - DGCNN_ModelNet40_1024pts - INFO - args.label_smoothing : False
2022-08-16 12:15:05,148 - DGCNN_ModelNet40_1024pts - INFO - args.mode : None
2022-08-16 12:15:05,149 - DGCNN_ModelNet40_1024pts - INFO - args.way : -1
2022-08-16 12:15:05,150 - DGCNN_ModelNet40_1024pts - INFO - args.shot : -1
2022-08-16 12:15:05,150 - DGCNN_ModelNet40_1024pts - INFO - args.fold : -1
2022-08-16 12:15:05,151 - DGCNN_ModelNet40_1024pts - INFO - args.experiment_path : ./experiments/DGCNN/ModelNet40/1024pts/train
2022-08-16 12:15:05,152 - DGCNN_ModelNet40_1024pts - INFO - args.tfboard_path : ./experiments/DGCNN/ModelNet40/1024pts/TFBoard/train
2022-08-16 12:15:05,153 - DGCNN_ModelNet40_1024pts - INFO - args.log_name : DGCNN_ModelNet40_1024pts
2022-08-16 12:15:05,154 - DGCNN_ModelNet40_1024pts - INFO - args.use_gpu : False
2022-08-16 12:15:05,154 - DGCNN_ModelNet40_1024pts - INFO - args.distributed : False
2022-08-16 12:15:05,155 - DGCNN_ModelNet40_1024pts - INFO - cfgs.optimizer = EasyDict()
2022-08-16 12:15:05,157 - DGCNN_ModelNet40_1024pts - INFO - cfgs.optimizer.type : AdamW
2022-08-16 12:15:05,158 - DGCNN_ModelNet40_1024pts - INFO - cfgs.optimizer.kwargs = EasyDict()
2022-08-16 12:15:05,159 - DGCNN_ModelNet40_1024pts - INFO - cfgs.optimizer.kwargs.lr : 0.001
2022-08-16 12:15:05,160 - DGCNN_ModelNet40_1024pts - INFO - cfgs.optimizer.kwargs.weight_decay : 0.0001
2022-08-16 12:15:05,160 - DGCNN_ModelNet40_1024pts - INFO - cfgs.scheduler = EasyDict()
2022-08-16 12:15:05,161 - DGCNN_ModelNet40_1024pts - INFO - cfgs.scheduler.type : CosineAnnealingLR
2022-08-16 12:15:05,162 - DGCNN_ModelNet40_1024pts - INFO - cfgs.scheduler.kwargs = EasyDict()
2022-08-16 12:15:05,163 - DGCNN_ModelNet40_1024pts - INFO - cfgs.scheduler.kwargs.epochs : 200
2022-08-16 12:15:05,165 - DGCNN_ModelNet40_1024pts - INFO - cfgs.scheduler.kwargs.eta_min : 0.001
2022-08-16 12:15:05,167 - DGCNN_ModelNet40_1024pts - INFO - cfgs.dataset = EasyDict()
2022-08-16 12:15:05,169 - DGCNN_ModelNet40_1024pts - INFO - cfgs.dataset.name : ModelNet40
2022-08-16 12:15:05,170 - DGCNN_ModelNet40_1024pts - INFO - cfgs.dataset.train = EasyDict()
2022-08-16 12:15:05,171 - DGCNN_ModelNet40_1024pts - INFO - cfgs.dataset.train._base_ = EasyDict()
2022-08-16 12:15:05,171 - DGCNN_ModelNet40_1024pts - INFO - cfgs.dataset.train._base_.name : ModelNet40
2022-08-16 12:15:05,173 - DGCNN_ModelNet40_1024pts - INFO - cfgs.dataset.train._base_.dataset_path : data/ModelNet/ModelNet40
2022-08-16 12:15:05,174 - DGCNN_ModelNet40_1024pts - INFO - cfgs.dataset.train._base_.pointcloud_path : data/ModelNet
2022-08-16 12:15:05,175 - DGCNN_ModelNet40_1024pts - INFO - cfgs.dataset.train._base_.n_point : 8192
2022-08-16 12:15:05,176 - DGCNN_ModelNet40_1024pts - INFO - cfgs.dataset.train._base_.n_class : 40
2022-08-16 12:15:05,178 - DGCNN_ModelNet40_1024pts - INFO - cfgs.dataset.train.others = EasyDict()
2022-08-16 12:15:05,179 - DGCNN_ModelNet40_1024pts - INFO - cfgs.dataset.train.others.subset : train
2022-08-16 12:15:05,181 - DGCNN_ModelNet40_1024pts - INFO - cfgs.dataset.train.others.bs : 32
2022-08-16 12:15:05,181 - DGCNN_ModelNet40_1024pts - INFO - cfgs.dataset.valid = EasyDict()
2022-08-16 12:15:05,182 - DGCNN_ModelNet40_1024pts - INFO - cfgs.dataset.valid._base_ = EasyDict()
2022-08-16 12:15:05,183 - DGCNN_ModelNet40_1024pts - INFO - cfgs.dataset.valid._base_.name : ModelNet40
2022-08-16 12:15:05,184 - DGCNN_ModelNet40_1024pts - INFO - cfgs.dataset.valid._base_.dataset_path : data/ModelNet/ModelNet40
2022-08-16 12:15:05,184 - DGCNN_ModelNet40_1024pts - INFO - cfgs.dataset.valid._base_.pointcloud_path : data/ModelNet
2022-08-16 12:15:05,185 - DGCNN_ModelNet40_1024pts - INFO - cfgs.dataset.valid._base_.n_point : 8192
2022-08-16 12:15:05,186 - DGCNN_ModelNet40_1024pts - INFO - cfgs.dataset.valid._base_.n_class : 40
2022-08-16 12:15:05,187 - DGCNN_ModelNet40_1024pts - INFO - cfgs.dataset.valid.others = EasyDict()
2022-08-16 12:15:05,188 - DGCNN_ModelNet40_1024pts - INFO - cfgs.dataset.valid.others.subset : test
2022-08-16 12:15:05,188 - DGCNN_ModelNet40_1024pts - INFO - cfgs.dataset.valid.others.bs : 32
2022-08-16 12:15:05,189 - DGCNN_ModelNet40_1024pts - INFO - cfgs.dataset.test = EasyDict()
2022-08-16 12:15:05,190 - DGCNN_ModelNet40_1024pts - INFO - cfgs.dataset.test._base_ = EasyDict()
2022-08-16 12:15:05,193 - DGCNN_ModelNet40_1024pts - INFO - cfgs.dataset.test._base_.name : ModelNet40
2022-08-16 12:15:05,197 - DGCNN_ModelNet40_1024pts - INFO - cfgs.dataset.test._base_.dataset_path : data/ModelNet/ModelNet40
2022-08-16 12:15:05,203 - DGCNN_ModelNet40_1024pts - INFO - cfgs.dataset.test._base_.pointcloud_path : data/ModelNet
2022-08-16 12:15:05,207 - DGCNN_ModelNet40_1024pts - INFO - cfgs.dataset.test._base_.n_point : 8192
2022-08-16 12:15:05,208 - DGCNN_ModelNet40_1024pts - INFO - cfgs.dataset.test._base_.n_class : 40
2022-08-16 12:15:05,209 - DGCNN_ModelNet40_1024pts - INFO - cfgs.dataset.test.others = EasyDict()
2022-08-16 12:15:05,210 - DGCNN_ModelNet40_1024pts - INFO - cfgs.dataset.test.others.subset : test
2022-08-16 12:15:05,211 - DGCNN_ModelNet40_1024pts - INFO - cfgs.dataset.test.others.bs : 32
2022-08-16 12:15:05,213 - DGCNN_ModelNet40_1024pts - INFO - cfgs.model = EasyDict()
2022-08-16 12:15:05,214 - DGCNN_ModelNet40_1024pts - INFO - cfgs.model.name : DGCNNCls
2022-08-16 12:15:05,217 - DGCNN_ModelNet40_1024pts - INFO - cfgs.model.k_point : 20
2022-08-16 12:15:05,218 - DGCNN_ModelNet40_1024pts - INFO - cfgs.model.d_embed : 1024
2022-08-16 12:15:05,219 - DGCNN_ModelNet40_1024pts - INFO - cfgs.model.dropout : 0.5
2022-08-16 12:15:05,219 - DGCNN_ModelNet40_1024pts - INFO - cfgs.bs_train : 32
2022-08-16 12:15:05,220 - DGCNN_ModelNet40_1024pts - INFO - cfgs.bs_valid : 32
2022-08-16 12:15:05,221 - DGCNN_ModelNet40_1024pts - INFO - cfgs.bs_test : 32
2022-08-16 12:15:05,222 - DGCNN_ModelNet40_1024pts - INFO - cfgs.n_point : 1024
2022-08-16 12:15:05,222 - DGCNN_ModelNet40_1024pts - INFO - cfgs.max_epoch : 200
2022-08-16 12:15:05,223 - DGCNN_ModelNet40_1024pts - INFO - Distributed training: False
2022-08-16 12:15:05,224 - DGCNN_ModelNet40_1024pts - INFO - Set random seed to 0, deterministic: False
