2022-08-16 12:13:03,226 - DGCNN_ModelNet40_1024pts - INFO - args.cfg_file : .\configs\models_cls\models_ModelNet\DGCNN_ModelNet40_1024pts.yaml
2022-08-16 12:13:03,228 - DGCNN_ModelNet40_1024pts - INFO - args.launcher : none
2022-08-16 12:13:03,229 - DGCNN_ModelNet40_1024pts - INFO - args.local_rank : 0
2022-08-16 12:13:03,230 - DGCNN_ModelNet40_1024pts - INFO - args.num_workers : 4
2022-08-16 12:13:03,231 - DGCNN_ModelNet40_1024pts - INFO - args.seed : 0
2022-08-16 12:13:03,233 - DGCNN_ModelNet40_1024pts - INFO - args.deterministic : False
2022-08-16 12:13:03,235 - DGCNN_ModelNet40_1024pts - INFO - args.sync_bn : False
2022-08-16 12:13:03,236 - DGCNN_ModelNet40_1024pts - INFO - args.exp_name : train
2022-08-16 12:13:03,237 - DGCNN_ModelNet40_1024pts - INFO - args.start_ckpts : None
2022-08-16 12:13:03,238 - DGCNN_ModelNet40_1024pts - INFO - args.ckpts : None
2022-08-16 12:13:03,239 - DGCNN_ModelNet40_1024pts - INFO - args.val_freq : 1
2022-08-16 12:13:03,240 - DGCNN_ModelNet40_1024pts - INFO - args.resume : False
2022-08-16 12:13:03,241 - DGCNN_ModelNet40_1024pts - INFO - args.test : False
2022-08-16 12:13:03,242 - DGCNN_ModelNet40_1024pts - INFO - args.finetune_model : False
2022-08-16 12:13:03,243 - DGCNN_ModelNet40_1024pts - INFO - args.scratch_model : False
2022-08-16 12:13:03,244 - DGCNN_ModelNet40_1024pts - INFO - args.label_smoothing : False
2022-08-16 12:13:03,244 - DGCNN_ModelNet40_1024pts - INFO - args.mode : None
2022-08-16 12:13:03,245 - DGCNN_ModelNet40_1024pts - INFO - args.way : -1
2022-08-16 12:13:03,246 - DGCNN_ModelNet40_1024pts - INFO - args.shot : -1
2022-08-16 12:13:03,248 - DGCNN_ModelNet40_1024pts - INFO - args.fold : -1
2022-08-16 12:13:03,249 - DGCNN_ModelNet40_1024pts - INFO - args.experiment_path : ./experiments/DGCNN/ModelNet40/1024pts/train
2022-08-16 12:13:03,250 - DGCNN_ModelNet40_1024pts - INFO - args.tfboard_path : ./experiments/DGCNN/ModelNet40/1024pts/TFBoard/train
2022-08-16 12:13:03,253 - DGCNN_ModelNet40_1024pts - INFO - args.log_name : DGCNN_ModelNet40_1024pts
2022-08-16 12:13:03,253 - DGCNN_ModelNet40_1024pts - INFO - args.use_gpu : False
2022-08-16 12:13:03,254 - DGCNN_ModelNet40_1024pts - INFO - args.distributed : False
2022-08-16 12:13:03,256 - DGCNN_ModelNet40_1024pts - INFO - cfgs.optimizer = EasyDict()
2022-08-16 12:13:03,257 - DGCNN_ModelNet40_1024pts - INFO - cfgs.optimizer.type : AdamW
2022-08-16 12:13:03,258 - DGCNN_ModelNet40_1024pts - INFO - cfgs.optimizer.kwargs = EasyDict()
2022-08-16 12:13:03,259 - DGCNN_ModelNet40_1024pts - INFO - cfgs.optimizer.kwargs.lr : 0.001
2022-08-16 12:13:03,261 - DGCNN_ModelNet40_1024pts - INFO - cfgs.optimizer.kwargs.weight_decay : 0.0001
2022-08-16 12:13:03,262 - DGCNN_ModelNet40_1024pts - INFO - cfgs.scheduler = EasyDict()
2022-08-16 12:13:03,263 - DGCNN_ModelNet40_1024pts - INFO - cfgs.scheduler.type : CosineAnnealingLR
2022-08-16 12:13:03,264 - DGCNN_ModelNet40_1024pts - INFO - cfgs.scheduler.kwargs = EasyDict()
2022-08-16 12:13:03,270 - DGCNN_ModelNet40_1024pts - INFO - cfgs.scheduler.kwargs.epochs : 200
2022-08-16 12:13:03,280 - DGCNN_ModelNet40_1024pts - INFO - cfgs.scheduler.kwargs.eta_min : 0.001
2022-08-16 12:13:03,281 - DGCNN_ModelNet40_1024pts - INFO - cfgs.dataset = EasyDict()
2022-08-16 12:13:03,283 - DGCNN_ModelNet40_1024pts - INFO - cfgs.dataset.name : ModelNet40
2022-08-16 12:13:03,284 - DGCNN_ModelNet40_1024pts - INFO - cfgs.dataset.train = EasyDict()
2022-08-16 12:13:03,285 - DGCNN_ModelNet40_1024pts - INFO - cfgs.dataset.train._base_ = EasyDict()
2022-08-16 12:13:03,286 - DGCNN_ModelNet40_1024pts - INFO - cfgs.dataset.train._base_.name : ModelNet40
2022-08-16 12:13:03,287 - DGCNN_ModelNet40_1024pts - INFO - cfgs.dataset.train._base_.dataset_path : data/ModelNet/ModelNet40
2022-08-16 12:13:03,288 - DGCNN_ModelNet40_1024pts - INFO - cfgs.dataset.train._base_.pointcloud_path : data/ModelNet
2022-08-16 12:13:03,289 - DGCNN_ModelNet40_1024pts - INFO - cfgs.dataset.train._base_.n_point : 8192
2022-08-16 12:13:03,290 - DGCNN_ModelNet40_1024pts - INFO - cfgs.dataset.train._base_.n_class : 40
2022-08-16 12:13:03,291 - DGCNN_ModelNet40_1024pts - INFO - cfgs.dataset.train.others = EasyDict()
2022-08-16 12:13:03,292 - DGCNN_ModelNet40_1024pts - INFO - cfgs.dataset.train.others.subset : train
2022-08-16 12:13:03,293 - DGCNN_ModelNet40_1024pts - INFO - cfgs.dataset.train.others.bs : 32
2022-08-16 12:13:03,294 - DGCNN_ModelNet40_1024pts - INFO - cfgs.dataset.valid = EasyDict()
2022-08-16 12:13:03,295 - DGCNN_ModelNet40_1024pts - INFO - cfgs.dataset.valid._base_ = EasyDict()
2022-08-16 12:13:03,296 - DGCNN_ModelNet40_1024pts - INFO - cfgs.dataset.valid._base_.name : ModelNet40
2022-08-16 12:13:03,297 - DGCNN_ModelNet40_1024pts - INFO - cfgs.dataset.valid._base_.dataset_path : data/ModelNet/ModelNet40
2022-08-16 12:13:03,301 - DGCNN_ModelNet40_1024pts - INFO - cfgs.dataset.valid._base_.pointcloud_path : data/ModelNet
2022-08-16 12:13:03,302 - DGCNN_ModelNet40_1024pts - INFO - cfgs.dataset.valid._base_.n_point : 8192
2022-08-16 12:13:03,303 - DGCNN_ModelNet40_1024pts - INFO - cfgs.dataset.valid._base_.n_class : 40
2022-08-16 12:13:03,304 - DGCNN_ModelNet40_1024pts - INFO - cfgs.dataset.valid.others = EasyDict()
2022-08-16 12:13:03,305 - DGCNN_ModelNet40_1024pts - INFO - cfgs.dataset.valid.others.subset : test
2022-08-16 12:13:03,306 - DGCNN_ModelNet40_1024pts - INFO - cfgs.dataset.valid.others.bs : 32
2022-08-16 12:13:03,307 - DGCNN_ModelNet40_1024pts - INFO - cfgs.dataset.test = EasyDict()
2022-08-16 12:13:03,308 - DGCNN_ModelNet40_1024pts - INFO - cfgs.dataset.test._base_ = EasyDict()
2022-08-16 12:13:03,309 - DGCNN_ModelNet40_1024pts - INFO - cfgs.dataset.test._base_.name : ModelNet40
2022-08-16 12:13:03,310 - DGCNN_ModelNet40_1024pts - INFO - cfgs.dataset.test._base_.dataset_path : data/ModelNet/ModelNet40
2022-08-16 12:13:03,311 - DGCNN_ModelNet40_1024pts - INFO - cfgs.dataset.test._base_.pointcloud_path : data/ModelNet
2022-08-16 12:13:03,312 - DGCNN_ModelNet40_1024pts - INFO - cfgs.dataset.test._base_.n_point : 8192
2022-08-16 12:13:03,313 - DGCNN_ModelNet40_1024pts - INFO - cfgs.dataset.test._base_.n_class : 40
2022-08-16 12:13:03,314 - DGCNN_ModelNet40_1024pts - INFO - cfgs.dataset.test.others = EasyDict()
2022-08-16 12:13:03,314 - DGCNN_ModelNet40_1024pts - INFO - cfgs.dataset.test.others.subset : test
2022-08-16 12:13:03,315 - DGCNN_ModelNet40_1024pts - INFO - cfgs.dataset.test.others.bs : 32
2022-08-16 12:13:03,316 - DGCNN_ModelNet40_1024pts - INFO - cfgs.model = EasyDict()
2022-08-16 12:13:03,317 - DGCNN_ModelNet40_1024pts - INFO - cfgs.model.name : DGCNNCls
2022-08-16 12:13:03,318 - DGCNN_ModelNet40_1024pts - INFO - cfgs.model.k_point : 20
2022-08-16 12:13:03,319 - DGCNN_ModelNet40_1024pts - INFO - cfgs.model.d_embed : 1024
2022-08-16 12:13:03,320 - DGCNN_ModelNet40_1024pts - INFO - cfgs.model.dropout : 0.5
2022-08-16 12:13:03,321 - DGCNN_ModelNet40_1024pts - INFO - cfgs.bs_train : 32
2022-08-16 12:13:03,322 - DGCNN_ModelNet40_1024pts - INFO - cfgs.bs_valid : 32
2022-08-16 12:13:03,324 - DGCNN_ModelNet40_1024pts - INFO - cfgs.bs_test : 32
2022-08-16 12:13:03,326 - DGCNN_ModelNet40_1024pts - INFO - cfgs.n_point : 1024
2022-08-16 12:13:03,328 - DGCNN_ModelNet40_1024pts - INFO - cfgs.max_epoch : 200
2022-08-16 12:13:03,329 - DGCNN_ModelNet40_1024pts - INFO - Distributed training: False
2022-08-16 12:13:03,330 - DGCNN_ModelNet40_1024pts - INFO - Set random seed to 0, deterministic: False
