2022-08-20 14:36:52,394 - DGCNN_ModelNet40_1024pts - INFO - args.cfg_file : ./configs/models_cls/models_ModelNet/DGCNN_ModelNet40_1024pts.yaml
2022-08-20 14:36:52,396 - DGCNN_ModelNet40_1024pts - INFO - args.local_rank : 0
2022-08-20 14:36:52,396 - DGCNN_ModelNet40_1024pts - INFO - args.use_gpu : False
2022-08-20 14:36:52,397 - DGCNN_ModelNet40_1024pts - INFO - args.gpu : 0
2022-08-20 14:36:52,398 - DGCNN_ModelNet40_1024pts - INFO - args.num_workers : 4
2022-08-20 14:36:52,398 - DGCNN_ModelNet40_1024pts - INFO - args.seed : 0
2022-08-20 14:36:52,399 - DGCNN_ModelNet40_1024pts - INFO - args.deterministic : False
2022-08-20 14:36:52,400 - DGCNN_ModelNet40_1024pts - INFO - args.exp_name : train
2022-08-20 14:36:52,400 - DGCNN_ModelNet40_1024pts - INFO - args.start_ckpts : None
2022-08-20 14:36:52,401 - DGCNN_ModelNet40_1024pts - INFO - args.ckpts : None
2022-08-20 14:36:52,402 - DGCNN_ModelNet40_1024pts - INFO - args.val_freq : 1
2022-08-20 14:36:52,402 - DGCNN_ModelNet40_1024pts - INFO - args.resume : False
2022-08-20 14:36:52,403 - DGCNN_ModelNet40_1024pts - INFO - args.test : False
2022-08-20 14:36:52,403 - DGCNN_ModelNet40_1024pts - INFO - args.finetune_model : False
2022-08-20 14:36:52,404 - DGCNN_ModelNet40_1024pts - INFO - args.scratch_model : False
2022-08-20 14:36:52,404 - DGCNN_ModelNet40_1024pts - INFO - args.label_smoothing : False
2022-08-20 14:36:52,405 - DGCNN_ModelNet40_1024pts - INFO - args.mode : None
2022-08-20 14:36:52,406 - DGCNN_ModelNet40_1024pts - INFO - args.way : -1
2022-08-20 14:36:52,407 - DGCNN_ModelNet40_1024pts - INFO - args.shot : -1
2022-08-20 14:36:52,408 - DGCNN_ModelNet40_1024pts - INFO - args.fold : -1
2022-08-20 14:36:52,409 - DGCNN_ModelNet40_1024pts - INFO - args.experiment_path : ./experiments/DGCNN/ModelNet40/1024pts/train
2022-08-20 14:36:52,410 - DGCNN_ModelNet40_1024pts - INFO - args.tfboard_path : ./experiments/DGCNN/ModelNet40/1024pts/TFBoard/train
2022-08-20 14:36:52,411 - DGCNN_ModelNet40_1024pts - INFO - args.log_name : DGCNN_ModelNet40_1024pts
2022-08-20 14:36:52,412 - DGCNN_ModelNet40_1024pts - INFO - args.distributed : False
2022-08-20 14:36:52,413 - DGCNN_ModelNet40_1024pts - INFO - cfgs.optimizer = EasyDict()
2022-08-20 14:36:52,414 - DGCNN_ModelNet40_1024pts - INFO - cfgs.optimizer.type : AdamW
2022-08-20 14:36:52,415 - DGCNN_ModelNet40_1024pts - INFO - cfgs.optimizer.kwargs = EasyDict()
2022-08-20 14:36:52,416 - DGCNN_ModelNet40_1024pts - INFO - cfgs.optimizer.kwargs.lr : 0.001
2022-08-20 14:36:52,417 - DGCNN_ModelNet40_1024pts - INFO - cfgs.optimizer.kwargs.weight_decay : 0.0001
2022-08-20 14:36:52,417 - DGCNN_ModelNet40_1024pts - INFO - cfgs.scheduler = EasyDict()
2022-08-20 14:36:52,418 - DGCNN_ModelNet40_1024pts - INFO - cfgs.scheduler.type : CosineAnnealingLR
2022-08-20 14:36:52,418 - DGCNN_ModelNet40_1024pts - INFO - cfgs.scheduler.kwargs = EasyDict()
2022-08-20 14:36:52,419 - DGCNN_ModelNet40_1024pts - INFO - cfgs.scheduler.kwargs.epochs : 200
2022-08-20 14:36:52,420 - DGCNN_ModelNet40_1024pts - INFO - cfgs.scheduler.kwargs.eta_min : 0.001
2022-08-20 14:36:52,420 - DGCNN_ModelNet40_1024pts - INFO - cfgs.dataset = EasyDict()
2022-08-20 14:36:52,421 - DGCNN_ModelNet40_1024pts - INFO - cfgs.dataset.name : ModelNet40
2022-08-20 14:36:52,424 - DGCNN_ModelNet40_1024pts - INFO - cfgs.dataset.train = EasyDict()
2022-08-20 14:36:52,425 - DGCNN_ModelNet40_1024pts - INFO - cfgs.dataset.train._base_ = EasyDict()
2022-08-20 14:36:52,426 - DGCNN_ModelNet40_1024pts - INFO - cfgs.dataset.train._base_.name : ModelNet40
2022-08-20 14:36:52,427 - DGCNN_ModelNet40_1024pts - INFO - cfgs.dataset.train._base_.dataset_path : data/ModelNet/ModelNet40
2022-08-20 14:36:52,428 - DGCNN_ModelNet40_1024pts - INFO - cfgs.dataset.train._base_.pointcloud_path : data/ModelNet/dataset
2022-08-20 14:36:52,430 - DGCNN_ModelNet40_1024pts - INFO - cfgs.dataset.train._base_.n_point_all : 8192
2022-08-20 14:36:52,431 - DGCNN_ModelNet40_1024pts - INFO - cfgs.dataset.train._base_.n_class : 40
2022-08-20 14:36:52,431 - DGCNN_ModelNet40_1024pts - INFO - cfgs.dataset.train.others = EasyDict()
2022-08-20 14:36:52,431 - DGCNN_ModelNet40_1024pts - INFO - cfgs.dataset.train.others.subset : train
2022-08-20 14:36:52,432 - DGCNN_ModelNet40_1024pts - INFO - cfgs.dataset.train.others.use_normals : False
2022-08-20 14:36:52,433 - DGCNN_ModelNet40_1024pts - INFO - cfgs.dataset.train.others.bs : 32
2022-08-20 14:36:52,433 - DGCNN_ModelNet40_1024pts - INFO - cfgs.dataset.valid = EasyDict()
2022-08-20 14:36:52,434 - DGCNN_ModelNet40_1024pts - INFO - cfgs.dataset.valid._base_ = EasyDict()
2022-08-20 14:36:52,434 - DGCNN_ModelNet40_1024pts - INFO - cfgs.dataset.valid._base_.name : ModelNet40
2022-08-20 14:36:52,435 - DGCNN_ModelNet40_1024pts - INFO - cfgs.dataset.valid._base_.dataset_path : data/ModelNet/ModelNet40
2022-08-20 14:36:52,436 - DGCNN_ModelNet40_1024pts - INFO - cfgs.dataset.valid._base_.pointcloud_path : data/ModelNet/dataset
2022-08-20 14:36:52,437 - DGCNN_ModelNet40_1024pts - INFO - cfgs.dataset.valid._base_.n_point_all : 8192
2022-08-20 14:36:52,437 - DGCNN_ModelNet40_1024pts - INFO - cfgs.dataset.valid._base_.n_class : 40
2022-08-20 14:36:52,438 - DGCNN_ModelNet40_1024pts - INFO - cfgs.dataset.valid.others = EasyDict()
2022-08-20 14:36:52,438 - DGCNN_ModelNet40_1024pts - INFO - cfgs.dataset.valid.others.subset : test
2022-08-20 14:36:52,439 - DGCNN_ModelNet40_1024pts - INFO - cfgs.dataset.valid.others.use_normals : False
2022-08-20 14:36:52,440 - DGCNN_ModelNet40_1024pts - INFO - cfgs.dataset.valid.others.bs : 32
2022-08-20 14:36:52,441 - DGCNN_ModelNet40_1024pts - INFO - cfgs.dataset.test = EasyDict()
2022-08-20 14:36:52,441 - DGCNN_ModelNet40_1024pts - INFO - cfgs.dataset.test._base_ = EasyDict()
2022-08-20 14:36:52,442 - DGCNN_ModelNet40_1024pts - INFO - cfgs.dataset.test._base_.name : ModelNet40
2022-08-20 14:36:52,442 - DGCNN_ModelNet40_1024pts - INFO - cfgs.dataset.test._base_.dataset_path : data/ModelNet/ModelNet40
2022-08-20 14:36:52,443 - DGCNN_ModelNet40_1024pts - INFO - cfgs.dataset.test._base_.pointcloud_path : data/ModelNet/dataset
2022-08-20 14:36:52,444 - DGCNN_ModelNet40_1024pts - INFO - cfgs.dataset.test._base_.n_point_all : 8192
2022-08-20 14:36:52,445 - DGCNN_ModelNet40_1024pts - INFO - cfgs.dataset.test._base_.n_class : 40
2022-08-20 14:36:52,445 - DGCNN_ModelNet40_1024pts - INFO - cfgs.dataset.test.others = EasyDict()
2022-08-20 14:36:52,446 - DGCNN_ModelNet40_1024pts - INFO - cfgs.dataset.test.others.subset : test
2022-08-20 14:36:52,447 - DGCNN_ModelNet40_1024pts - INFO - cfgs.dataset.test.others.use_normals : False
2022-08-20 14:36:52,448 - DGCNN_ModelNet40_1024pts - INFO - cfgs.dataset.test.others.bs : 32
2022-08-20 14:36:52,450 - DGCNN_ModelNet40_1024pts - INFO - cfgs.model = EasyDict()
2022-08-20 14:36:52,451 - DGCNN_ModelNet40_1024pts - INFO - cfgs.model.name : DGCNNCls
2022-08-20 14:36:52,451 - DGCNN_ModelNet40_1024pts - INFO - cfgs.model.n_class : 40
2022-08-20 14:36:52,452 - DGCNN_ModelNet40_1024pts - INFO - cfgs.model.n_point : 1024
2022-08-20 14:36:52,452 - DGCNN_ModelNet40_1024pts - INFO - cfgs.model.k_point : 20
2022-08-20 14:36:52,453 - DGCNN_ModelNet40_1024pts - INFO - cfgs.model.d_embed : 1024
2022-08-20 14:36:52,454 - DGCNN_ModelNet40_1024pts - INFO - cfgs.model.dropout : 0.5
2022-08-20 14:36:52,455 - DGCNN_ModelNet40_1024pts - INFO - cfgs.bs_train : 32
2022-08-20 14:36:52,456 - DGCNN_ModelNet40_1024pts - INFO - cfgs.bs_valid : 32
2022-08-20 14:36:52,458 - DGCNN_ModelNet40_1024pts - INFO - cfgs.bs_test : 32
2022-08-20 14:36:52,459 - DGCNN_ModelNet40_1024pts - INFO - cfgs.n_point : 1024
2022-08-20 14:36:52,460 - DGCNN_ModelNet40_1024pts - INFO - cfgs.max_epoch : 200
2022-08-20 14:36:52,461 - DGCNN_ModelNet40_1024pts - INFO - Set random seed to 0, deterministic: False
