2022-08-16 11:59:00,674 - DGCNN_ModelNet40_1024pts - INFO - args.cfg_file : .\configs\models_cls\models_ModelNet\DGCNN_ModelNet40_1024pts.yaml
2022-08-16 11:59:00,675 - DGCNN_ModelNet40_1024pts - INFO - args.launcher : none
2022-08-16 11:59:00,675 - DGCNN_ModelNet40_1024pts - INFO - args.local_rank : 0
2022-08-16 11:59:00,676 - DGCNN_ModelNet40_1024pts - INFO - args.num_workers : 4
2022-08-16 11:59:00,676 - DGCNN_ModelNet40_1024pts - INFO - args.seed : 0
2022-08-16 11:59:00,677 - DGCNN_ModelNet40_1024pts - INFO - args.deterministic : False
2022-08-16 11:59:00,678 - DGCNN_ModelNet40_1024pts - INFO - args.sync_bn : False
2022-08-16 11:59:00,678 - DGCNN_ModelNet40_1024pts - INFO - args.exp_name : train
2022-08-16 11:59:00,679 - DGCNN_ModelNet40_1024pts - INFO - args.start_ckpts : None
2022-08-16 11:59:00,679 - DGCNN_ModelNet40_1024pts - INFO - args.ckpts : None
2022-08-16 11:59:00,680 - DGCNN_ModelNet40_1024pts - INFO - args.val_freq : 1
2022-08-16 11:59:00,681 - DGCNN_ModelNet40_1024pts - INFO - args.resume : False
2022-08-16 11:59:00,681 - DGCNN_ModelNet40_1024pts - INFO - args.test : False
2022-08-16 11:59:00,682 - DGCNN_ModelNet40_1024pts - INFO - args.finetune_model : False
2022-08-16 11:59:00,682 - DGCNN_ModelNet40_1024pts - INFO - args.scratch_model : False
2022-08-16 11:59:00,683 - DGCNN_ModelNet40_1024pts - INFO - args.label_smoothing : False
2022-08-16 11:59:00,684 - DGCNN_ModelNet40_1024pts - INFO - args.mode : None
2022-08-16 11:59:00,685 - DGCNN_ModelNet40_1024pts - INFO - args.way : -1
2022-08-16 11:59:00,685 - DGCNN_ModelNet40_1024pts - INFO - args.shot : -1
2022-08-16 11:59:00,686 - DGCNN_ModelNet40_1024pts - INFO - args.fold : -1
2022-08-16 11:59:00,688 - DGCNN_ModelNet40_1024pts - INFO - args.experiment_path : ./experiments/DGCNN/ModelNet40/1024pts/train
2022-08-16 11:59:00,689 - DGCNN_ModelNet40_1024pts - INFO - args.tfboard_path : ./experiments/DGCNN/ModelNet40/1024pts/TFBoard/train
2022-08-16 11:59:00,690 - DGCNN_ModelNet40_1024pts - INFO - args.log_name : DGCNN_ModelNet40_1024pts
2022-08-16 11:59:00,690 - DGCNN_ModelNet40_1024pts - INFO - args.use_gpu : False
2022-08-16 11:59:00,691 - DGCNN_ModelNet40_1024pts - INFO - args.distributed : False
2022-08-16 11:59:00,691 - DGCNN_ModelNet40_1024pts - INFO - cfgs.optimizer = EasyDict()
2022-08-16 11:59:00,692 - DGCNN_ModelNet40_1024pts - INFO - cfgs.optimizer.type : AdamW
2022-08-16 11:59:00,693 - DGCNN_ModelNet40_1024pts - INFO - cfgs.optimizer.kwargs = EasyDict()
2022-08-16 11:59:00,693 - DGCNN_ModelNet40_1024pts - INFO - cfgs.optimizer.kwargs.lr : 0.001
2022-08-16 11:59:00,696 - DGCNN_ModelNet40_1024pts - INFO - cfgs.optimizer.kwargs.weight_decay : 0.0001
2022-08-16 11:59:00,697 - DGCNN_ModelNet40_1024pts - INFO - cfgs.scheduler = EasyDict()
2022-08-16 11:59:00,698 - DGCNN_ModelNet40_1024pts - INFO - cfgs.scheduler.type : CosineAnnealingLR
2022-08-16 11:59:00,700 - DGCNN_ModelNet40_1024pts - INFO - cfgs.scheduler.kwargs = EasyDict()
2022-08-16 11:59:00,701 - DGCNN_ModelNet40_1024pts - INFO - cfgs.scheduler.kwargs.epochs : 200
2022-08-16 11:59:00,702 - DGCNN_ModelNet40_1024pts - INFO - cfgs.scheduler.kwargs.eta_min : 0.001
2022-08-16 11:59:00,702 - DGCNN_ModelNet40_1024pts - INFO - cfgs.dataset = EasyDict()
2022-08-16 11:59:00,703 - DGCNN_ModelNet40_1024pts - INFO - cfgs.dataset.name : ModelNet40
2022-08-16 11:59:00,704 - DGCNN_ModelNet40_1024pts - INFO - cfgs.dataset.train = EasyDict()
2022-08-16 11:59:00,705 - DGCNN_ModelNet40_1024pts - INFO - cfgs.dataset.train._base_ = EasyDict()
2022-08-16 11:59:00,705 - DGCNN_ModelNet40_1024pts - INFO - cfgs.dataset.train._base_.dataset_path : data/ModelNet/ModelNet40
2022-08-16 11:59:00,706 - DGCNN_ModelNet40_1024pts - INFO - cfgs.dataset.train._base_.pointcloud_path : data/ModelNet
2022-08-16 11:59:00,707 - DGCNN_ModelNet40_1024pts - INFO - cfgs.dataset.train._base_.n_point : 8192
2022-08-16 11:59:00,708 - DGCNN_ModelNet40_1024pts - INFO - cfgs.dataset.train._base_.n_class : 40
2022-08-16 11:59:00,708 - DGCNN_ModelNet40_1024pts - INFO - cfgs.dataset.train.others = EasyDict()
2022-08-16 11:59:00,709 - DGCNN_ModelNet40_1024pts - INFO - cfgs.dataset.train.others.subset : train
2022-08-16 11:59:00,709 - DGCNN_ModelNet40_1024pts - INFO - cfgs.dataset.train.others.bs : 32
2022-08-16 11:59:00,710 - DGCNN_ModelNet40_1024pts - INFO - cfgs.dataset.valid = EasyDict()
2022-08-16 11:59:00,711 - DGCNN_ModelNet40_1024pts - INFO - cfgs.dataset.valid._base_ = EasyDict()
2022-08-16 11:59:00,711 - DGCNN_ModelNet40_1024pts - INFO - cfgs.dataset.valid._base_.dataset_path : data/ModelNet/ModelNet40
2022-08-16 11:59:00,712 - DGCNN_ModelNet40_1024pts - INFO - cfgs.dataset.valid._base_.pointcloud_path : data/ModelNet
2022-08-16 11:59:00,713 - DGCNN_ModelNet40_1024pts - INFO - cfgs.dataset.valid._base_.n_point : 8192
2022-08-16 11:59:00,713 - DGCNN_ModelNet40_1024pts - INFO - cfgs.dataset.valid._base_.n_class : 40
2022-08-16 11:59:00,717 - DGCNN_ModelNet40_1024pts - INFO - cfgs.dataset.valid.others = EasyDict()
2022-08-16 11:59:00,718 - DGCNN_ModelNet40_1024pts - INFO - cfgs.dataset.valid.others.subset : test
2022-08-16 11:59:00,719 - DGCNN_ModelNet40_1024pts - INFO - cfgs.dataset.valid.others.bs : 32
2022-08-16 11:59:00,720 - DGCNN_ModelNet40_1024pts - INFO - cfgs.dataset.test = EasyDict()
2022-08-16 11:59:00,721 - DGCNN_ModelNet40_1024pts - INFO - cfgs.dataset.test._base_ = EasyDict()
2022-08-16 11:59:00,721 - DGCNN_ModelNet40_1024pts - INFO - cfgs.dataset.test._base_.dataset_path : data/ModelNet/ModelNet40
2022-08-16 11:59:00,722 - DGCNN_ModelNet40_1024pts - INFO - cfgs.dataset.test._base_.pointcloud_path : data/ModelNet
2022-08-16 11:59:00,722 - DGCNN_ModelNet40_1024pts - INFO - cfgs.dataset.test._base_.n_point : 8192
2022-08-16 11:59:00,723 - DGCNN_ModelNet40_1024pts - INFO - cfgs.dataset.test._base_.n_class : 40
2022-08-16 11:59:00,724 - DGCNN_ModelNet40_1024pts - INFO - cfgs.dataset.test.others = EasyDict()
2022-08-16 11:59:00,724 - DGCNN_ModelNet40_1024pts - INFO - cfgs.dataset.test.others.subset : test
2022-08-16 11:59:00,725 - DGCNN_ModelNet40_1024pts - INFO - cfgs.dataset.test.others.bs : 32
2022-08-16 11:59:00,726 - DGCNN_ModelNet40_1024pts - INFO - cfgs.model = EasyDict()
2022-08-16 11:59:00,726 - DGCNN_ModelNet40_1024pts - INFO - cfgs.model.name : DGCNNCls
2022-08-16 11:59:00,728 - DGCNN_ModelNet40_1024pts - INFO - cfgs.model.k_point : 20
2022-08-16 11:59:00,732 - DGCNN_ModelNet40_1024pts - INFO - cfgs.model.d_embed : 1024
2022-08-16 11:59:00,734 - DGCNN_ModelNet40_1024pts - INFO - cfgs.model.dropout : 0.5
2022-08-16 11:59:00,736 - DGCNN_ModelNet40_1024pts - INFO - cfgs.bs_train : 32
2022-08-16 11:59:00,737 - DGCNN_ModelNet40_1024pts - INFO - cfgs.bs_valid : 32
2022-08-16 11:59:00,738 - DGCNN_ModelNet40_1024pts - INFO - cfgs.bs_test : 32
2022-08-16 11:59:00,739 - DGCNN_ModelNet40_1024pts - INFO - cfgs.n_point : 1024
2022-08-16 11:59:00,740 - DGCNN_ModelNet40_1024pts - INFO - cfgs.max_epoch : 200
2022-08-16 11:59:00,741 - DGCNN_ModelNet40_1024pts - INFO - Distributed training: False
2022-08-16 11:59:00,742 - DGCNN_ModelNet40_1024pts - INFO - Set random seed to 0, deterministic: False
