2022-08-16 12:20:54,652 - DGCNN_ModelNet40_1024pts - INFO - args.cfg_file : .\configs\models_cls\models_ModelNet\DGCNN_ModelNet40_1024pts.yaml
2022-08-16 12:20:54,653 - DGCNN_ModelNet40_1024pts - INFO - args.launcher : none
2022-08-16 12:20:54,653 - DGCNN_ModelNet40_1024pts - INFO - args.local_rank : 0
2022-08-16 12:20:54,654 - DGCNN_ModelNet40_1024pts - INFO - args.num_workers : 4
2022-08-16 12:20:54,654 - DGCNN_ModelNet40_1024pts - INFO - args.seed : 0
2022-08-16 12:20:54,655 - DGCNN_ModelNet40_1024pts - INFO - args.deterministic : False
2022-08-16 12:20:54,656 - DGCNN_ModelNet40_1024pts - INFO - args.sync_bn : False
2022-08-16 12:20:54,656 - DGCNN_ModelNet40_1024pts - INFO - args.exp_name : train
2022-08-16 12:20:54,657 - DGCNN_ModelNet40_1024pts - INFO - args.start_ckpts : None
2022-08-16 12:20:54,658 - DGCNN_ModelNet40_1024pts - INFO - args.ckpts : None
2022-08-16 12:20:54,658 - DGCNN_ModelNet40_1024pts - INFO - args.val_freq : 1
2022-08-16 12:20:54,659 - DGCNN_ModelNet40_1024pts - INFO - args.resume : False
2022-08-16 12:20:54,659 - DGCNN_ModelNet40_1024pts - INFO - args.test : False
2022-08-16 12:20:54,660 - DGCNN_ModelNet40_1024pts - INFO - args.finetune_model : False
2022-08-16 12:20:54,661 - DGCNN_ModelNet40_1024pts - INFO - args.scratch_model : False
2022-08-16 12:20:54,661 - DGCNN_ModelNet40_1024pts - INFO - args.label_smoothing : False
2022-08-16 12:20:54,662 - DGCNN_ModelNet40_1024pts - INFO - args.mode : None
2022-08-16 12:20:54,663 - DGCNN_ModelNet40_1024pts - INFO - args.way : -1
2022-08-16 12:20:54,664 - DGCNN_ModelNet40_1024pts - INFO - args.shot : -1
2022-08-16 12:20:54,667 - DGCNN_ModelNet40_1024pts - INFO - args.fold : -1
2022-08-16 12:20:54,668 - DGCNN_ModelNet40_1024pts - INFO - args.experiment_path : ./experiments/DGCNN/ModelNet40/1024pts/train
2022-08-16 12:20:54,669 - DGCNN_ModelNet40_1024pts - INFO - args.tfboard_path : ./experiments/DGCNN/ModelNet40/1024pts/TFBoard/train
2022-08-16 12:20:54,669 - DGCNN_ModelNet40_1024pts - INFO - args.log_name : DGCNN_ModelNet40_1024pts
2022-08-16 12:20:54,670 - DGCNN_ModelNet40_1024pts - INFO - args.use_gpu : False
2022-08-16 12:20:54,671 - DGCNN_ModelNet40_1024pts - INFO - args.distributed : False
2022-08-16 12:20:54,671 - DGCNN_ModelNet40_1024pts - INFO - cfgs.optimizer = EasyDict()
2022-08-16 12:20:54,672 - DGCNN_ModelNet40_1024pts - INFO - cfgs.optimizer.type : AdamW
2022-08-16 12:20:54,673 - DGCNN_ModelNet40_1024pts - INFO - cfgs.optimizer.kwargs = EasyDict()
2022-08-16 12:20:54,673 - DGCNN_ModelNet40_1024pts - INFO - cfgs.optimizer.kwargs.lr : 0.001
2022-08-16 12:20:54,674 - DGCNN_ModelNet40_1024pts - INFO - cfgs.optimizer.kwargs.weight_decay : 0.0001
2022-08-16 12:20:54,675 - DGCNN_ModelNet40_1024pts - INFO - cfgs.scheduler = EasyDict()
2022-08-16 12:20:54,675 - DGCNN_ModelNet40_1024pts - INFO - cfgs.scheduler.type : CosineAnnealingLR
2022-08-16 12:20:54,676 - DGCNN_ModelNet40_1024pts - INFO - cfgs.scheduler.kwargs = EasyDict()
2022-08-16 12:20:54,677 - DGCNN_ModelNet40_1024pts - INFO - cfgs.scheduler.kwargs.epochs : 200
2022-08-16 12:20:54,677 - DGCNN_ModelNet40_1024pts - INFO - cfgs.scheduler.kwargs.eta_min : 0.001
2022-08-16 12:20:54,680 - DGCNN_ModelNet40_1024pts - INFO - cfgs.dataset = EasyDict()
2022-08-16 12:20:54,681 - DGCNN_ModelNet40_1024pts - INFO - cfgs.dataset.name : ModelNet40
2022-08-16 12:20:54,682 - DGCNN_ModelNet40_1024pts - INFO - cfgs.dataset.train = EasyDict()
2022-08-16 12:20:54,683 - DGCNN_ModelNet40_1024pts - INFO - cfgs.dataset.train._base_ = EasyDict()
2022-08-16 12:20:54,684 - DGCNN_ModelNet40_1024pts - INFO - cfgs.dataset.train._base_.name : ModelNet40
2022-08-16 12:20:54,684 - DGCNN_ModelNet40_1024pts - INFO - cfgs.dataset.train._base_.dataset_path : data/ModelNet/ModelNet40
2022-08-16 12:20:54,685 - DGCNN_ModelNet40_1024pts - INFO - cfgs.dataset.train._base_.pointcloud_path : data/ModelNet
2022-08-16 12:20:54,685 - DGCNN_ModelNet40_1024pts - INFO - cfgs.dataset.train._base_.n_point : 8192
2022-08-16 12:20:54,686 - DGCNN_ModelNet40_1024pts - INFO - cfgs.dataset.train._base_.n_class : 40
2022-08-16 12:20:54,687 - DGCNN_ModelNet40_1024pts - INFO - cfgs.dataset.train.others = EasyDict()
2022-08-16 12:20:54,687 - DGCNN_ModelNet40_1024pts - INFO - cfgs.dataset.train.others.subset : train
2022-08-16 12:20:54,688 - DGCNN_ModelNet40_1024pts - INFO - cfgs.dataset.train.others.bs : 32
2022-08-16 12:20:54,688 - DGCNN_ModelNet40_1024pts - INFO - cfgs.dataset.valid = EasyDict()
2022-08-16 12:20:54,689 - DGCNN_ModelNet40_1024pts - INFO - cfgs.dataset.valid._base_ = EasyDict()
2022-08-16 12:20:54,693 - DGCNN_ModelNet40_1024pts - INFO - cfgs.dataset.valid._base_.name : ModelNet40
2022-08-16 12:20:54,694 - DGCNN_ModelNet40_1024pts - INFO - cfgs.dataset.valid._base_.dataset_path : data/ModelNet/ModelNet40
2022-08-16 12:20:54,695 - DGCNN_ModelNet40_1024pts - INFO - cfgs.dataset.valid._base_.pointcloud_path : data/ModelNet
2022-08-16 12:20:54,695 - DGCNN_ModelNet40_1024pts - INFO - cfgs.dataset.valid._base_.n_point : 8192
2022-08-16 12:20:54,696 - DGCNN_ModelNet40_1024pts - INFO - cfgs.dataset.valid._base_.n_class : 40
2022-08-16 12:20:54,698 - DGCNN_ModelNet40_1024pts - INFO - cfgs.dataset.valid.others = EasyDict()
2022-08-16 12:20:54,700 - DGCNN_ModelNet40_1024pts - INFO - cfgs.dataset.valid.others.subset : test
2022-08-16 12:20:54,701 - DGCNN_ModelNet40_1024pts - INFO - cfgs.dataset.valid.others.bs : 32
2022-08-16 12:20:54,702 - DGCNN_ModelNet40_1024pts - INFO - cfgs.dataset.test = EasyDict()
2022-08-16 12:20:54,703 - DGCNN_ModelNet40_1024pts - INFO - cfgs.dataset.test._base_ = EasyDict()
2022-08-16 12:20:54,704 - DGCNN_ModelNet40_1024pts - INFO - cfgs.dataset.test._base_.name : ModelNet40
2022-08-16 12:20:54,705 - DGCNN_ModelNet40_1024pts - INFO - cfgs.dataset.test._base_.dataset_path : data/ModelNet/ModelNet40
2022-08-16 12:20:54,706 - DGCNN_ModelNet40_1024pts - INFO - cfgs.dataset.test._base_.pointcloud_path : data/ModelNet
2022-08-16 12:20:54,707 - DGCNN_ModelNet40_1024pts - INFO - cfgs.dataset.test._base_.n_point : 8192
2022-08-16 12:20:54,708 - DGCNN_ModelNet40_1024pts - INFO - cfgs.dataset.test._base_.n_class : 40
2022-08-16 12:20:54,709 - DGCNN_ModelNet40_1024pts - INFO - cfgs.dataset.test.others = EasyDict()
2022-08-16 12:20:54,710 - DGCNN_ModelNet40_1024pts - INFO - cfgs.dataset.test.others.subset : test
2022-08-16 12:20:54,711 - DGCNN_ModelNet40_1024pts - INFO - cfgs.dataset.test.others.bs : 32
2022-08-16 12:20:54,711 - DGCNN_ModelNet40_1024pts - INFO - cfgs.model = EasyDict()
2022-08-16 12:20:54,712 - DGCNN_ModelNet40_1024pts - INFO - cfgs.model.name : DGCNNCls
2022-08-16 12:20:54,713 - DGCNN_ModelNet40_1024pts - INFO - cfgs.model.k_point : 20
2022-08-16 12:20:54,713 - DGCNN_ModelNet40_1024pts - INFO - cfgs.model.d_embed : 1024
2022-08-16 12:20:54,714 - DGCNN_ModelNet40_1024pts - INFO - cfgs.model.dropout : 0.5
2022-08-16 12:20:54,717 - DGCNN_ModelNet40_1024pts - INFO - cfgs.bs_train : 32
2022-08-16 12:20:54,717 - DGCNN_ModelNet40_1024pts - INFO - cfgs.bs_valid : 32
2022-08-16 12:20:54,718 - DGCNN_ModelNet40_1024pts - INFO - cfgs.bs_test : 32
2022-08-16 12:20:54,719 - DGCNN_ModelNet40_1024pts - INFO - cfgs.n_point : 1024
2022-08-16 12:20:54,719 - DGCNN_ModelNet40_1024pts - INFO - cfgs.max_epoch : 200
2022-08-16 12:20:54,720 - DGCNN_ModelNet40_1024pts - INFO - Distributed training: False
2022-08-16 12:20:54,720 - DGCNN_ModelNet40_1024pts - INFO - Set random seed to 0, deterministic: False
