2022-08-24 20:38:02,508 - DGCNN_ModelNet40_1024pts - INFO - args.cfg_file : ./configs/models_cls/models_ModelNet/DGCNN_ModelNet40_1024pts.yaml
2022-08-24 20:38:02,508 - DGCNN_ModelNet40_1024pts - INFO - args.local_rank : 0
2022-08-24 20:38:02,508 - DGCNN_ModelNet40_1024pts - INFO - args.use_gpu : False
2022-08-24 20:38:02,508 - DGCNN_ModelNet40_1024pts - INFO - args.gpu : 0
2022-08-24 20:38:02,508 - DGCNN_ModelNet40_1024pts - INFO - args.num_workers : 4
2022-08-24 20:38:02,508 - DGCNN_ModelNet40_1024pts - INFO - args.seed : 0
2022-08-24 20:38:02,508 - DGCNN_ModelNet40_1024pts - INFO - args.deterministic : False
2022-08-24 20:38:02,516 - DGCNN_ModelNet40_1024pts - INFO - args.exp_name : train
2022-08-24 20:38:02,516 - DGCNN_ModelNet40_1024pts - INFO - args.start_ckpts : None
2022-08-24 20:38:02,516 - DGCNN_ModelNet40_1024pts - INFO - args.ckpts : None
2022-08-24 20:38:02,516 - DGCNN_ModelNet40_1024pts - INFO - args.val_freq : 1
2022-08-24 20:38:02,516 - DGCNN_ModelNet40_1024pts - INFO - args.resume : False
2022-08-24 20:38:02,516 - DGCNN_ModelNet40_1024pts - INFO - args.test : False
2022-08-24 20:38:02,516 - DGCNN_ModelNet40_1024pts - INFO - args.finetune_model : False
2022-08-24 20:38:02,516 - DGCNN_ModelNet40_1024pts - INFO - args.scratch_model : False
2022-08-24 20:38:02,516 - DGCNN_ModelNet40_1024pts - INFO - args.label_smoothing : False
2022-08-24 20:38:02,516 - DGCNN_ModelNet40_1024pts - INFO - args.mode : None
2022-08-24 20:38:02,516 - DGCNN_ModelNet40_1024pts - INFO - args.way : -1
2022-08-24 20:38:02,516 - DGCNN_ModelNet40_1024pts - INFO - args.shot : -1
2022-08-24 20:38:02,516 - DGCNN_ModelNet40_1024pts - INFO - args.fold : -1
2022-08-24 20:38:02,516 - DGCNN_ModelNet40_1024pts - INFO - args.experiment_path : ./experiments/DGCNN/ModelNet40/1024pts/train
2022-08-24 20:38:02,516 - DGCNN_ModelNet40_1024pts - INFO - args.tfboard_path : ./experiments/DGCNN/ModelNet40/1024pts/TFBoard/train
2022-08-24 20:38:02,516 - DGCNN_ModelNet40_1024pts - INFO - args.log_name : DGCNN_ModelNet40_1024pts
2022-08-24 20:38:02,516 - DGCNN_ModelNet40_1024pts - INFO - args.distributed : False
2022-08-24 20:38:02,516 - DGCNN_ModelNet40_1024pts - INFO - cfgs.dataset = EasyDict()
2022-08-24 20:38:02,516 - DGCNN_ModelNet40_1024pts - INFO - cfgs.dataset.name : ModelNet40
2022-08-24 20:38:02,526 - DGCNN_ModelNet40_1024pts - INFO - cfgs.dataset.train = EasyDict()
2022-08-24 20:38:02,527 - DGCNN_ModelNet40_1024pts - INFO - cfgs.dataset.train._base_ = EasyDict()
2022-08-24 20:38:02,528 - DGCNN_ModelNet40_1024pts - INFO - cfgs.dataset.train._base_.name : ModelNet40
2022-08-24 20:38:02,529 - DGCNN_ModelNet40_1024pts - INFO - cfgs.dataset.train._base_.dataset_path : data/ModelNet/ModelNet40
2022-08-24 20:38:02,530 - DGCNN_ModelNet40_1024pts - INFO - cfgs.dataset.train._base_.pointcloud_path : data/ModelNet/dataset
2022-08-24 20:38:02,530 - DGCNN_ModelNet40_1024pts - INFO - cfgs.dataset.train._base_.n_point_all : 8192
2022-08-24 20:38:02,531 - DGCNN_ModelNet40_1024pts - INFO - cfgs.dataset.train._base_.n_class : 40
2022-08-24 20:38:02,532 - DGCNN_ModelNet40_1024pts - INFO - cfgs.dataset.train.others = EasyDict()
2022-08-24 20:38:02,532 - DGCNN_ModelNet40_1024pts - INFO - cfgs.dataset.train.others.subset : train
2022-08-24 20:38:02,533 - DGCNN_ModelNet40_1024pts - INFO - cfgs.dataset.train.others.bs : 32
2022-08-24 20:38:02,533 - DGCNN_ModelNet40_1024pts - INFO - cfgs.dataset.valid = EasyDict()
2022-08-24 20:38:02,534 - DGCNN_ModelNet40_1024pts - INFO - cfgs.dataset.valid._base_ = EasyDict()
2022-08-24 20:38:02,535 - DGCNN_ModelNet40_1024pts - INFO - cfgs.dataset.valid._base_.name : ModelNet40
2022-08-24 20:38:02,535 - DGCNN_ModelNet40_1024pts - INFO - cfgs.dataset.valid._base_.dataset_path : data/ModelNet/ModelNet40
2022-08-24 20:38:02,536 - DGCNN_ModelNet40_1024pts - INFO - cfgs.dataset.valid._base_.pointcloud_path : data/ModelNet/dataset
2022-08-24 20:38:02,537 - DGCNN_ModelNet40_1024pts - INFO - cfgs.dataset.valid._base_.n_point_all : 8192
2022-08-24 20:38:02,537 - DGCNN_ModelNet40_1024pts - INFO - cfgs.dataset.valid._base_.n_class : 40
2022-08-24 20:38:02,538 - DGCNN_ModelNet40_1024pts - INFO - cfgs.dataset.valid.others = EasyDict()
2022-08-24 20:38:02,539 - DGCNN_ModelNet40_1024pts - INFO - cfgs.dataset.valid.others.subset : test
2022-08-24 20:38:02,539 - DGCNN_ModelNet40_1024pts - INFO - cfgs.dataset.valid.others.bs : 32
2022-08-24 20:38:02,540 - DGCNN_ModelNet40_1024pts - INFO - cfgs.dataset.test = EasyDict()
2022-08-24 20:38:02,540 - DGCNN_ModelNet40_1024pts - INFO - cfgs.dataset.test._base_ = EasyDict()
2022-08-24 20:38:02,541 - DGCNN_ModelNet40_1024pts - INFO - cfgs.dataset.test._base_.name : ModelNet40
2022-08-24 20:38:02,542 - DGCNN_ModelNet40_1024pts - INFO - cfgs.dataset.test._base_.dataset_path : data/ModelNet/ModelNet40
2022-08-24 20:38:02,543 - DGCNN_ModelNet40_1024pts - INFO - cfgs.dataset.test._base_.pointcloud_path : data/ModelNet/dataset
2022-08-24 20:38:02,544 - DGCNN_ModelNet40_1024pts - INFO - cfgs.dataset.test._base_.n_point_all : 8192
2022-08-24 20:38:02,545 - DGCNN_ModelNet40_1024pts - INFO - cfgs.dataset.test._base_.n_class : 40
2022-08-24 20:38:02,546 - DGCNN_ModelNet40_1024pts - INFO - cfgs.dataset.test.others = EasyDict()
2022-08-24 20:38:02,547 - DGCNN_ModelNet40_1024pts - INFO - cfgs.dataset.test.others.subset : test
2022-08-24 20:38:02,548 - DGCNN_ModelNet40_1024pts - INFO - cfgs.dataset.test.others.bs : 32
2022-08-24 20:38:02,548 - DGCNN_ModelNet40_1024pts - INFO - cfgs.model = EasyDict()
2022-08-24 20:38:02,549 - DGCNN_ModelNet40_1024pts - INFO - cfgs.model.name : DGCNNCls
2022-08-24 20:38:02,550 - DGCNN_ModelNet40_1024pts - INFO - cfgs.model.n_class : 40
2022-08-24 20:38:02,550 - DGCNN_ModelNet40_1024pts - INFO - cfgs.model.n_point : 1024
2022-08-24 20:38:02,551 - DGCNN_ModelNet40_1024pts - INFO - cfgs.model.k_point : 20
2022-08-24 20:38:02,551 - DGCNN_ModelNet40_1024pts - INFO - cfgs.model.d_embed : 1024
2022-08-24 20:38:02,552 - DGCNN_ModelNet40_1024pts - INFO - cfgs.model.dropout : 0.5
2022-08-24 20:38:02,553 - DGCNN_ModelNet40_1024pts - INFO - cfgs.model.use_normals : False
2022-08-24 20:38:02,553 - DGCNN_ModelNet40_1024pts - INFO - cfgs.loss = EasyDict()
2022-08-24 20:38:02,554 - DGCNN_ModelNet40_1024pts - INFO - cfgs.loss.name : DGCNNLoss
2022-08-24 20:38:02,555 - DGCNN_ModelNet40_1024pts - INFO - cfgs.loss.kwargs = EasyDict()
2022-08-24 20:38:02,555 - DGCNN_ModelNet40_1024pts - INFO - cfgs.loss.kwargs.smoothing : True
2022-08-24 20:38:02,556 - DGCNN_ModelNet40_1024pts - INFO - cfgs.optimizer = EasyDict()
2022-08-24 20:38:02,557 - DGCNN_ModelNet40_1024pts - INFO - cfgs.optimizer.type : AdamW
2022-08-24 20:38:02,557 - DGCNN_ModelNet40_1024pts - INFO - cfgs.optimizer.kwargs = EasyDict()
2022-08-24 20:38:02,559 - DGCNN_ModelNet40_1024pts - INFO - cfgs.optimizer.kwargs.lr : 0.001
2022-08-24 20:38:02,560 - DGCNN_ModelNet40_1024pts - INFO - cfgs.optimizer.kwargs.weight_decay : 0.0001
2022-08-24 20:38:02,560 - DGCNN_ModelNet40_1024pts - INFO - cfgs.scheduler = EasyDict()
2022-08-24 20:38:02,561 - DGCNN_ModelNet40_1024pts - INFO - cfgs.scheduler.type : function
2022-08-24 20:38:02,562 - DGCNN_ModelNet40_1024pts - INFO - cfgs.bs_train : 32
2022-08-24 20:38:02,563 - DGCNN_ModelNet40_1024pts - INFO - cfgs.bs_valid : 32
2022-08-24 20:38:02,564 - DGCNN_ModelNet40_1024pts - INFO - cfgs.bs_test : 32
2022-08-24 20:38:02,564 - DGCNN_ModelNet40_1024pts - INFO - cfgs.n_point : 1024
2022-08-24 20:38:02,565 - DGCNN_ModelNet40_1024pts - INFO - cfgs.max_epoch : 200
2022-08-24 20:38:02,566 - DGCNN_ModelNet40_1024pts - INFO - Set random seed to 0, deterministic: False
2022-08-24 20:38:02,593 - DGCNN_ModelNet40_1024pts - INFO - Training from scratch
