2022-08-16 12:12:10,189 - DGCNN_ModelNet40_1024pts - INFO - args.cfg_file : .\configs\models_cls\models_ModelNet\DGCNN_ModelNet40_1024pts.yaml
2022-08-16 12:12:10,191 - DGCNN_ModelNet40_1024pts - INFO - args.launcher : none
2022-08-16 12:12:10,192 - DGCNN_ModelNet40_1024pts - INFO - args.local_rank : 0
2022-08-16 12:12:10,193 - DGCNN_ModelNet40_1024pts - INFO - args.num_workers : 4
2022-08-16 12:12:10,193 - DGCNN_ModelNet40_1024pts - INFO - args.seed : 0
2022-08-16 12:12:10,194 - DGCNN_ModelNet40_1024pts - INFO - args.deterministic : False
2022-08-16 12:12:10,194 - DGCNN_ModelNet40_1024pts - INFO - args.sync_bn : False
2022-08-16 12:12:10,195 - DGCNN_ModelNet40_1024pts - INFO - args.exp_name : train
2022-08-16 12:12:10,196 - DGCNN_ModelNet40_1024pts - INFO - args.start_ckpts : None
2022-08-16 12:12:10,196 - DGCNN_ModelNet40_1024pts - INFO - args.ckpts : None
2022-08-16 12:12:10,197 - DGCNN_ModelNet40_1024pts - INFO - args.val_freq : 1
2022-08-16 12:12:10,199 - DGCNN_ModelNet40_1024pts - INFO - args.resume : False
2022-08-16 12:12:10,201 - DGCNN_ModelNet40_1024pts - INFO - args.test : False
2022-08-16 12:12:10,202 - DGCNN_ModelNet40_1024pts - INFO - args.finetune_model : False
2022-08-16 12:12:10,202 - DGCNN_ModelNet40_1024pts - INFO - args.scratch_model : False
2022-08-16 12:12:10,204 - DGCNN_ModelNet40_1024pts - INFO - args.label_smoothing : False
2022-08-16 12:12:10,205 - DGCNN_ModelNet40_1024pts - INFO - args.mode : None
2022-08-16 12:12:10,206 - DGCNN_ModelNet40_1024pts - INFO - args.way : -1
2022-08-16 12:12:10,208 - DGCNN_ModelNet40_1024pts - INFO - args.shot : -1
2022-08-16 12:12:10,208 - DGCNN_ModelNet40_1024pts - INFO - args.fold : -1
2022-08-16 12:12:10,210 - DGCNN_ModelNet40_1024pts - INFO - args.experiment_path : ./experiments/DGCNN/ModelNet40/1024pts/train
2022-08-16 12:12:10,210 - DGCNN_ModelNet40_1024pts - INFO - args.tfboard_path : ./experiments/DGCNN/ModelNet40/1024pts/TFBoard/train
2022-08-16 12:12:10,211 - DGCNN_ModelNet40_1024pts - INFO - args.log_name : DGCNN_ModelNet40_1024pts
2022-08-16 12:12:10,212 - DGCNN_ModelNet40_1024pts - INFO - args.use_gpu : False
2022-08-16 12:12:10,212 - DGCNN_ModelNet40_1024pts - INFO - args.distributed : False
2022-08-16 12:12:10,213 - DGCNN_ModelNet40_1024pts - INFO - cfgs.optimizer = EasyDict()
2022-08-16 12:12:10,214 - DGCNN_ModelNet40_1024pts - INFO - cfgs.optimizer.type : AdamW
2022-08-16 12:12:10,215 - DGCNN_ModelNet40_1024pts - INFO - cfgs.optimizer.kwargs = EasyDict()
2022-08-16 12:12:10,218 - DGCNN_ModelNet40_1024pts - INFO - cfgs.optimizer.kwargs.lr : 0.001
2022-08-16 12:12:10,218 - DGCNN_ModelNet40_1024pts - INFO - cfgs.optimizer.kwargs.weight_decay : 0.0001
2022-08-16 12:12:10,219 - DGCNN_ModelNet40_1024pts - INFO - cfgs.scheduler = EasyDict()
2022-08-16 12:12:10,220 - DGCNN_ModelNet40_1024pts - INFO - cfgs.scheduler.type : CosineAnnealingLR
2022-08-16 12:12:10,221 - DGCNN_ModelNet40_1024pts - INFO - cfgs.scheduler.kwargs = EasyDict()
2022-08-16 12:12:10,221 - DGCNN_ModelNet40_1024pts - INFO - cfgs.scheduler.kwargs.epochs : 200
2022-08-16 12:12:10,223 - DGCNN_ModelNet40_1024pts - INFO - cfgs.scheduler.kwargs.eta_min : 0.001
2022-08-16 12:12:10,223 - DGCNN_ModelNet40_1024pts - INFO - cfgs.dataset = EasyDict()
2022-08-16 12:12:10,224 - DGCNN_ModelNet40_1024pts - INFO - cfgs.dataset.name : ModelNet40
2022-08-16 12:12:10,225 - DGCNN_ModelNet40_1024pts - INFO - cfgs.dataset.train = EasyDict()
2022-08-16 12:12:10,225 - DGCNN_ModelNet40_1024pts - INFO - cfgs.dataset.train._base_ = EasyDict()
2022-08-16 12:12:10,228 - DGCNN_ModelNet40_1024pts - INFO - cfgs.dataset.train._base_.name : ModelNet40
2022-08-16 12:12:10,229 - DGCNN_ModelNet40_1024pts - INFO - cfgs.dataset.train._base_.dataset_path : data/ModelNet/ModelNet40
2022-08-16 12:12:10,229 - DGCNN_ModelNet40_1024pts - INFO - cfgs.dataset.train._base_.pointcloud_path : data/ModelNet
2022-08-16 12:12:10,230 - DGCNN_ModelNet40_1024pts - INFO - cfgs.dataset.train._base_.n_point : 8192
2022-08-16 12:12:10,233 - DGCNN_ModelNet40_1024pts - INFO - cfgs.dataset.train._base_.n_class : 40
2022-08-16 12:12:10,236 - DGCNN_ModelNet40_1024pts - INFO - cfgs.dataset.train.others = EasyDict()
2022-08-16 12:12:10,237 - DGCNN_ModelNet40_1024pts - INFO - cfgs.dataset.train.others.subset : train
2022-08-16 12:12:10,238 - DGCNN_ModelNet40_1024pts - INFO - cfgs.dataset.train.others.bs : 32
2022-08-16 12:12:10,239 - DGCNN_ModelNet40_1024pts - INFO - cfgs.dataset.valid = EasyDict()
2022-08-16 12:12:10,240 - DGCNN_ModelNet40_1024pts - INFO - cfgs.dataset.valid._base_ = EasyDict()
2022-08-16 12:12:10,240 - DGCNN_ModelNet40_1024pts - INFO - cfgs.dataset.valid._base_.name : ModelNet40
2022-08-16 12:12:10,241 - DGCNN_ModelNet40_1024pts - INFO - cfgs.dataset.valid._base_.dataset_path : data/ModelNet/ModelNet40
2022-08-16 12:12:10,242 - DGCNN_ModelNet40_1024pts - INFO - cfgs.dataset.valid._base_.pointcloud_path : data/ModelNet
2022-08-16 12:12:10,243 - DGCNN_ModelNet40_1024pts - INFO - cfgs.dataset.valid._base_.n_point : 8192
2022-08-16 12:12:10,243 - DGCNN_ModelNet40_1024pts - INFO - cfgs.dataset.valid._base_.n_class : 40
2022-08-16 12:12:10,244 - DGCNN_ModelNet40_1024pts - INFO - cfgs.dataset.valid.others = EasyDict()
2022-08-16 12:12:10,244 - DGCNN_ModelNet40_1024pts - INFO - cfgs.dataset.valid.others.subset : test
2022-08-16 12:12:10,245 - DGCNN_ModelNet40_1024pts - INFO - cfgs.dataset.valid.others.bs : 32
2022-08-16 12:12:10,246 - DGCNN_ModelNet40_1024pts - INFO - cfgs.dataset.test = EasyDict()
2022-08-16 12:12:10,246 - DGCNN_ModelNet40_1024pts - INFO - cfgs.dataset.test._base_ = EasyDict()
2022-08-16 12:12:10,247 - DGCNN_ModelNet40_1024pts - INFO - cfgs.dataset.test._base_.name : ModelNet40
2022-08-16 12:12:10,248 - DGCNN_ModelNet40_1024pts - INFO - cfgs.dataset.test._base_.dataset_path : data/ModelNet/ModelNet40
2022-08-16 12:12:10,249 - DGCNN_ModelNet40_1024pts - INFO - cfgs.dataset.test._base_.pointcloud_path : data/ModelNet
2022-08-16 12:12:10,250 - DGCNN_ModelNet40_1024pts - INFO - cfgs.dataset.test._base_.n_point : 8192
2022-08-16 12:12:10,251 - DGCNN_ModelNet40_1024pts - INFO - cfgs.dataset.test._base_.n_class : 40
2022-08-16 12:12:10,252 - DGCNN_ModelNet40_1024pts - INFO - cfgs.dataset.test.others = EasyDict()
2022-08-16 12:12:10,253 - DGCNN_ModelNet40_1024pts - INFO - cfgs.dataset.test.others.subset : test
2022-08-16 12:12:10,254 - DGCNN_ModelNet40_1024pts - INFO - cfgs.dataset.test.others.bs : 32
2022-08-16 12:12:10,255 - DGCNN_ModelNet40_1024pts - INFO - cfgs.model = EasyDict()
2022-08-16 12:12:10,256 - DGCNN_ModelNet40_1024pts - INFO - cfgs.model.name : DGCNNCls
2022-08-16 12:12:10,256 - DGCNN_ModelNet40_1024pts - INFO - cfgs.model.k_point : 20
2022-08-16 12:12:10,257 - DGCNN_ModelNet40_1024pts - INFO - cfgs.model.d_embed : 1024
2022-08-16 12:12:10,260 - DGCNN_ModelNet40_1024pts - INFO - cfgs.model.dropout : 0.5
2022-08-16 12:12:10,261 - DGCNN_ModelNet40_1024pts - INFO - cfgs.bs_train : 32
2022-08-16 12:12:10,262 - DGCNN_ModelNet40_1024pts - INFO - cfgs.bs_valid : 32
2022-08-16 12:12:10,262 - DGCNN_ModelNet40_1024pts - INFO - cfgs.bs_test : 32
2022-08-16 12:12:10,263 - DGCNN_ModelNet40_1024pts - INFO - cfgs.n_point : 1024
2022-08-16 12:12:10,264 - DGCNN_ModelNet40_1024pts - INFO - cfgs.max_epoch : 200
2022-08-16 12:12:10,266 - DGCNN_ModelNet40_1024pts - INFO - Distributed training: False
2022-08-16 12:12:10,267 - DGCNN_ModelNet40_1024pts - INFO - Set random seed to 0, deterministic: False
