2022-08-16 12:10:47,311 - DGCNN_ModelNet40_1024pts - INFO - args.cfg_file : .\configs\models_cls\models_ModelNet\DGCNN_ModelNet40_1024pts.yaml
2022-08-16 12:10:47,313 - DGCNN_ModelNet40_1024pts - INFO - args.launcher : none
2022-08-16 12:10:47,315 - DGCNN_ModelNet40_1024pts - INFO - args.local_rank : 0
2022-08-16 12:10:47,316 - DGCNN_ModelNet40_1024pts - INFO - args.num_workers : 4
2022-08-16 12:10:47,316 - DGCNN_ModelNet40_1024pts - INFO - args.seed : 0
2022-08-16 12:10:47,317 - DGCNN_ModelNet40_1024pts - INFO - args.deterministic : False
2022-08-16 12:10:47,318 - DGCNN_ModelNet40_1024pts - INFO - args.sync_bn : False
2022-08-16 12:10:47,319 - DGCNN_ModelNet40_1024pts - INFO - args.exp_name : train
2022-08-16 12:10:47,319 - DGCNN_ModelNet40_1024pts - INFO - args.start_ckpts : None
2022-08-16 12:10:47,320 - DGCNN_ModelNet40_1024pts - INFO - args.ckpts : None
2022-08-16 12:10:47,321 - DGCNN_ModelNet40_1024pts - INFO - args.val_freq : 1
2022-08-16 12:10:47,321 - DGCNN_ModelNet40_1024pts - INFO - args.resume : False
2022-08-16 12:10:47,322 - DGCNN_ModelNet40_1024pts - INFO - args.test : False
2022-08-16 12:10:47,323 - DGCNN_ModelNet40_1024pts - INFO - args.finetune_model : False
2022-08-16 12:10:47,324 - DGCNN_ModelNet40_1024pts - INFO - args.scratch_model : False
2022-08-16 12:10:47,324 - DGCNN_ModelNet40_1024pts - INFO - args.label_smoothing : False
2022-08-16 12:10:47,325 - DGCNN_ModelNet40_1024pts - INFO - args.mode : None
2022-08-16 12:10:47,326 - DGCNN_ModelNet40_1024pts - INFO - args.way : -1
2022-08-16 12:10:47,327 - DGCNN_ModelNet40_1024pts - INFO - args.shot : -1
2022-08-16 12:10:47,327 - DGCNN_ModelNet40_1024pts - INFO - args.fold : -1
2022-08-16 12:10:47,328 - DGCNN_ModelNet40_1024pts - INFO - args.experiment_path : ./experiments/DGCNN/ModelNet40/1024pts/train
2022-08-16 12:10:47,330 - DGCNN_ModelNet40_1024pts - INFO - args.tfboard_path : ./experiments/DGCNN/ModelNet40/1024pts/TFBoard/train
2022-08-16 12:10:47,334 - DGCNN_ModelNet40_1024pts - INFO - args.log_name : DGCNN_ModelNet40_1024pts
2022-08-16 12:10:47,336 - DGCNN_ModelNet40_1024pts - INFO - args.use_gpu : False
2022-08-16 12:10:47,338 - DGCNN_ModelNet40_1024pts - INFO - args.distributed : False
2022-08-16 12:10:47,340 - DGCNN_ModelNet40_1024pts - INFO - cfgs.optimizer = EasyDict()
2022-08-16 12:10:47,341 - DGCNN_ModelNet40_1024pts - INFO - cfgs.optimizer.type : AdamW
2022-08-16 12:10:47,342 - DGCNN_ModelNet40_1024pts - INFO - cfgs.optimizer.kwargs = EasyDict()
2022-08-16 12:10:47,343 - DGCNN_ModelNet40_1024pts - INFO - cfgs.optimizer.kwargs.lr : 0.001
2022-08-16 12:10:47,343 - DGCNN_ModelNet40_1024pts - INFO - cfgs.optimizer.kwargs.weight_decay : 0.0001
2022-08-16 12:10:47,344 - DGCNN_ModelNet40_1024pts - INFO - cfgs.scheduler = EasyDict()
2022-08-16 12:10:47,345 - DGCNN_ModelNet40_1024pts - INFO - cfgs.scheduler.type : CosineAnnealingLR
2022-08-16 12:10:47,347 - DGCNN_ModelNet40_1024pts - INFO - cfgs.scheduler.kwargs = EasyDict()
2022-08-16 12:10:47,347 - DGCNN_ModelNet40_1024pts - INFO - cfgs.scheduler.kwargs.epochs : 200
2022-08-16 12:10:47,348 - DGCNN_ModelNet40_1024pts - INFO - cfgs.scheduler.kwargs.eta_min : 0.001
2022-08-16 12:10:47,349 - DGCNN_ModelNet40_1024pts - INFO - cfgs.dataset = EasyDict()
2022-08-16 12:10:47,350 - DGCNN_ModelNet40_1024pts - INFO - cfgs.dataset.name : ModelNet40
2022-08-16 12:10:47,351 - DGCNN_ModelNet40_1024pts - INFO - cfgs.dataset.train = EasyDict()
2022-08-16 12:10:47,352 - DGCNN_ModelNet40_1024pts - INFO - cfgs.dataset.train._base_ = EasyDict()
2022-08-16 12:10:47,353 - DGCNN_ModelNet40_1024pts - INFO - cfgs.dataset.train._base_.name : ModelNet40
2022-08-16 12:10:47,355 - DGCNN_ModelNet40_1024pts - INFO - cfgs.dataset.train._base_.dataset_path : data/ModelNet/ModelNet40
2022-08-16 12:10:47,355 - DGCNN_ModelNet40_1024pts - INFO - cfgs.dataset.train._base_.pointcloud_path : data/ModelNet
2022-08-16 12:10:47,356 - DGCNN_ModelNet40_1024pts - INFO - cfgs.dataset.train._base_.n_point : 8192
2022-08-16 12:10:47,357 - DGCNN_ModelNet40_1024pts - INFO - cfgs.dataset.train._base_.n_class : 40
2022-08-16 12:10:47,358 - DGCNN_ModelNet40_1024pts - INFO - cfgs.dataset.train.others = EasyDict()
2022-08-16 12:10:47,359 - DGCNN_ModelNet40_1024pts - INFO - cfgs.dataset.train.others.subset : train
2022-08-16 12:10:47,360 - DGCNN_ModelNet40_1024pts - INFO - cfgs.dataset.train.others.bs : 32
2022-08-16 12:10:47,361 - DGCNN_ModelNet40_1024pts - INFO - cfgs.dataset.valid = EasyDict()
2022-08-16 12:10:47,362 - DGCNN_ModelNet40_1024pts - INFO - cfgs.dataset.valid._base_ = EasyDict()
2022-08-16 12:10:47,365 - DGCNN_ModelNet40_1024pts - INFO - cfgs.dataset.valid._base_.name : ModelNet40
2022-08-16 12:10:47,368 - DGCNN_ModelNet40_1024pts - INFO - cfgs.dataset.valid._base_.dataset_path : data/ModelNet/ModelNet40
2022-08-16 12:10:47,370 - DGCNN_ModelNet40_1024pts - INFO - cfgs.dataset.valid._base_.pointcloud_path : data/ModelNet
2022-08-16 12:10:47,371 - DGCNN_ModelNet40_1024pts - INFO - cfgs.dataset.valid._base_.n_point : 8192
2022-08-16 12:10:47,371 - DGCNN_ModelNet40_1024pts - INFO - cfgs.dataset.valid._base_.n_class : 40
2022-08-16 12:10:47,372 - DGCNN_ModelNet40_1024pts - INFO - cfgs.dataset.valid.others = EasyDict()
2022-08-16 12:10:47,373 - DGCNN_ModelNet40_1024pts - INFO - cfgs.dataset.valid.others.subset : test
2022-08-16 12:10:47,374 - DGCNN_ModelNet40_1024pts - INFO - cfgs.dataset.valid.others.bs : 32
2022-08-16 12:10:47,375 - DGCNN_ModelNet40_1024pts - INFO - cfgs.dataset.test = EasyDict()
2022-08-16 12:10:47,376 - DGCNN_ModelNet40_1024pts - INFO - cfgs.dataset.test._base_ = EasyDict()
2022-08-16 12:10:47,377 - DGCNN_ModelNet40_1024pts - INFO - cfgs.dataset.test._base_.name : ModelNet40
2022-08-16 12:10:47,380 - DGCNN_ModelNet40_1024pts - INFO - cfgs.dataset.test._base_.dataset_path : data/ModelNet/ModelNet40
2022-08-16 12:10:47,383 - DGCNN_ModelNet40_1024pts - INFO - cfgs.dataset.test._base_.pointcloud_path : data/ModelNet
2022-08-16 12:10:47,385 - DGCNN_ModelNet40_1024pts - INFO - cfgs.dataset.test._base_.n_point : 8192
2022-08-16 12:10:47,386 - DGCNN_ModelNet40_1024pts - INFO - cfgs.dataset.test._base_.n_class : 40
2022-08-16 12:10:47,387 - DGCNN_ModelNet40_1024pts - INFO - cfgs.dataset.test.others = EasyDict()
2022-08-16 12:10:47,388 - DGCNN_ModelNet40_1024pts - INFO - cfgs.dataset.test.others.subset : test
2022-08-16 12:10:47,389 - DGCNN_ModelNet40_1024pts - INFO - cfgs.dataset.test.others.bs : 32
2022-08-16 12:10:47,389 - DGCNN_ModelNet40_1024pts - INFO - cfgs.model = EasyDict()
2022-08-16 12:10:47,390 - DGCNN_ModelNet40_1024pts - INFO - cfgs.model.name : DGCNNCls
2022-08-16 12:10:47,391 - DGCNN_ModelNet40_1024pts - INFO - cfgs.model.k_point : 20
2022-08-16 12:10:47,392 - DGCNN_ModelNet40_1024pts - INFO - cfgs.model.d_embed : 1024
2022-08-16 12:10:47,393 - DGCNN_ModelNet40_1024pts - INFO - cfgs.model.dropout : 0.5
2022-08-16 12:10:47,393 - DGCNN_ModelNet40_1024pts - INFO - cfgs.bs_train : 32
2022-08-16 12:10:47,395 - DGCNN_ModelNet40_1024pts - INFO - cfgs.bs_valid : 32
2022-08-16 12:10:47,396 - DGCNN_ModelNet40_1024pts - INFO - cfgs.bs_test : 32
2022-08-16 12:10:47,398 - DGCNN_ModelNet40_1024pts - INFO - cfgs.n_point : 1024
2022-08-16 12:10:47,400 - DGCNN_ModelNet40_1024pts - INFO - cfgs.max_epoch : 200
2022-08-16 12:10:47,402 - DGCNN_ModelNet40_1024pts - INFO - Distributed training: False
2022-08-16 12:10:47,403 - DGCNN_ModelNet40_1024pts - INFO - Set random seed to 0, deterministic: False
