2022-08-16 12:09:58,905 - DGCNN_ModelNet40_1024pts - INFO - args.cfg_file : .\configs\models_cls\models_ModelNet\DGCNN_ModelNet40_1024pts.yaml
2022-08-16 12:09:58,906 - DGCNN_ModelNet40_1024pts - INFO - args.launcher : none
2022-08-16 12:09:58,910 - DGCNN_ModelNet40_1024pts - INFO - args.local_rank : 0
2022-08-16 12:09:58,910 - DGCNN_ModelNet40_1024pts - INFO - args.num_workers : 4
2022-08-16 12:09:58,911 - DGCNN_ModelNet40_1024pts - INFO - args.seed : 0
2022-08-16 12:09:58,912 - DGCNN_ModelNet40_1024pts - INFO - args.deterministic : False
2022-08-16 12:09:58,912 - DGCNN_ModelNet40_1024pts - INFO - args.sync_bn : False
2022-08-16 12:09:58,913 - DGCNN_ModelNet40_1024pts - INFO - args.exp_name : train
2022-08-16 12:09:58,914 - DGCNN_ModelNet40_1024pts - INFO - args.start_ckpts : None
2022-08-16 12:09:58,914 - DGCNN_ModelNet40_1024pts - INFO - args.ckpts : None
2022-08-16 12:09:58,915 - DGCNN_ModelNet40_1024pts - INFO - args.val_freq : 1
2022-08-16 12:09:58,916 - DGCNN_ModelNet40_1024pts - INFO - args.resume : False
2022-08-16 12:09:58,916 - DGCNN_ModelNet40_1024pts - INFO - args.test : False
2022-08-16 12:09:58,917 - DGCNN_ModelNet40_1024pts - INFO - args.finetune_model : False
2022-08-16 12:09:58,917 - DGCNN_ModelNet40_1024pts - INFO - args.scratch_model : False
2022-08-16 12:09:58,918 - DGCNN_ModelNet40_1024pts - INFO - args.label_smoothing : False
2022-08-16 12:09:58,918 - DGCNN_ModelNet40_1024pts - INFO - args.mode : None
2022-08-16 12:09:58,919 - DGCNN_ModelNet40_1024pts - INFO - args.way : -1
2022-08-16 12:09:58,920 - DGCNN_ModelNet40_1024pts - INFO - args.shot : -1
2022-08-16 12:09:58,920 - DGCNN_ModelNet40_1024pts - INFO - args.fold : -1
2022-08-16 12:09:58,921 - DGCNN_ModelNet40_1024pts - INFO - args.experiment_path : ./experiments/DGCNN/ModelNet40/1024pts/train
2022-08-16 12:09:58,921 - DGCNN_ModelNet40_1024pts - INFO - args.tfboard_path : ./experiments/DGCNN/ModelNet40/1024pts/TFBoard/train
2022-08-16 12:09:58,922 - DGCNN_ModelNet40_1024pts - INFO - args.log_name : DGCNN_ModelNet40_1024pts
2022-08-16 12:09:58,923 - DGCNN_ModelNet40_1024pts - INFO - args.use_gpu : False
2022-08-16 12:09:58,924 - DGCNN_ModelNet40_1024pts - INFO - args.distributed : False
2022-08-16 12:09:58,924 - DGCNN_ModelNet40_1024pts - INFO - cfgs.optimizer = EasyDict()
2022-08-16 12:09:58,925 - DGCNN_ModelNet40_1024pts - INFO - cfgs.optimizer.type : AdamW
2022-08-16 12:09:58,927 - DGCNN_ModelNet40_1024pts - INFO - cfgs.optimizer.kwargs = EasyDict()
2022-08-16 12:09:58,928 - DGCNN_ModelNet40_1024pts - INFO - cfgs.optimizer.kwargs.lr : 0.001
2022-08-16 12:09:58,929 - DGCNN_ModelNet40_1024pts - INFO - cfgs.optimizer.kwargs.weight_decay : 0.0001
2022-08-16 12:09:58,930 - DGCNN_ModelNet40_1024pts - INFO - cfgs.scheduler = EasyDict()
2022-08-16 12:09:58,934 - DGCNN_ModelNet40_1024pts - INFO - cfgs.scheduler.type : CosineAnnealingLR
2022-08-16 12:09:58,935 - DGCNN_ModelNet40_1024pts - INFO - cfgs.scheduler.kwargs = EasyDict()
2022-08-16 12:09:58,936 - DGCNN_ModelNet40_1024pts - INFO - cfgs.scheduler.kwargs.epochs : 200
2022-08-16 12:09:58,937 - DGCNN_ModelNet40_1024pts - INFO - cfgs.scheduler.kwargs.eta_min : 0.001
2022-08-16 12:09:58,938 - DGCNN_ModelNet40_1024pts - INFO - cfgs.dataset = EasyDict()
2022-08-16 12:09:58,939 - DGCNN_ModelNet40_1024pts - INFO - cfgs.dataset.name : ModelNet40
2022-08-16 12:09:58,940 - DGCNN_ModelNet40_1024pts - INFO - cfgs.dataset.train = EasyDict()
2022-08-16 12:09:58,940 - DGCNN_ModelNet40_1024pts - INFO - cfgs.dataset.train._base_ = EasyDict()
2022-08-16 12:09:58,941 - DGCNN_ModelNet40_1024pts - INFO - cfgs.dataset.train._base_.name : ModelNet40
2022-08-16 12:09:58,942 - DGCNN_ModelNet40_1024pts - INFO - cfgs.dataset.train._base_.dataset_path : data/ModelNet/ModelNet40
2022-08-16 12:09:58,943 - DGCNN_ModelNet40_1024pts - INFO - cfgs.dataset.train._base_.pointcloud_path : data/ModelNet
2022-08-16 12:09:58,943 - DGCNN_ModelNet40_1024pts - INFO - cfgs.dataset.train._base_.n_point : 8192
2022-08-16 12:09:58,944 - DGCNN_ModelNet40_1024pts - INFO - cfgs.dataset.train._base_.n_class : 40
2022-08-16 12:09:58,947 - DGCNN_ModelNet40_1024pts - INFO - cfgs.dataset.train.others = EasyDict()
2022-08-16 12:09:58,948 - DGCNN_ModelNet40_1024pts - INFO - cfgs.dataset.train.others.subset : train
2022-08-16 12:09:58,949 - DGCNN_ModelNet40_1024pts - INFO - cfgs.dataset.train.others.bs : 32
2022-08-16 12:09:58,950 - DGCNN_ModelNet40_1024pts - INFO - cfgs.dataset.valid = EasyDict()
2022-08-16 12:09:58,950 - DGCNN_ModelNet40_1024pts - INFO - cfgs.dataset.valid._base_ = EasyDict()
2022-08-16 12:09:58,951 - DGCNN_ModelNet40_1024pts - INFO - cfgs.dataset.valid._base_.name : ModelNet40
2022-08-16 12:09:58,952 - DGCNN_ModelNet40_1024pts - INFO - cfgs.dataset.valid._base_.dataset_path : data/ModelNet/ModelNet40
2022-08-16 12:09:58,952 - DGCNN_ModelNet40_1024pts - INFO - cfgs.dataset.valid._base_.pointcloud_path : data/ModelNet
2022-08-16 12:09:58,953 - DGCNN_ModelNet40_1024pts - INFO - cfgs.dataset.valid._base_.n_point : 8192
2022-08-16 12:09:58,957 - DGCNN_ModelNet40_1024pts - INFO - cfgs.dataset.valid._base_.n_class : 40
2022-08-16 12:09:58,957 - DGCNN_ModelNet40_1024pts - INFO - cfgs.dataset.valid.others = EasyDict()
2022-08-16 12:09:58,958 - DGCNN_ModelNet40_1024pts - INFO - cfgs.dataset.valid.others.subset : test
2022-08-16 12:09:58,959 - DGCNN_ModelNet40_1024pts - INFO - cfgs.dataset.valid.others.bs : 32
2022-08-16 12:09:58,959 - DGCNN_ModelNet40_1024pts - INFO - cfgs.dataset.test = EasyDict()
2022-08-16 12:09:58,960 - DGCNN_ModelNet40_1024pts - INFO - cfgs.dataset.test._base_ = EasyDict()
2022-08-16 12:09:58,961 - DGCNN_ModelNet40_1024pts - INFO - cfgs.dataset.test._base_.name : ModelNet40
2022-08-16 12:09:58,961 - DGCNN_ModelNet40_1024pts - INFO - cfgs.dataset.test._base_.dataset_path : data/ModelNet/ModelNet40
2022-08-16 12:09:58,962 - DGCNN_ModelNet40_1024pts - INFO - cfgs.dataset.test._base_.pointcloud_path : data/ModelNet
2022-08-16 12:09:58,963 - DGCNN_ModelNet40_1024pts - INFO - cfgs.dataset.test._base_.n_point : 8192
2022-08-16 12:09:58,963 - DGCNN_ModelNet40_1024pts - INFO - cfgs.dataset.test._base_.n_class : 40
2022-08-16 12:09:58,965 - DGCNN_ModelNet40_1024pts - INFO - cfgs.dataset.test.others = EasyDict()
2022-08-16 12:09:58,967 - DGCNN_ModelNet40_1024pts - INFO - cfgs.dataset.test.others.subset : test
2022-08-16 12:09:58,968 - DGCNN_ModelNet40_1024pts - INFO - cfgs.dataset.test.others.bs : 32
2022-08-16 12:09:58,969 - DGCNN_ModelNet40_1024pts - INFO - cfgs.model = EasyDict()
2022-08-16 12:09:58,983 - DGCNN_ModelNet40_1024pts - INFO - cfgs.model.name : DGCNNCls
2022-08-16 12:09:58,985 - DGCNN_ModelNet40_1024pts - INFO - cfgs.model.k_point : 20
2022-08-16 12:09:58,986 - DGCNN_ModelNet40_1024pts - INFO - cfgs.model.d_embed : 1024
2022-08-16 12:09:58,986 - DGCNN_ModelNet40_1024pts - INFO - cfgs.model.dropout : 0.5
2022-08-16 12:09:58,987 - DGCNN_ModelNet40_1024pts - INFO - cfgs.bs_train : 32
2022-08-16 12:09:58,987 - DGCNN_ModelNet40_1024pts - INFO - cfgs.bs_valid : 32
2022-08-16 12:09:58,988 - DGCNN_ModelNet40_1024pts - INFO - cfgs.bs_test : 32
2022-08-16 12:09:58,988 - DGCNN_ModelNet40_1024pts - INFO - cfgs.n_point : 1024
2022-08-16 12:09:58,999 - DGCNN_ModelNet40_1024pts - INFO - cfgs.max_epoch : 200
2022-08-16 12:09:59,005 - DGCNN_ModelNet40_1024pts - INFO - Distributed training: False
2022-08-16 12:09:59,006 - DGCNN_ModelNet40_1024pts - INFO - Set random seed to 0, deterministic: False
