2022-08-16 12:03:53,337 - DGCNN_ModelNet40_1024pts - INFO - args.cfg_file : .\configs\models_cls\models_ModelNet\DGCNN_ModelNet40_1024pts.yaml
2022-08-16 12:03:53,338 - DGCNN_ModelNet40_1024pts - INFO - args.launcher : none
2022-08-16 12:03:53,339 - DGCNN_ModelNet40_1024pts - INFO - args.local_rank : 0
2022-08-16 12:03:53,341 - DGCNN_ModelNet40_1024pts - INFO - args.num_workers : 4
2022-08-16 12:03:53,342 - DGCNN_ModelNet40_1024pts - INFO - args.seed : 0
2022-08-16 12:03:53,343 - DGCNN_ModelNet40_1024pts - INFO - args.deterministic : False
2022-08-16 12:03:53,344 - DGCNN_ModelNet40_1024pts - INFO - args.sync_bn : False
2022-08-16 12:03:53,345 - DGCNN_ModelNet40_1024pts - INFO - args.exp_name : train
2022-08-16 12:03:53,346 - DGCNN_ModelNet40_1024pts - INFO - args.start_ckpts : None
2022-08-16 12:03:53,347 - DGCNN_ModelNet40_1024pts - INFO - args.ckpts : None
2022-08-16 12:03:53,348 - DGCNN_ModelNet40_1024pts - INFO - args.val_freq : 1
2022-08-16 12:03:53,349 - DGCNN_ModelNet40_1024pts - INFO - args.resume : False
2022-08-16 12:03:53,350 - DGCNN_ModelNet40_1024pts - INFO - args.test : False
2022-08-16 12:03:53,351 - DGCNN_ModelNet40_1024pts - INFO - args.finetune_model : False
2022-08-16 12:03:53,352 - DGCNN_ModelNet40_1024pts - INFO - args.scratch_model : False
2022-08-16 12:03:53,353 - DGCNN_ModelNet40_1024pts - INFO - args.label_smoothing : False
2022-08-16 12:03:53,354 - DGCNN_ModelNet40_1024pts - INFO - args.mode : None
2022-08-16 12:03:53,355 - DGCNN_ModelNet40_1024pts - INFO - args.way : -1
2022-08-16 12:03:53,357 - DGCNN_ModelNet40_1024pts - INFO - args.shot : -1
2022-08-16 12:03:53,358 - DGCNN_ModelNet40_1024pts - INFO - args.fold : -1
2022-08-16 12:03:53,359 - DGCNN_ModelNet40_1024pts - INFO - args.experiment_path : ./experiments/DGCNN/ModelNet40/1024pts/train
2022-08-16 12:03:53,360 - DGCNN_ModelNet40_1024pts - INFO - args.tfboard_path : ./experiments/DGCNN/ModelNet40/1024pts/TFBoard/train
2022-08-16 12:03:53,361 - DGCNN_ModelNet40_1024pts - INFO - args.log_name : DGCNN_ModelNet40_1024pts
2022-08-16 12:03:53,362 - DGCNN_ModelNet40_1024pts - INFO - args.use_gpu : False
2022-08-16 12:03:53,363 - DGCNN_ModelNet40_1024pts - INFO - args.distributed : False
2022-08-16 12:03:53,366 - DGCNN_ModelNet40_1024pts - INFO - cfgs.optimizer = EasyDict()
2022-08-16 12:03:53,368 - DGCNN_ModelNet40_1024pts - INFO - cfgs.optimizer.type : AdamW
2022-08-16 12:03:53,369 - DGCNN_ModelNet40_1024pts - INFO - cfgs.optimizer.kwargs = EasyDict()
2022-08-16 12:03:53,372 - DGCNN_ModelNet40_1024pts - INFO - cfgs.optimizer.kwargs.lr : 0.001
2022-08-16 12:03:53,374 - DGCNN_ModelNet40_1024pts - INFO - cfgs.optimizer.kwargs.weight_decay : 0.0001
2022-08-16 12:03:53,375 - DGCNN_ModelNet40_1024pts - INFO - cfgs.scheduler = EasyDict()
2022-08-16 12:03:53,376 - DGCNN_ModelNet40_1024pts - INFO - cfgs.scheduler.type : CosineAnnealingLR
2022-08-16 12:03:53,377 - DGCNN_ModelNet40_1024pts - INFO - cfgs.scheduler.kwargs = EasyDict()
2022-08-16 12:03:53,378 - DGCNN_ModelNet40_1024pts - INFO - cfgs.scheduler.kwargs.epochs : 200
2022-08-16 12:03:53,379 - DGCNN_ModelNet40_1024pts - INFO - cfgs.scheduler.kwargs.eta_min : 0.001
2022-08-16 12:03:53,380 - DGCNN_ModelNet40_1024pts - INFO - cfgs.dataset = EasyDict()
2022-08-16 12:03:53,381 - DGCNN_ModelNet40_1024pts - INFO - cfgs.dataset.name : ModelNet40
2022-08-16 12:03:53,382 - DGCNN_ModelNet40_1024pts - INFO - cfgs.dataset.train = EasyDict()
2022-08-16 12:03:53,383 - DGCNN_ModelNet40_1024pts - INFO - cfgs.dataset.train._base_ = EasyDict()
2022-08-16 12:03:53,384 - DGCNN_ModelNet40_1024pts - INFO - cfgs.dataset.train._base_.dataset_name : ModelNet40
2022-08-16 12:03:53,385 - DGCNN_ModelNet40_1024pts - INFO - cfgs.dataset.train._base_.dataset_path : data/ModelNet/ModelNet40
2022-08-16 12:03:53,386 - DGCNN_ModelNet40_1024pts - INFO - cfgs.dataset.train._base_.pointcloud_path : data/ModelNet
2022-08-16 12:03:53,387 - DGCNN_ModelNet40_1024pts - INFO - cfgs.dataset.train._base_.n_point : 8192
2022-08-16 12:03:53,388 - DGCNN_ModelNet40_1024pts - INFO - cfgs.dataset.train._base_.n_class : 40
2022-08-16 12:03:53,389 - DGCNN_ModelNet40_1024pts - INFO - cfgs.dataset.train.others = EasyDict()
2022-08-16 12:03:53,390 - DGCNN_ModelNet40_1024pts - INFO - cfgs.dataset.train.others.subset : train
2022-08-16 12:03:53,391 - DGCNN_ModelNet40_1024pts - INFO - cfgs.dataset.train.others.bs : 32
2022-08-16 12:03:53,393 - DGCNN_ModelNet40_1024pts - INFO - cfgs.dataset.valid = EasyDict()
2022-08-16 12:03:53,394 - DGCNN_ModelNet40_1024pts - INFO - cfgs.dataset.valid._base_ = EasyDict()
2022-08-16 12:03:53,395 - DGCNN_ModelNet40_1024pts - INFO - cfgs.dataset.valid._base_.dataset_name : ModelNet40
2022-08-16 12:03:53,395 - DGCNN_ModelNet40_1024pts - INFO - cfgs.dataset.valid._base_.dataset_path : data/ModelNet/ModelNet40
2022-08-16 12:03:53,397 - DGCNN_ModelNet40_1024pts - INFO - cfgs.dataset.valid._base_.pointcloud_path : data/ModelNet
2022-08-16 12:03:53,401 - DGCNN_ModelNet40_1024pts - INFO - cfgs.dataset.valid._base_.n_point : 8192
2022-08-16 12:03:53,402 - DGCNN_ModelNet40_1024pts - INFO - cfgs.dataset.valid._base_.n_class : 40
2022-08-16 12:03:53,403 - DGCNN_ModelNet40_1024pts - INFO - cfgs.dataset.valid.others = EasyDict()
2022-08-16 12:03:53,405 - DGCNN_ModelNet40_1024pts - INFO - cfgs.dataset.valid.others.subset : test
2022-08-16 12:03:53,406 - DGCNN_ModelNet40_1024pts - INFO - cfgs.dataset.valid.others.bs : 32
2022-08-16 12:03:53,407 - DGCNN_ModelNet40_1024pts - INFO - cfgs.dataset.test = EasyDict()
2022-08-16 12:03:53,408 - DGCNN_ModelNet40_1024pts - INFO - cfgs.dataset.test._base_ = EasyDict()
2022-08-16 12:03:53,409 - DGCNN_ModelNet40_1024pts - INFO - cfgs.dataset.test._base_.dataset_name : ModelNet40
2022-08-16 12:03:53,411 - DGCNN_ModelNet40_1024pts - INFO - cfgs.dataset.test._base_.dataset_path : data/ModelNet/ModelNet40
2022-08-16 12:03:53,412 - DGCNN_ModelNet40_1024pts - INFO - cfgs.dataset.test._base_.pointcloud_path : data/ModelNet
2022-08-16 12:03:53,413 - DGCNN_ModelNet40_1024pts - INFO - cfgs.dataset.test._base_.n_point : 8192
2022-08-16 12:03:53,414 - DGCNN_ModelNet40_1024pts - INFO - cfgs.dataset.test._base_.n_class : 40
2022-08-16 12:03:53,415 - DGCNN_ModelNet40_1024pts - INFO - cfgs.dataset.test.others = EasyDict()
2022-08-16 12:03:53,415 - DGCNN_ModelNet40_1024pts - INFO - cfgs.dataset.test.others.subset : test
2022-08-16 12:03:53,417 - DGCNN_ModelNet40_1024pts - INFO - cfgs.dataset.test.others.bs : 32
2022-08-16 12:03:53,418 - DGCNN_ModelNet40_1024pts - INFO - cfgs.model = EasyDict()
2022-08-16 12:03:53,419 - DGCNN_ModelNet40_1024pts - INFO - cfgs.model.name : DGCNNCls
2022-08-16 12:03:53,421 - DGCNN_ModelNet40_1024pts - INFO - cfgs.model.k_point : 20
2022-08-16 12:03:53,422 - DGCNN_ModelNet40_1024pts - INFO - cfgs.model.d_embed : 1024
2022-08-16 12:03:53,423 - DGCNN_ModelNet40_1024pts - INFO - cfgs.model.dropout : 0.5
2022-08-16 12:03:53,424 - DGCNN_ModelNet40_1024pts - INFO - cfgs.bs_train : 32
2022-08-16 12:03:53,425 - DGCNN_ModelNet40_1024pts - INFO - cfgs.bs_valid : 32
2022-08-16 12:03:53,426 - DGCNN_ModelNet40_1024pts - INFO - cfgs.bs_test : 32
2022-08-16 12:03:53,427 - DGCNN_ModelNet40_1024pts - INFO - cfgs.n_point : 1024
2022-08-16 12:03:53,428 - DGCNN_ModelNet40_1024pts - INFO - cfgs.max_epoch : 200
2022-08-16 12:03:53,428 - DGCNN_ModelNet40_1024pts - INFO - Distributed training: False
2022-08-16 12:03:53,429 - DGCNN_ModelNet40_1024pts - INFO - Set random seed to 0, deterministic: False
