2022-08-16 12:07:04,525 - DGCNN_ModelNet40_1024pts - INFO - args.cfg_file : .\configs\models_cls\models_ModelNet\DGCNN_ModelNet40_1024pts.yaml
2022-08-16 12:07:04,526 - DGCNN_ModelNet40_1024pts - INFO - args.launcher : none
2022-08-16 12:07:04,528 - DGCNN_ModelNet40_1024pts - INFO - args.local_rank : 0
2022-08-16 12:07:04,528 - DGCNN_ModelNet40_1024pts - INFO - args.num_workers : 4
2022-08-16 12:07:04,529 - DGCNN_ModelNet40_1024pts - INFO - args.seed : 0
2022-08-16 12:07:04,531 - DGCNN_ModelNet40_1024pts - INFO - args.deterministic : False
2022-08-16 12:07:04,533 - DGCNN_ModelNet40_1024pts - INFO - args.sync_bn : False
2022-08-16 12:07:04,534 - DGCNN_ModelNet40_1024pts - INFO - args.exp_name : train
2022-08-16 12:07:04,535 - DGCNN_ModelNet40_1024pts - INFO - args.start_ckpts : None
2022-08-16 12:07:04,535 - DGCNN_ModelNet40_1024pts - INFO - args.ckpts : None
2022-08-16 12:07:04,536 - DGCNN_ModelNet40_1024pts - INFO - args.val_freq : 1
2022-08-16 12:07:04,537 - DGCNN_ModelNet40_1024pts - INFO - args.resume : False
2022-08-16 12:07:04,538 - DGCNN_ModelNet40_1024pts - INFO - args.test : False
2022-08-16 12:07:04,539 - DGCNN_ModelNet40_1024pts - INFO - args.finetune_model : False
2022-08-16 12:07:04,540 - DGCNN_ModelNet40_1024pts - INFO - args.scratch_model : False
2022-08-16 12:07:04,541 - DGCNN_ModelNet40_1024pts - INFO - args.label_smoothing : False
2022-08-16 12:07:04,542 - DGCNN_ModelNet40_1024pts - INFO - args.mode : None
2022-08-16 12:07:04,543 - DGCNN_ModelNet40_1024pts - INFO - args.way : -1
2022-08-16 12:07:04,544 - DGCNN_ModelNet40_1024pts - INFO - args.shot : -1
2022-08-16 12:07:04,547 - DGCNN_ModelNet40_1024pts - INFO - args.fold : -1
2022-08-16 12:07:04,548 - DGCNN_ModelNet40_1024pts - INFO - args.experiment_path : ./experiments/DGCNN/ModelNet40/1024pts/train
2022-08-16 12:07:04,548 - DGCNN_ModelNet40_1024pts - INFO - args.tfboard_path : ./experiments/DGCNN/ModelNet40/1024pts/TFBoard/train
2022-08-16 12:07:04,549 - DGCNN_ModelNet40_1024pts - INFO - args.log_name : DGCNN_ModelNet40_1024pts
2022-08-16 12:07:04,550 - DGCNN_ModelNet40_1024pts - INFO - args.use_gpu : False
2022-08-16 12:07:04,551 - DGCNN_ModelNet40_1024pts - INFO - args.distributed : False
2022-08-16 12:07:04,557 - DGCNN_ModelNet40_1024pts - INFO - cfgs.optimizer = EasyDict()
2022-08-16 12:07:04,558 - DGCNN_ModelNet40_1024pts - INFO - cfgs.optimizer.type : AdamW
2022-08-16 12:07:04,559 - DGCNN_ModelNet40_1024pts - INFO - cfgs.optimizer.kwargs = EasyDict()
2022-08-16 12:07:04,559 - DGCNN_ModelNet40_1024pts - INFO - cfgs.optimizer.kwargs.lr : 0.001
2022-08-16 12:07:04,560 - DGCNN_ModelNet40_1024pts - INFO - cfgs.optimizer.kwargs.weight_decay : 0.0001
2022-08-16 12:07:04,561 - DGCNN_ModelNet40_1024pts - INFO - cfgs.scheduler = EasyDict()
2022-08-16 12:07:04,562 - DGCNN_ModelNet40_1024pts - INFO - cfgs.scheduler.type : CosineAnnealingLR
2022-08-16 12:07:04,564 - DGCNN_ModelNet40_1024pts - INFO - cfgs.scheduler.kwargs = EasyDict()
2022-08-16 12:07:04,566 - DGCNN_ModelNet40_1024pts - INFO - cfgs.scheduler.kwargs.epochs : 200
2022-08-16 12:07:04,568 - DGCNN_ModelNet40_1024pts - INFO - cfgs.scheduler.kwargs.eta_min : 0.001
2022-08-16 12:07:04,572 - DGCNN_ModelNet40_1024pts - INFO - cfgs.dataset = EasyDict()
2022-08-16 12:07:04,573 - DGCNN_ModelNet40_1024pts - INFO - cfgs.dataset.name : ModelNet40
2022-08-16 12:07:04,574 - DGCNN_ModelNet40_1024pts - INFO - cfgs.dataset.train = EasyDict()
2022-08-16 12:07:04,575 - DGCNN_ModelNet40_1024pts - INFO - cfgs.dataset.train._base_ = EasyDict()
2022-08-16 12:07:04,576 - DGCNN_ModelNet40_1024pts - INFO - cfgs.dataset.train._base_.name : ModelNet40
2022-08-16 12:07:04,576 - DGCNN_ModelNet40_1024pts - INFO - cfgs.dataset.train._base_.dataset_path : data/ModelNet/ModelNet40
2022-08-16 12:07:04,577 - DGCNN_ModelNet40_1024pts - INFO - cfgs.dataset.train._base_.pointcloud_path : data/ModelNet
2022-08-16 12:07:04,578 - DGCNN_ModelNet40_1024pts - INFO - cfgs.dataset.train._base_.n_point : 8192
2022-08-16 12:07:04,579 - DGCNN_ModelNet40_1024pts - INFO - cfgs.dataset.train._base_.n_class : 40
2022-08-16 12:07:04,580 - DGCNN_ModelNet40_1024pts - INFO - cfgs.dataset.train.others = EasyDict()
2022-08-16 12:07:04,580 - DGCNN_ModelNet40_1024pts - INFO - cfgs.dataset.train.others.subset : train
2022-08-16 12:07:04,581 - DGCNN_ModelNet40_1024pts - INFO - cfgs.dataset.train.others.bs : 32
2022-08-16 12:07:04,582 - DGCNN_ModelNet40_1024pts - INFO - cfgs.dataset.valid = EasyDict()
2022-08-16 12:07:04,583 - DGCNN_ModelNet40_1024pts - INFO - cfgs.dataset.valid._base_ = EasyDict()
2022-08-16 12:07:04,583 - DGCNN_ModelNet40_1024pts - INFO - cfgs.dataset.valid._base_.name : ModelNet40
2022-08-16 12:07:04,584 - DGCNN_ModelNet40_1024pts - INFO - cfgs.dataset.valid._base_.dataset_path : data/ModelNet/ModelNet40
2022-08-16 12:07:04,585 - DGCNN_ModelNet40_1024pts - INFO - cfgs.dataset.valid._base_.pointcloud_path : data/ModelNet
2022-08-16 12:07:04,586 - DGCNN_ModelNet40_1024pts - INFO - cfgs.dataset.valid._base_.n_point : 8192
2022-08-16 12:07:04,586 - DGCNN_ModelNet40_1024pts - INFO - cfgs.dataset.valid._base_.n_class : 40
2022-08-16 12:07:04,587 - DGCNN_ModelNet40_1024pts - INFO - cfgs.dataset.valid.others = EasyDict()
2022-08-16 12:07:04,588 - DGCNN_ModelNet40_1024pts - INFO - cfgs.dataset.valid.others.subset : test
2022-08-16 12:07:04,589 - DGCNN_ModelNet40_1024pts - INFO - cfgs.dataset.valid.others.bs : 32
2022-08-16 12:07:04,593 - DGCNN_ModelNet40_1024pts - INFO - cfgs.dataset.test = EasyDict()
2022-08-16 12:07:04,594 - DGCNN_ModelNet40_1024pts - INFO - cfgs.dataset.test._base_ = EasyDict()
2022-08-16 12:07:04,595 - DGCNN_ModelNet40_1024pts - INFO - cfgs.dataset.test._base_.name : ModelNet40
2022-08-16 12:07:04,596 - DGCNN_ModelNet40_1024pts - INFO - cfgs.dataset.test._base_.dataset_path : data/ModelNet/ModelNet40
2022-08-16 12:07:04,598 - DGCNN_ModelNet40_1024pts - INFO - cfgs.dataset.test._base_.pointcloud_path : data/ModelNet
2022-08-16 12:07:04,600 - DGCNN_ModelNet40_1024pts - INFO - cfgs.dataset.test._base_.n_point : 8192
2022-08-16 12:07:04,601 - DGCNN_ModelNet40_1024pts - INFO - cfgs.dataset.test._base_.n_class : 40
2022-08-16 12:07:04,603 - DGCNN_ModelNet40_1024pts - INFO - cfgs.dataset.test.others = EasyDict()
2022-08-16 12:07:04,604 - DGCNN_ModelNet40_1024pts - INFO - cfgs.dataset.test.others.subset : test
2022-08-16 12:07:04,604 - DGCNN_ModelNet40_1024pts - INFO - cfgs.dataset.test.others.bs : 32
2022-08-16 12:07:04,605 - DGCNN_ModelNet40_1024pts - INFO - cfgs.model = EasyDict()
2022-08-16 12:07:04,606 - DGCNN_ModelNet40_1024pts - INFO - cfgs.model.name : DGCNNCls
2022-08-16 12:07:04,607 - DGCNN_ModelNet40_1024pts - INFO - cfgs.model.k_point : 20
2022-08-16 12:07:04,609 - DGCNN_ModelNet40_1024pts - INFO - cfgs.model.d_embed : 1024
2022-08-16 12:07:04,611 - DGCNN_ModelNet40_1024pts - INFO - cfgs.model.dropout : 0.5
2022-08-16 12:07:04,612 - DGCNN_ModelNet40_1024pts - INFO - cfgs.bs_train : 32
2022-08-16 12:07:04,612 - DGCNN_ModelNet40_1024pts - INFO - cfgs.bs_valid : 32
2022-08-16 12:07:04,615 - DGCNN_ModelNet40_1024pts - INFO - cfgs.bs_test : 32
2022-08-16 12:07:04,616 - DGCNN_ModelNet40_1024pts - INFO - cfgs.n_point : 1024
2022-08-16 12:07:04,617 - DGCNN_ModelNet40_1024pts - INFO - cfgs.max_epoch : 200
2022-08-16 12:07:04,618 - DGCNN_ModelNet40_1024pts - INFO - Distributed training: False
2022-08-16 12:07:04,618 - DGCNN_ModelNet40_1024pts - INFO - Set random seed to 0, deterministic: False
